INFO-FLOW: Workspace /nethome/mjung76/resnet_rpn_fpn/proj/solution1 opened at Sun Nov 05 18:19:32 EST 2023
Execute     send_msg_by_id INFO @200-1505@%s%s  vivado 
INFO: [HLS 200-1505] Using flow_target 'vivado'
Command   open_solution done; 0.12 sec.
Execute   set_part xc7z020clg400-1 
INFO: [HLS 200-1510] Running: set_part xc7z020clg400-1 
Execute     create_platform xc7z020clg400-1 -board  
DBG:HLSDevice: Trying to load device library: /tools/software/xilinx/Vitis_HLS/2023.1/lib/lnx64.o/libxv_hlsvwrap.so
DBG:HLSDevice: first parts/arch.xml in RDI_DATADIR: /tools/software/xilinx/Vivado/2023.1/data/parts/arch.xml
DBG:HLSDevice: init success
INFO: [HLS 200-1611] Setting target device to 'xc7z020-clg400-1'
Command     create_platform done; 17.03 sec.
Execute     source /tools/software/xilinx/Vitis_HLS/2023.1/common/technology/xilinx/common/xilinx.gen 
Execute       source /tools/software/xilinx/Vitis_HLS/2023.1/common/technology/xilinx/interface/plb46.gen 
Execute       source /tools/software/xilinx/Vitis_HLS/2023.1/common/technology/xilinx/interface/axi4.gen 
Execute       source /tools/software/xilinx/Vitis_HLS/2023.1/common/technology/xilinx/interface/nativeAXI4.gen 
Execute         source /tools/software/xilinx/Vitis_HLS/2023.1/common/technology/xilinx/interface/saxilite.gen 
Execute       source /tools/software/xilinx/Vitis_HLS/2023.1/common/technology/xilinx/scripts/xilinxcoregen.gen 
Execute       source /tools/software/xilinx/Vitis_HLS/2023.1/common/technology/xilinx/interface/XilEDKCoreGen.gen 
Execute       source /tools/software/xilinx/Vitis_HLS/2023.1/common/technology/xilinx/ip/dds_compiler.gen 
Execute       source /tools/software/xilinx/Vitis_HLS/2023.1/common/technology/xilinx/ip/util.gen 
Execute       source /tools/software/xilinx/Vitis_HLS/2023.1/common/technology/xilinx/ip/xfft.gen 
Execute       source /tools/software/xilinx/Vitis_HLS/2023.1/common/technology/xilinx/ip/xfir.gen 
Execute       source /tools/software/xilinx/Vitis_HLS/2023.1/common/technology/xilinx/DSP48/dsp48.gen 
Command     ap_source done; 0.16 sec.
Execute     ap_part_info -name xc7z020-clg400-1 -data info 
Execute     config_compile -quiet -complex-mul-dsp=0 
Command   set_part done; 17.24 sec.
Execute   create_clock -period 10 -name default 
INFO: [HLS 200-1510] Running: create_clock -period 10 -name default 
Execute     ap_set_clock -name default -period 10 -default=false 
INFO: [SYN 201-201] Setting up clock 'default' with a period of 10ns.
Execute   csynth_design 
INFO: [HLS 200-1510] Running: csynth_design 
INFO-FLOW: Running SLX 'csynth' proc: ::SLX::run_csynth
Execute     elaborate -effort=medium -skip_syncheck=0 -keep_printf=0 -skip_cdt=0 -skip_transform=0 -ng=0 -g=0 -opt_fp=0 -from_csynth_design=1 
INFO: [HLS 200-111] Finished File checks and directory preparation: CPU user time: 0.1 seconds. CPU system time: 0.02 seconds. Elapsed time: 0.12 seconds; current allocated memory: 1.483 GB.
Execute       set_directive_top resnet_top_1 -name=resnet_top_1 
Execute       source /tools/software/xilinx/Vitis_HLS/2023.1/tps/tcl/tcllib1.11.1/yaml/huddle.tcl 
Execute       source /tools/software/xilinx/Vitis_HLS/2023.1/tps/tcl/tcllib1.11.1/yaml/json2huddle.tcl 
Execute         source /tools/software/xilinx/Vitis_HLS/2023.1/tps/tcl/tcllib1.11.1/try/try.tcl 
INFO: [HLS 200-10] Analyzing design file './resnet_top1.cpp' ... 
INFO-FLOW: Compiling one TU...
INFO-FLOW: Handling ./resnet_top1.cpp as C++
Execute       ap_part_info -name xc7z020-clg400-1 -data info 
INFO-FLOW: Running: GCC PP 39
INFO-FLOW: Source preprocessing
INFO-FLOW: run_clang exec: /tools/software/xilinx/Vitis_HLS/2023.1/lnx64/tools/clang-3.9-csynth/bin/clang ./resnet_top1.cpp -foptimization-record-file=/nethome/mjung76/resnet_rpn_fpn/proj/solution1/.autopilot/db/resnet_top1.cpp.clang.diag.yml -mllvm -pass-remarks-missed=reflow|pasta|unroll -mllvm -pass-remarks=reflow|pasta|unroll|inline -fno-limit-debug-info -gcc-toolchain /tools/software/xilinx/Vitis_HLS/2023.1/tps/lnx64/gcc-8.3.0 -fhls -fno-exceptions -insert-hls-directive=/nethome/mjung76/resnet_rpn_fpn/proj/solution1/.autopilot/db/all.directive.json -E -fno-math-errno -c -emit-llvm -mllvm -disable-llvm-optzns -Werror=implicit-function-declaration -Werror=implicit-hls-streams -Werror=return-type -Wpragmas -Wunused-parameter -Wdump-hls-pragmas -Wno-error=dump-hls-pragmas -fno-threadsafe-statics -fno-use-cxa-atexit -std=gnu++14 -target fpga64-xilinx-linux-gnu -fno-threadsafe-statics -fno-use-cxa-atexit -D__VITIS_HLS__ -DAESL_SYN -D__SYNTHESIS__ -D__HLS_SYN__ -I /tools/software/xilinx/Vitis_HLS/2023.1/common/technology/autopilot -I /tools/software/xilinx/Vitis_HLS/2023.1/common/technology/autopilot/ap_sysc -include etc/autopilot_ssdm_op.h -D__DSP48E1__ -I /usr/include/x86_64-linux-gnu -o /nethome/mjung76/resnet_rpn_fpn/proj/solution1/.autopilot/db/resnet_top1.pp.0.cpp -hls-platform-db-name=/tools/software/xilinx/Vitis_HLS/2023.1/common/technology/xilinx/common/platform.db -hls-platform-name=zynq_slow -device-resource-info=BRAM_280.000000_DSP_220.000000_FF_106400.000000_LUT_53200.000000_SLICE_13300.000000_URAM_0.000000 -device-name-info=xc7z020clg400-1 > /nethome/mjung76/resnet_rpn_fpn/proj/solution1/.autopilot/db/resnet_top1.cpp.clang.out.log 2> /nethome/mjung76/resnet_rpn_fpn/proj/solution1/.autopilot/db/resnet_top1.cpp.clang.err.log
INFO-FLOW: Done: GCC PP 39 time: 0.8 seconds per iteration
INFO-FLOW: Source syntax check for synthesis
INFO-FLOW: run_clang exec: /tools/software/xilinx/Vitis_HLS/2023.1/lnx64/tools/clang-3.9-csynth/bin/clang -foptimization-record-file=/nethome/mjung76/resnet_rpn_fpn/proj/solution1/.autopilot/db/clang.diag.yml -mllvm -pass-remarks-missed=reflow|pasta|unroll -mllvm -pass-remarks=reflow|pasta|unroll|inline -fsyntax-only -fhls -target fpga64-xilinx-linux-gnu /nethome/mjung76/resnet_rpn_fpn/proj/solution1/.autopilot/db/resnet_top1.pp.0.cpp -hls-platform-db-name=/tools/software/xilinx/Vitis_HLS/2023.1/common/technology/xilinx/common/platform.db -hls-platform-name=zynq_slow -device-resource-info=BRAM_280.000000_DSP_220.000000_FF_106400.000000_LUT_53200.000000_SLICE_13300.000000_URAM_0.000000 -device-name-info=xc7z020clg400-1 > /nethome/mjung76/resnet_rpn_fpn/proj/solution1/.autopilot/db/clang.out.log 2> /nethome/mjung76/resnet_rpn_fpn/proj/solution1/.autopilot/db/clang.err.log
Execute       clang_tidy xilinx-systemc-detector -desc systemc-detector /nethome/mjung76/resnet_rpn_fpn/proj/solution1/.autopilot/db/resnet_top1.pp.0.cpp std=gnu++14 -target fpga  -directive=/nethome/mjung76/resnet_rpn_fpn/proj/solution1/.autopilot/db/.systemc_flag 
INFO-FLOW: exec /tools/software/xilinx/Vitis_HLS/2023.1/lnx64/tools/clang-3.9-csynth/bin/clang-tidy -header-filter=.* --checks=-*,xilinx-systemc-detector -import-directive=/nethome/mjung76/resnet_rpn_fpn/proj/solution1/.autopilot/db/.systemc_flag -fix-errors /nethome/mjung76/resnet_rpn_fpn/proj/solution1/.autopilot/db/resnet_top1.pp.0.cpp -- -std=gnu++14 -target fpga -fhls -ferror-limit=0
Command       clang_tidy done; 0.73 sec.
INFO-FLOW: Running: clang-tidy CDT preprocess 39
Execute       clang_tidy xilinx-directive2pragma -desc directive2pragma /nethome/mjung76/resnet_rpn_fpn/proj/solution1/.autopilot/db/resnet_top1.pp.0.cpp std=gnu++14 -target fpga  -directive=/nethome/mjung76/resnet_rpn_fpn/proj/solution1/.autopilot/db/all.directive.json 
INFO-FLOW: exec /tools/software/xilinx/Vitis_HLS/2023.1/lnx64/tools/clang-3.9-csynth/bin/clang-tidy -header-filter=.* --checks=-*,xilinx-directive2pragma -import-directive=/nethome/mjung76/resnet_rpn_fpn/proj/solution1/.autopilot/db/all.directive.json -fix-errors /nethome/mjung76/resnet_rpn_fpn/proj/solution1/.autopilot/db/resnet_top1.pp.0.cpp -- -std=gnu++14 -target fpga -fhls -ferror-limit=0
Command       clang_tidy done; 1.29 sec.
INFO-FLOW: Done: clang-tidy CDT preprocess 39 time: 1.3 seconds per iteration
INFO-FLOW: Calling xilinx-label-all-loops ... 
INFO-FLOW: Calling xilinx-aggregate-on-hls-vector ... 
Execute       clang_tidy -errorcheck -desc loop-label xilinx-label-all-loops,xilinx-aggregate-on-hls-vector,,xilinx-warn-mayneed-no-ctor-attribute /nethome/mjung76/resnet_rpn_fpn/proj/solution1/.autopilot/db/resnet_top1.pp.0.cpp std=gnu++14 -target fpga  
INFO-FLOW: run_clang exec: /tools/software/xilinx/Vitis_HLS/2023.1/lnx64/tools/clang-3.9-csynth/bin/clang-tidy -export-fixes=/nethome/mjung76/resnet_rpn_fpn/proj/solution1/.autopilot/db/resnet_top1.pp.0.cpp.clang-tidy.loop-label.diag.yml -header-filter=.* --checks=-*,xilinx-label-all-loops,xilinx-aggregate-on-hls-vector,,xilinx-warn-mayneed-no-ctor-attribute -fix-errors /nethome/mjung76/resnet_rpn_fpn/proj/solution1/.autopilot/db/resnet_top1.pp.0.cpp -- -std=gnu++14 -target fpga -fhls -ferror-limit=0 > /nethome/mjung76/resnet_rpn_fpn/proj/solution1/.autopilot/db/resnet_top1.pp.0.cpp.clang-tidy.loop-label.out.log 2> /nethome/mjung76/resnet_rpn_fpn/proj/solution1/.autopilot/db/resnet_top1.pp.0.cpp.clang-tidy.loop-label.err.log
Execute         source /tools/software/xilinx/Vitis_HLS/2023.1/tps/tcl/tcllib1.11.1/yaml/yaml.tcl 
Command       clang_tidy done; 2.6 sec.
INFO-FLOW: run_clang exec: /tools/software/xilinx/Vitis_HLS/2023.1/lnx64/tools/clang-3.9-csynth/bin/xilinx-dataflow-lawyer -export-fixes=/nethome/mjung76/resnet_rpn_fpn/proj/solution1/.autopilot/db/resnet_top1.pp.0.cpp.xilinx-dataflow-lawyer.diag.yml /nethome/mjung76/resnet_rpn_fpn/proj/solution1/.autopilot/db/resnet_top1.pp.0.cpp -- -std=gnu++14 -target fpga -fhls -ferror-limit=0 -fstrict-dataflow > /nethome/mjung76/resnet_rpn_fpn/proj/solution1/.autopilot/db/resnet_top1.pp.0.cpp.xilinx-dataflow-lawyer.out.log 2> /nethome/mjung76/resnet_rpn_fpn/proj/solution1/.autopilot/db/resnet_top1.pp.0.cpp.xilinx-dataflow-lawyer.err.log
Execute       ap_part_info -name xc7z020-clg400-1 -data info 
INFO-FLOW: compiling source code to llvm bc
INFO-FLOW: run_clang exec: /tools/software/xilinx/Vitis_HLS/2023.1/lnx64/tools/clang-3.9-csynth/bin/clang -foptimization-record-file=/nethome/mjung76/resnet_rpn_fpn/proj/solution1/.autopilot/db/resnet_top1.pp.0.cpp.clang.diag.yml -mllvm -pass-remarks-missed=reflow|pasta|unroll -mllvm -pass-remarks=reflow|pasta|unroll|inline -fno-limit-debug-info -fhls -flto -fno-exceptions -Wno-error=c++11-narrowing /nethome/mjung76/resnet_rpn_fpn/proj/solution1/.autopilot/db/resnet_top1.pp.0.cpp -fno-math-errno -c -emit-llvm -mllvm -disable-llvm-optzns -Werror=implicit-function-declaration -Werror=implicit-hls-streams -Werror=return-type -Wpragmas -Wunused-parameter -Wdump-hls-pragmas -Wno-error=dump-hls-pragmas -fno-threadsafe-statics -fno-use-cxa-atexit -std=gnu++14 -target fpga64-xilinx-linux-gnu -D__VITIS_HLS__ -DAESL_SYN -D__SYNTHESIS__ -D__HLS_SYN__ -I /tools/software/xilinx/Vitis_HLS/2023.1/common/technology/autopilot -I /tools/software/xilinx/Vitis_HLS/2023.1/common/technology/autopilot/ap_sysc -include etc/autopilot_ssdm_op.h -D__DSP48E1__ -g -o /nethome/mjung76/resnet_rpn_fpn/proj/solution1/.autopilot/db/resnet_top1.bc -hls-platform-db-name=/tools/software/xilinx/Vitis_HLS/2023.1/common/technology/xilinx/common/platform.db -hls-platform-name=zynq_slow -device-resource-info=BRAM_280.000000_DSP_220.000000_FF_106400.000000_LUT_53200.000000_SLICE_13300.000000_URAM_0.000000 -device-name-info=xc7z020clg400-1 > /nethome/mjung76/resnet_rpn_fpn/proj/solution1/.autopilot/db/resnet_top1.pp.0.cpp.clang.out.log 2> /nethome/mjung76/resnet_rpn_fpn/proj/solution1/.autopilot/db/resnet_top1.pp.0.cpp.clang.err.log
INFO: [HLS 200-10] Analyzing design file './resnet_conv_7x7.cpp' ... 
INFO-FLOW: Compiling one TU...
INFO-FLOW: Handling ./resnet_conv_7x7.cpp as C++
Execute       ap_part_info -name xc7z020-clg400-1 -data info 
INFO-FLOW: Running: GCC PP 39
INFO-FLOW: Source preprocessing
INFO-FLOW: run_clang exec: /tools/software/xilinx/Vitis_HLS/2023.1/lnx64/tools/clang-3.9-csynth/bin/clang ./resnet_conv_7x7.cpp -foptimization-record-file=/nethome/mjung76/resnet_rpn_fpn/proj/solution1/.autopilot/db/resnet_conv_7x7.cpp.clang.diag.yml -mllvm -pass-remarks-missed=reflow|pasta|unroll -mllvm -pass-remarks=reflow|pasta|unroll|inline -fno-limit-debug-info -gcc-toolchain /tools/software/xilinx/Vitis_HLS/2023.1/tps/lnx64/gcc-8.3.0 -fhls -fno-exceptions -insert-hls-directive=/nethome/mjung76/resnet_rpn_fpn/proj/solution1/.autopilot/db/all.directive.json -E -fno-math-errno -c -emit-llvm -mllvm -disable-llvm-optzns -Werror=implicit-function-declaration -Werror=implicit-hls-streams -Werror=return-type -Wpragmas -Wunused-parameter -Wdump-hls-pragmas -Wno-error=dump-hls-pragmas -fno-threadsafe-statics -fno-use-cxa-atexit -std=gnu++14 -target fpga64-xilinx-linux-gnu -fno-threadsafe-statics -fno-use-cxa-atexit -D__VITIS_HLS__ -DAESL_SYN -D__SYNTHESIS__ -D__HLS_SYN__ -I /tools/software/xilinx/Vitis_HLS/2023.1/common/technology/autopilot -I /tools/software/xilinx/Vitis_HLS/2023.1/common/technology/autopilot/ap_sysc -include etc/autopilot_ssdm_op.h -D__DSP48E1__ -I /usr/include/x86_64-linux-gnu -o /nethome/mjung76/resnet_rpn_fpn/proj/solution1/.autopilot/db/resnet_conv_7x7.pp.0.cpp -hls-platform-db-name=/tools/software/xilinx/Vitis_HLS/2023.1/common/technology/xilinx/common/platform.db -hls-platform-name=zynq_slow -device-resource-info=BRAM_280.000000_DSP_220.000000_FF_106400.000000_LUT_53200.000000_SLICE_13300.000000_URAM_0.000000 -device-name-info=xc7z020clg400-1 > /nethome/mjung76/resnet_rpn_fpn/proj/solution1/.autopilot/db/resnet_conv_7x7.cpp.clang.out.log 2> /nethome/mjung76/resnet_rpn_fpn/proj/solution1/.autopilot/db/resnet_conv_7x7.cpp.clang.err.log
INFO-FLOW: Done: GCC PP 39 time: 0.4 seconds per iteration
INFO-FLOW: Source syntax check for synthesis
INFO-FLOW: run_clang exec: /tools/software/xilinx/Vitis_HLS/2023.1/lnx64/tools/clang-3.9-csynth/bin/clang -foptimization-record-file=/nethome/mjung76/resnet_rpn_fpn/proj/solution1/.autopilot/db/clang.diag.yml -mllvm -pass-remarks-missed=reflow|pasta|unroll -mllvm -pass-remarks=reflow|pasta|unroll|inline -fsyntax-only -fhls -target fpga64-xilinx-linux-gnu /nethome/mjung76/resnet_rpn_fpn/proj/solution1/.autopilot/db/resnet_conv_7x7.pp.0.cpp -hls-platform-db-name=/tools/software/xilinx/Vitis_HLS/2023.1/common/technology/xilinx/common/platform.db -hls-platform-name=zynq_slow -device-resource-info=BRAM_280.000000_DSP_220.000000_FF_106400.000000_LUT_53200.000000_SLICE_13300.000000_URAM_0.000000 -device-name-info=xc7z020clg400-1 > /nethome/mjung76/resnet_rpn_fpn/proj/solution1/.autopilot/db/clang.out.log 2> /nethome/mjung76/resnet_rpn_fpn/proj/solution1/.autopilot/db/clang.err.log
Execute       clang_tidy xilinx-systemc-detector -desc systemc-detector /nethome/mjung76/resnet_rpn_fpn/proj/solution1/.autopilot/db/resnet_conv_7x7.pp.0.cpp std=gnu++14 -target fpga  -directive=/nethome/mjung76/resnet_rpn_fpn/proj/solution1/.autopilot/db/.systemc_flag 
INFO-FLOW: exec /tools/software/xilinx/Vitis_HLS/2023.1/lnx64/tools/clang-3.9-csynth/bin/clang-tidy -header-filter=.* --checks=-*,xilinx-systemc-detector -import-directive=/nethome/mjung76/resnet_rpn_fpn/proj/solution1/.autopilot/db/.systemc_flag -fix-errors /nethome/mjung76/resnet_rpn_fpn/proj/solution1/.autopilot/db/resnet_conv_7x7.pp.0.cpp -- -std=gnu++14 -target fpga -fhls -ferror-limit=0
Command       clang_tidy done; 0.72 sec.
INFO-FLOW: Running: clang-tidy CDT preprocess 39
Execute       clang_tidy xilinx-directive2pragma -desc directive2pragma /nethome/mjung76/resnet_rpn_fpn/proj/solution1/.autopilot/db/resnet_conv_7x7.pp.0.cpp std=gnu++14 -target fpga  -directive=/nethome/mjung76/resnet_rpn_fpn/proj/solution1/.autopilot/db/all.directive.json 
INFO-FLOW: exec /tools/software/xilinx/Vitis_HLS/2023.1/lnx64/tools/clang-3.9-csynth/bin/clang-tidy -header-filter=.* --checks=-*,xilinx-directive2pragma -import-directive=/nethome/mjung76/resnet_rpn_fpn/proj/solution1/.autopilot/db/all.directive.json -fix-errors /nethome/mjung76/resnet_rpn_fpn/proj/solution1/.autopilot/db/resnet_conv_7x7.pp.0.cpp -- -std=gnu++14 -target fpga -fhls -ferror-limit=0
Command       clang_tidy done; 0.73 sec.
INFO-FLOW: Done: clang-tidy CDT preprocess 39 time: 0.7 seconds per iteration
INFO-FLOW: Calling xilinx-label-all-loops ... 
INFO-FLOW: Calling xilinx-aggregate-on-hls-vector ... 
Execute       clang_tidy -errorcheck -desc loop-label xilinx-label-all-loops,xilinx-aggregate-on-hls-vector,,xilinx-warn-mayneed-no-ctor-attribute /nethome/mjung76/resnet_rpn_fpn/proj/solution1/.autopilot/db/resnet_conv_7x7.pp.0.cpp std=gnu++14 -target fpga  
INFO-FLOW: run_clang exec: /tools/software/xilinx/Vitis_HLS/2023.1/lnx64/tools/clang-3.9-csynth/bin/clang-tidy -export-fixes=/nethome/mjung76/resnet_rpn_fpn/proj/solution1/.autopilot/db/resnet_conv_7x7.pp.0.cpp.clang-tidy.loop-label.diag.yml -header-filter=.* --checks=-*,xilinx-label-all-loops,xilinx-aggregate-on-hls-vector,,xilinx-warn-mayneed-no-ctor-attribute -fix-errors /nethome/mjung76/resnet_rpn_fpn/proj/solution1/.autopilot/db/resnet_conv_7x7.pp.0.cpp -- -std=gnu++14 -target fpga -fhls -ferror-limit=0 > /nethome/mjung76/resnet_rpn_fpn/proj/solution1/.autopilot/db/resnet_conv_7x7.pp.0.cpp.clang-tidy.loop-label.out.log 2> /nethome/mjung76/resnet_rpn_fpn/proj/solution1/.autopilot/db/resnet_conv_7x7.pp.0.cpp.clang-tidy.loop-label.err.log
Command       clang_tidy done; 1.56 sec.
INFO-FLOW: run_clang exec: /tools/software/xilinx/Vitis_HLS/2023.1/lnx64/tools/clang-3.9-csynth/bin/xilinx-dataflow-lawyer -export-fixes=/nethome/mjung76/resnet_rpn_fpn/proj/solution1/.autopilot/db/resnet_conv_7x7.pp.0.cpp.xilinx-dataflow-lawyer.diag.yml /nethome/mjung76/resnet_rpn_fpn/proj/solution1/.autopilot/db/resnet_conv_7x7.pp.0.cpp -- -std=gnu++14 -target fpga -fhls -ferror-limit=0 -fstrict-dataflow > /nethome/mjung76/resnet_rpn_fpn/proj/solution1/.autopilot/db/resnet_conv_7x7.pp.0.cpp.xilinx-dataflow-lawyer.out.log 2> /nethome/mjung76/resnet_rpn_fpn/proj/solution1/.autopilot/db/resnet_conv_7x7.pp.0.cpp.xilinx-dataflow-lawyer.err.log
Execute       ap_part_info -name xc7z020-clg400-1 -data info 
INFO-FLOW: compiling source code to llvm bc
INFO-FLOW: run_clang exec: /tools/software/xilinx/Vitis_HLS/2023.1/lnx64/tools/clang-3.9-csynth/bin/clang -foptimization-record-file=/nethome/mjung76/resnet_rpn_fpn/proj/solution1/.autopilot/db/resnet_conv_7x7.pp.0.cpp.clang.diag.yml -mllvm -pass-remarks-missed=reflow|pasta|unroll -mllvm -pass-remarks=reflow|pasta|unroll|inline -fno-limit-debug-info -fhls -flto -fno-exceptions -Wno-error=c++11-narrowing /nethome/mjung76/resnet_rpn_fpn/proj/solution1/.autopilot/db/resnet_conv_7x7.pp.0.cpp -fno-math-errno -c -emit-llvm -mllvm -disable-llvm-optzns -Werror=implicit-function-declaration -Werror=implicit-hls-streams -Werror=return-type -Wpragmas -Wunused-parameter -Wdump-hls-pragmas -Wno-error=dump-hls-pragmas -fno-threadsafe-statics -fno-use-cxa-atexit -std=gnu++14 -target fpga64-xilinx-linux-gnu -D__VITIS_HLS__ -DAESL_SYN -D__SYNTHESIS__ -D__HLS_SYN__ -I /tools/software/xilinx/Vitis_HLS/2023.1/common/technology/autopilot -I /tools/software/xilinx/Vitis_HLS/2023.1/common/technology/autopilot/ap_sysc -include etc/autopilot_ssdm_op.h -D__DSP48E1__ -g -o /nethome/mjung76/resnet_rpn_fpn/proj/solution1/.autopilot/db/resnet_conv_7x7.bc -hls-platform-db-name=/tools/software/xilinx/Vitis_HLS/2023.1/common/technology/xilinx/common/platform.db -hls-platform-name=zynq_slow -device-resource-info=BRAM_280.000000_DSP_220.000000_FF_106400.000000_LUT_53200.000000_SLICE_13300.000000_URAM_0.000000 -device-name-info=xc7z020clg400-1 > /nethome/mjung76/resnet_rpn_fpn/proj/solution1/.autopilot/db/resnet_conv_7x7.pp.0.cpp.clang.out.log 2> /nethome/mjung76/resnet_rpn_fpn/proj/solution1/.autopilot/db/resnet_conv_7x7.pp.0.cpp.clang.err.log
INFO: [HLS 200-10] Analyzing design file './resnet_conv_3x3.cpp' ... 
INFO-FLOW: Compiling one TU...
INFO-FLOW: Handling ./resnet_conv_3x3.cpp as C++
Execute       ap_part_info -name xc7z020-clg400-1 -data info 
INFO-FLOW: Running: GCC PP 39
INFO-FLOW: Source preprocessing
INFO-FLOW: run_clang exec: /tools/software/xilinx/Vitis_HLS/2023.1/lnx64/tools/clang-3.9-csynth/bin/clang ./resnet_conv_3x3.cpp -foptimization-record-file=/nethome/mjung76/resnet_rpn_fpn/proj/solution1/.autopilot/db/resnet_conv_3x3.cpp.clang.diag.yml -mllvm -pass-remarks-missed=reflow|pasta|unroll -mllvm -pass-remarks=reflow|pasta|unroll|inline -fno-limit-debug-info -gcc-toolchain /tools/software/xilinx/Vitis_HLS/2023.1/tps/lnx64/gcc-8.3.0 -fhls -fno-exceptions -insert-hls-directive=/nethome/mjung76/resnet_rpn_fpn/proj/solution1/.autopilot/db/all.directive.json -E -fno-math-errno -c -emit-llvm -mllvm -disable-llvm-optzns -Werror=implicit-function-declaration -Werror=implicit-hls-streams -Werror=return-type -Wpragmas -Wunused-parameter -Wdump-hls-pragmas -Wno-error=dump-hls-pragmas -fno-threadsafe-statics -fno-use-cxa-atexit -std=gnu++14 -target fpga64-xilinx-linux-gnu -fno-threadsafe-statics -fno-use-cxa-atexit -D__VITIS_HLS__ -DAESL_SYN -D__SYNTHESIS__ -D__HLS_SYN__ -I /tools/software/xilinx/Vitis_HLS/2023.1/common/technology/autopilot -I /tools/software/xilinx/Vitis_HLS/2023.1/common/technology/autopilot/ap_sysc -include etc/autopilot_ssdm_op.h -D__DSP48E1__ -I /usr/include/x86_64-linux-gnu -o /nethome/mjung76/resnet_rpn_fpn/proj/solution1/.autopilot/db/resnet_conv_3x3.pp.0.cpp -hls-platform-db-name=/tools/software/xilinx/Vitis_HLS/2023.1/common/technology/xilinx/common/platform.db -hls-platform-name=zynq_slow -device-resource-info=BRAM_280.000000_DSP_220.000000_FF_106400.000000_LUT_53200.000000_SLICE_13300.000000_URAM_0.000000 -device-name-info=xc7z020clg400-1 > /nethome/mjung76/resnet_rpn_fpn/proj/solution1/.autopilot/db/resnet_conv_3x3.cpp.clang.out.log 2> /nethome/mjung76/resnet_rpn_fpn/proj/solution1/.autopilot/db/resnet_conv_3x3.cpp.clang.err.log
INFO-FLOW: Done: GCC PP 39 time: 0.4 seconds per iteration
INFO-FLOW: Source syntax check for synthesis
INFO-FLOW: run_clang exec: /tools/software/xilinx/Vitis_HLS/2023.1/lnx64/tools/clang-3.9-csynth/bin/clang -foptimization-record-file=/nethome/mjung76/resnet_rpn_fpn/proj/solution1/.autopilot/db/clang.diag.yml -mllvm -pass-remarks-missed=reflow|pasta|unroll -mllvm -pass-remarks=reflow|pasta|unroll|inline -fsyntax-only -fhls -target fpga64-xilinx-linux-gnu /nethome/mjung76/resnet_rpn_fpn/proj/solution1/.autopilot/db/resnet_conv_3x3.pp.0.cpp -hls-platform-db-name=/tools/software/xilinx/Vitis_HLS/2023.1/common/technology/xilinx/common/platform.db -hls-platform-name=zynq_slow -device-resource-info=BRAM_280.000000_DSP_220.000000_FF_106400.000000_LUT_53200.000000_SLICE_13300.000000_URAM_0.000000 -device-name-info=xc7z020clg400-1 > /nethome/mjung76/resnet_rpn_fpn/proj/solution1/.autopilot/db/clang.out.log 2> /nethome/mjung76/resnet_rpn_fpn/proj/solution1/.autopilot/db/clang.err.log
Execute       clang_tidy xilinx-systemc-detector -desc systemc-detector /nethome/mjung76/resnet_rpn_fpn/proj/solution1/.autopilot/db/resnet_conv_3x3.pp.0.cpp std=gnu++14 -target fpga  -directive=/nethome/mjung76/resnet_rpn_fpn/proj/solution1/.autopilot/db/.systemc_flag 
INFO-FLOW: exec /tools/software/xilinx/Vitis_HLS/2023.1/lnx64/tools/clang-3.9-csynth/bin/clang-tidy -header-filter=.* --checks=-*,xilinx-systemc-detector -import-directive=/nethome/mjung76/resnet_rpn_fpn/proj/solution1/.autopilot/db/.systemc_flag -fix-errors /nethome/mjung76/resnet_rpn_fpn/proj/solution1/.autopilot/db/resnet_conv_3x3.pp.0.cpp -- -std=gnu++14 -target fpga -fhls -ferror-limit=0
Command       clang_tidy done; 0.81 sec.
INFO-FLOW: Running: clang-tidy CDT preprocess 39
Execute       clang_tidy xilinx-directive2pragma -desc directive2pragma /nethome/mjung76/resnet_rpn_fpn/proj/solution1/.autopilot/db/resnet_conv_3x3.pp.0.cpp std=gnu++14 -target fpga  -directive=/nethome/mjung76/resnet_rpn_fpn/proj/solution1/.autopilot/db/all.directive.json 
INFO-FLOW: exec /tools/software/xilinx/Vitis_HLS/2023.1/lnx64/tools/clang-3.9-csynth/bin/clang-tidy -header-filter=.* --checks=-*,xilinx-directive2pragma -import-directive=/nethome/mjung76/resnet_rpn_fpn/proj/solution1/.autopilot/db/all.directive.json -fix-errors /nethome/mjung76/resnet_rpn_fpn/proj/solution1/.autopilot/db/resnet_conv_3x3.pp.0.cpp -- -std=gnu++14 -target fpga -fhls -ferror-limit=0
Command       clang_tidy done; 0.73 sec.
INFO-FLOW: Done: clang-tidy CDT preprocess 39 time: 0.7 seconds per iteration
INFO-FLOW: Calling xilinx-label-all-loops ... 
INFO-FLOW: Calling xilinx-aggregate-on-hls-vector ... 
Execute       clang_tidy -errorcheck -desc loop-label xilinx-label-all-loops,xilinx-aggregate-on-hls-vector,,xilinx-warn-mayneed-no-ctor-attribute /nethome/mjung76/resnet_rpn_fpn/proj/solution1/.autopilot/db/resnet_conv_3x3.pp.0.cpp std=gnu++14 -target fpga  
INFO-FLOW: run_clang exec: /tools/software/xilinx/Vitis_HLS/2023.1/lnx64/tools/clang-3.9-csynth/bin/clang-tidy -export-fixes=/nethome/mjung76/resnet_rpn_fpn/proj/solution1/.autopilot/db/resnet_conv_3x3.pp.0.cpp.clang-tidy.loop-label.diag.yml -header-filter=.* --checks=-*,xilinx-label-all-loops,xilinx-aggregate-on-hls-vector,,xilinx-warn-mayneed-no-ctor-attribute -fix-errors /nethome/mjung76/resnet_rpn_fpn/proj/solution1/.autopilot/db/resnet_conv_3x3.pp.0.cpp -- -std=gnu++14 -target fpga -fhls -ferror-limit=0 > /nethome/mjung76/resnet_rpn_fpn/proj/solution1/.autopilot/db/resnet_conv_3x3.pp.0.cpp.clang-tidy.loop-label.out.log 2> /nethome/mjung76/resnet_rpn_fpn/proj/solution1/.autopilot/db/resnet_conv_3x3.pp.0.cpp.clang-tidy.loop-label.err.log
Command       clang_tidy done; 1.58 sec.
INFO-FLOW: run_clang exec: /tools/software/xilinx/Vitis_HLS/2023.1/lnx64/tools/clang-3.9-csynth/bin/xilinx-dataflow-lawyer -export-fixes=/nethome/mjung76/resnet_rpn_fpn/proj/solution1/.autopilot/db/resnet_conv_3x3.pp.0.cpp.xilinx-dataflow-lawyer.diag.yml /nethome/mjung76/resnet_rpn_fpn/proj/solution1/.autopilot/db/resnet_conv_3x3.pp.0.cpp -- -std=gnu++14 -target fpga -fhls -ferror-limit=0 -fstrict-dataflow > /nethome/mjung76/resnet_rpn_fpn/proj/solution1/.autopilot/db/resnet_conv_3x3.pp.0.cpp.xilinx-dataflow-lawyer.out.log 2> /nethome/mjung76/resnet_rpn_fpn/proj/solution1/.autopilot/db/resnet_conv_3x3.pp.0.cpp.xilinx-dataflow-lawyer.err.log
Execute       ap_part_info -name xc7z020-clg400-1 -data info 
INFO-FLOW: compiling source code to llvm bc
INFO-FLOW: run_clang exec: /tools/software/xilinx/Vitis_HLS/2023.1/lnx64/tools/clang-3.9-csynth/bin/clang -foptimization-record-file=/nethome/mjung76/resnet_rpn_fpn/proj/solution1/.autopilot/db/resnet_conv_3x3.pp.0.cpp.clang.diag.yml -mllvm -pass-remarks-missed=reflow|pasta|unroll -mllvm -pass-remarks=reflow|pasta|unroll|inline -fno-limit-debug-info -fhls -flto -fno-exceptions -Wno-error=c++11-narrowing /nethome/mjung76/resnet_rpn_fpn/proj/solution1/.autopilot/db/resnet_conv_3x3.pp.0.cpp -fno-math-errno -c -emit-llvm -mllvm -disable-llvm-optzns -Werror=implicit-function-declaration -Werror=implicit-hls-streams -Werror=return-type -Wpragmas -Wunused-parameter -Wdump-hls-pragmas -Wno-error=dump-hls-pragmas -fno-threadsafe-statics -fno-use-cxa-atexit -std=gnu++14 -target fpga64-xilinx-linux-gnu -D__VITIS_HLS__ -DAESL_SYN -D__SYNTHESIS__ -D__HLS_SYN__ -I /tools/software/xilinx/Vitis_HLS/2023.1/common/technology/autopilot -I /tools/software/xilinx/Vitis_HLS/2023.1/common/technology/autopilot/ap_sysc -include etc/autopilot_ssdm_op.h -D__DSP48E1__ -g -o /nethome/mjung76/resnet_rpn_fpn/proj/solution1/.autopilot/db/resnet_conv_3x3.bc -hls-platform-db-name=/tools/software/xilinx/Vitis_HLS/2023.1/common/technology/xilinx/common/platform.db -hls-platform-name=zynq_slow -device-resource-info=BRAM_280.000000_DSP_220.000000_FF_106400.000000_LUT_53200.000000_SLICE_13300.000000_URAM_0.000000 -device-name-info=xc7z020clg400-1 > /nethome/mjung76/resnet_rpn_fpn/proj/solution1/.autopilot/db/resnet_conv_3x3.pp.0.cpp.clang.out.log 2> /nethome/mjung76/resnet_rpn_fpn/proj/solution1/.autopilot/db/resnet_conv_3x3.pp.0.cpp.clang.err.log
WARNING: [HLS 207-5292] unused parameter 'f' (./resnet_conv_3x3.cpp:8:13)
INFO: [HLS 200-10] Analyzing design file './resnet_conv_1x1.cpp' ... 
INFO-FLOW: Compiling one TU...
INFO-FLOW: Handling ./resnet_conv_1x1.cpp as C++
Execute       ap_part_info -name xc7z020-clg400-1 -data info 
INFO-FLOW: Running: GCC PP 39
INFO-FLOW: Source preprocessing
INFO-FLOW: run_clang exec: /tools/software/xilinx/Vitis_HLS/2023.1/lnx64/tools/clang-3.9-csynth/bin/clang ./resnet_conv_1x1.cpp -foptimization-record-file=/nethome/mjung76/resnet_rpn_fpn/proj/solution1/.autopilot/db/resnet_conv_1x1.cpp.clang.diag.yml -mllvm -pass-remarks-missed=reflow|pasta|unroll -mllvm -pass-remarks=reflow|pasta|unroll|inline -fno-limit-debug-info -gcc-toolchain /tools/software/xilinx/Vitis_HLS/2023.1/tps/lnx64/gcc-8.3.0 -fhls -fno-exceptions -insert-hls-directive=/nethome/mjung76/resnet_rpn_fpn/proj/solution1/.autopilot/db/all.directive.json -E -fno-math-errno -c -emit-llvm -mllvm -disable-llvm-optzns -Werror=implicit-function-declaration -Werror=implicit-hls-streams -Werror=return-type -Wpragmas -Wunused-parameter -Wdump-hls-pragmas -Wno-error=dump-hls-pragmas -fno-threadsafe-statics -fno-use-cxa-atexit -std=gnu++14 -target fpga64-xilinx-linux-gnu -fno-threadsafe-statics -fno-use-cxa-atexit -D__VITIS_HLS__ -DAESL_SYN -D__SYNTHESIS__ -D__HLS_SYN__ -I /tools/software/xilinx/Vitis_HLS/2023.1/common/technology/autopilot -I /tools/software/xilinx/Vitis_HLS/2023.1/common/technology/autopilot/ap_sysc -include etc/autopilot_ssdm_op.h -D__DSP48E1__ -I /usr/include/x86_64-linux-gnu -o /nethome/mjung76/resnet_rpn_fpn/proj/solution1/.autopilot/db/resnet_conv_1x1.pp.0.cpp -hls-platform-db-name=/tools/software/xilinx/Vitis_HLS/2023.1/common/technology/xilinx/common/platform.db -hls-platform-name=zynq_slow -device-resource-info=BRAM_280.000000_DSP_220.000000_FF_106400.000000_LUT_53200.000000_SLICE_13300.000000_URAM_0.000000 -device-name-info=xc7z020clg400-1 > /nethome/mjung76/resnet_rpn_fpn/proj/solution1/.autopilot/db/resnet_conv_1x1.cpp.clang.out.log 2> /nethome/mjung76/resnet_rpn_fpn/proj/solution1/.autopilot/db/resnet_conv_1x1.cpp.clang.err.log
INFO-FLOW: Done: GCC PP 39 time: 0.4 seconds per iteration
INFO-FLOW: Source syntax check for synthesis
INFO-FLOW: run_clang exec: /tools/software/xilinx/Vitis_HLS/2023.1/lnx64/tools/clang-3.9-csynth/bin/clang -foptimization-record-file=/nethome/mjung76/resnet_rpn_fpn/proj/solution1/.autopilot/db/clang.diag.yml -mllvm -pass-remarks-missed=reflow|pasta|unroll -mllvm -pass-remarks=reflow|pasta|unroll|inline -fsyntax-only -fhls -target fpga64-xilinx-linux-gnu /nethome/mjung76/resnet_rpn_fpn/proj/solution1/.autopilot/db/resnet_conv_1x1.pp.0.cpp -hls-platform-db-name=/tools/software/xilinx/Vitis_HLS/2023.1/common/technology/xilinx/common/platform.db -hls-platform-name=zynq_slow -device-resource-info=BRAM_280.000000_DSP_220.000000_FF_106400.000000_LUT_53200.000000_SLICE_13300.000000_URAM_0.000000 -device-name-info=xc7z020clg400-1 > /nethome/mjung76/resnet_rpn_fpn/proj/solution1/.autopilot/db/clang.out.log 2> /nethome/mjung76/resnet_rpn_fpn/proj/solution1/.autopilot/db/clang.err.log
Execute       clang_tidy xilinx-systemc-detector -desc systemc-detector /nethome/mjung76/resnet_rpn_fpn/proj/solution1/.autopilot/db/resnet_conv_1x1.pp.0.cpp std=gnu++14 -target fpga  -directive=/nethome/mjung76/resnet_rpn_fpn/proj/solution1/.autopilot/db/.systemc_flag 
INFO-FLOW: exec /tools/software/xilinx/Vitis_HLS/2023.1/lnx64/tools/clang-3.9-csynth/bin/clang-tidy -header-filter=.* --checks=-*,xilinx-systemc-detector -import-directive=/nethome/mjung76/resnet_rpn_fpn/proj/solution1/.autopilot/db/.systemc_flag -fix-errors /nethome/mjung76/resnet_rpn_fpn/proj/solution1/.autopilot/db/resnet_conv_1x1.pp.0.cpp -- -std=gnu++14 -target fpga -fhls -ferror-limit=0
Command       clang_tidy done; 0.8 sec.
INFO-FLOW: Running: clang-tidy CDT preprocess 39
Execute       clang_tidy xilinx-directive2pragma -desc directive2pragma /nethome/mjung76/resnet_rpn_fpn/proj/solution1/.autopilot/db/resnet_conv_1x1.pp.0.cpp std=gnu++14 -target fpga  -directive=/nethome/mjung76/resnet_rpn_fpn/proj/solution1/.autopilot/db/all.directive.json 
INFO-FLOW: exec /tools/software/xilinx/Vitis_HLS/2023.1/lnx64/tools/clang-3.9-csynth/bin/clang-tidy -header-filter=.* --checks=-*,xilinx-directive2pragma -import-directive=/nethome/mjung76/resnet_rpn_fpn/proj/solution1/.autopilot/db/all.directive.json -fix-errors /nethome/mjung76/resnet_rpn_fpn/proj/solution1/.autopilot/db/resnet_conv_1x1.pp.0.cpp -- -std=gnu++14 -target fpga -fhls -ferror-limit=0
Command       clang_tidy done; 0.76 sec.
INFO-FLOW: Done: clang-tidy CDT preprocess 39 time: 0.8 seconds per iteration
INFO-FLOW: Calling xilinx-label-all-loops ... 
INFO-FLOW: Calling xilinx-aggregate-on-hls-vector ... 
Execute       clang_tidy -errorcheck -desc loop-label xilinx-label-all-loops,xilinx-aggregate-on-hls-vector,,xilinx-warn-mayneed-no-ctor-attribute /nethome/mjung76/resnet_rpn_fpn/proj/solution1/.autopilot/db/resnet_conv_1x1.pp.0.cpp std=gnu++14 -target fpga  
INFO-FLOW: run_clang exec: /tools/software/xilinx/Vitis_HLS/2023.1/lnx64/tools/clang-3.9-csynth/bin/clang-tidy -export-fixes=/nethome/mjung76/resnet_rpn_fpn/proj/solution1/.autopilot/db/resnet_conv_1x1.pp.0.cpp.clang-tidy.loop-label.diag.yml -header-filter=.* --checks=-*,xilinx-label-all-loops,xilinx-aggregate-on-hls-vector,,xilinx-warn-mayneed-no-ctor-attribute -fix-errors /nethome/mjung76/resnet_rpn_fpn/proj/solution1/.autopilot/db/resnet_conv_1x1.pp.0.cpp -- -std=gnu++14 -target fpga -fhls -ferror-limit=0 > /nethome/mjung76/resnet_rpn_fpn/proj/solution1/.autopilot/db/resnet_conv_1x1.pp.0.cpp.clang-tidy.loop-label.out.log 2> /nethome/mjung76/resnet_rpn_fpn/proj/solution1/.autopilot/db/resnet_conv_1x1.pp.0.cpp.clang-tidy.loop-label.err.log
Command       clang_tidy done; 1.81 sec.
INFO-FLOW: run_clang exec: /tools/software/xilinx/Vitis_HLS/2023.1/lnx64/tools/clang-3.9-csynth/bin/xilinx-dataflow-lawyer -export-fixes=/nethome/mjung76/resnet_rpn_fpn/proj/solution1/.autopilot/db/resnet_conv_1x1.pp.0.cpp.xilinx-dataflow-lawyer.diag.yml /nethome/mjung76/resnet_rpn_fpn/proj/solution1/.autopilot/db/resnet_conv_1x1.pp.0.cpp -- -std=gnu++14 -target fpga -fhls -ferror-limit=0 -fstrict-dataflow > /nethome/mjung76/resnet_rpn_fpn/proj/solution1/.autopilot/db/resnet_conv_1x1.pp.0.cpp.xilinx-dataflow-lawyer.out.log 2> /nethome/mjung76/resnet_rpn_fpn/proj/solution1/.autopilot/db/resnet_conv_1x1.pp.0.cpp.xilinx-dataflow-lawyer.err.log
Execute       ap_part_info -name xc7z020-clg400-1 -data info 
INFO-FLOW: compiling source code to llvm bc
INFO-FLOW: run_clang exec: /tools/software/xilinx/Vitis_HLS/2023.1/lnx64/tools/clang-3.9-csynth/bin/clang -foptimization-record-file=/nethome/mjung76/resnet_rpn_fpn/proj/solution1/.autopilot/db/resnet_conv_1x1.pp.0.cpp.clang.diag.yml -mllvm -pass-remarks-missed=reflow|pasta|unroll -mllvm -pass-remarks=reflow|pasta|unroll|inline -fno-limit-debug-info -fhls -flto -fno-exceptions -Wno-error=c++11-narrowing /nethome/mjung76/resnet_rpn_fpn/proj/solution1/.autopilot/db/resnet_conv_1x1.pp.0.cpp -fno-math-errno -c -emit-llvm -mllvm -disable-llvm-optzns -Werror=implicit-function-declaration -Werror=implicit-hls-streams -Werror=return-type -Wpragmas -Wunused-parameter -Wdump-hls-pragmas -Wno-error=dump-hls-pragmas -fno-threadsafe-statics -fno-use-cxa-atexit -std=gnu++14 -target fpga64-xilinx-linux-gnu -D__VITIS_HLS__ -DAESL_SYN -D__SYNTHESIS__ -D__HLS_SYN__ -I /tools/software/xilinx/Vitis_HLS/2023.1/common/technology/autopilot -I /tools/software/xilinx/Vitis_HLS/2023.1/common/technology/autopilot/ap_sysc -include etc/autopilot_ssdm_op.h -D__DSP48E1__ -g -o /nethome/mjung76/resnet_rpn_fpn/proj/solution1/.autopilot/db/resnet_conv_1x1.bc -hls-platform-db-name=/tools/software/xilinx/Vitis_HLS/2023.1/common/technology/xilinx/common/platform.db -hls-platform-name=zynq_slow -device-resource-info=BRAM_280.000000_DSP_220.000000_FF_106400.000000_LUT_53200.000000_SLICE_13300.000000_URAM_0.000000 -device-name-info=xc7z020clg400-1 > /nethome/mjung76/resnet_rpn_fpn/proj/solution1/.autopilot/db/resnet_conv_1x1.pp.0.cpp.clang.out.log 2> /nethome/mjung76/resnet_rpn_fpn/proj/solution1/.autopilot/db/resnet_conv_1x1.pp.0.cpp.clang.err.log
INFO: [HLS 200-10] Analyzing design file './resnet_batchnorm.cpp' ... 
INFO-FLOW: Compiling one TU...
INFO-FLOW: Handling ./resnet_batchnorm.cpp as C++
Execute       ap_part_info -name xc7z020-clg400-1 -data info 
INFO-FLOW: Running: GCC PP 39
INFO-FLOW: Source preprocessing
INFO-FLOW: run_clang exec: /tools/software/xilinx/Vitis_HLS/2023.1/lnx64/tools/clang-3.9-csynth/bin/clang ./resnet_batchnorm.cpp -foptimization-record-file=/nethome/mjung76/resnet_rpn_fpn/proj/solution1/.autopilot/db/resnet_batchnorm.cpp.clang.diag.yml -mllvm -pass-remarks-missed=reflow|pasta|unroll -mllvm -pass-remarks=reflow|pasta|unroll|inline -fno-limit-debug-info -gcc-toolchain /tools/software/xilinx/Vitis_HLS/2023.1/tps/lnx64/gcc-8.3.0 -fhls -fno-exceptions -insert-hls-directive=/nethome/mjung76/resnet_rpn_fpn/proj/solution1/.autopilot/db/all.directive.json -E -fno-math-errno -c -emit-llvm -mllvm -disable-llvm-optzns -Werror=implicit-function-declaration -Werror=implicit-hls-streams -Werror=return-type -Wpragmas -Wunused-parameter -Wdump-hls-pragmas -Wno-error=dump-hls-pragmas -fno-threadsafe-statics -fno-use-cxa-atexit -std=gnu++14 -target fpga64-xilinx-linux-gnu -fno-threadsafe-statics -fno-use-cxa-atexit -D__VITIS_HLS__ -DAESL_SYN -D__SYNTHESIS__ -D__HLS_SYN__ -I /tools/software/xilinx/Vitis_HLS/2023.1/common/technology/autopilot -I /tools/software/xilinx/Vitis_HLS/2023.1/common/technology/autopilot/ap_sysc -include etc/autopilot_ssdm_op.h -D__DSP48E1__ -I /usr/include/x86_64-linux-gnu -o /nethome/mjung76/resnet_rpn_fpn/proj/solution1/.autopilot/db/resnet_batchnorm.pp.0.cpp -hls-platform-db-name=/tools/software/xilinx/Vitis_HLS/2023.1/common/technology/xilinx/common/platform.db -hls-platform-name=zynq_slow -device-resource-info=BRAM_280.000000_DSP_220.000000_FF_106400.000000_LUT_53200.000000_SLICE_13300.000000_URAM_0.000000 -device-name-info=xc7z020clg400-1 > /nethome/mjung76/resnet_rpn_fpn/proj/solution1/.autopilot/db/resnet_batchnorm.cpp.clang.out.log 2> /nethome/mjung76/resnet_rpn_fpn/proj/solution1/.autopilot/db/resnet_batchnorm.cpp.clang.err.log
INFO-FLOW: Done: GCC PP 39 time: 0.4 seconds per iteration
INFO-FLOW: Source syntax check for synthesis
INFO-FLOW: run_clang exec: /tools/software/xilinx/Vitis_HLS/2023.1/lnx64/tools/clang-3.9-csynth/bin/clang -foptimization-record-file=/nethome/mjung76/resnet_rpn_fpn/proj/solution1/.autopilot/db/clang.diag.yml -mllvm -pass-remarks-missed=reflow|pasta|unroll -mllvm -pass-remarks=reflow|pasta|unroll|inline -fsyntax-only -fhls -target fpga64-xilinx-linux-gnu /nethome/mjung76/resnet_rpn_fpn/proj/solution1/.autopilot/db/resnet_batchnorm.pp.0.cpp -hls-platform-db-name=/tools/software/xilinx/Vitis_HLS/2023.1/common/technology/xilinx/common/platform.db -hls-platform-name=zynq_slow -device-resource-info=BRAM_280.000000_DSP_220.000000_FF_106400.000000_LUT_53200.000000_SLICE_13300.000000_URAM_0.000000 -device-name-info=xc7z020clg400-1 > /nethome/mjung76/resnet_rpn_fpn/proj/solution1/.autopilot/db/clang.out.log 2> /nethome/mjung76/resnet_rpn_fpn/proj/solution1/.autopilot/db/clang.err.log
Execute       clang_tidy xilinx-systemc-detector -desc systemc-detector /nethome/mjung76/resnet_rpn_fpn/proj/solution1/.autopilot/db/resnet_batchnorm.pp.0.cpp std=gnu++14 -target fpga  -directive=/nethome/mjung76/resnet_rpn_fpn/proj/solution1/.autopilot/db/.systemc_flag 
INFO-FLOW: exec /tools/software/xilinx/Vitis_HLS/2023.1/lnx64/tools/clang-3.9-csynth/bin/clang-tidy -header-filter=.* --checks=-*,xilinx-systemc-detector -import-directive=/nethome/mjung76/resnet_rpn_fpn/proj/solution1/.autopilot/db/.systemc_flag -fix-errors /nethome/mjung76/resnet_rpn_fpn/proj/solution1/.autopilot/db/resnet_batchnorm.pp.0.cpp -- -std=gnu++14 -target fpga -fhls -ferror-limit=0
Command       clang_tidy done; 0.77 sec.
INFO-FLOW: Running: clang-tidy CDT preprocess 39
Execute       clang_tidy xilinx-directive2pragma -desc directive2pragma /nethome/mjung76/resnet_rpn_fpn/proj/solution1/.autopilot/db/resnet_batchnorm.pp.0.cpp std=gnu++14 -target fpga  -directive=/nethome/mjung76/resnet_rpn_fpn/proj/solution1/.autopilot/db/all.directive.json 
INFO-FLOW: exec /tools/software/xilinx/Vitis_HLS/2023.1/lnx64/tools/clang-3.9-csynth/bin/clang-tidy -header-filter=.* --checks=-*,xilinx-directive2pragma -import-directive=/nethome/mjung76/resnet_rpn_fpn/proj/solution1/.autopilot/db/all.directive.json -fix-errors /nethome/mjung76/resnet_rpn_fpn/proj/solution1/.autopilot/db/resnet_batchnorm.pp.0.cpp -- -std=gnu++14 -target fpga -fhls -ferror-limit=0
Command       clang_tidy done; 0.75 sec.
INFO-FLOW: Done: clang-tidy CDT preprocess 39 time: 0.7 seconds per iteration
INFO-FLOW: Calling xilinx-label-all-loops ... 
INFO-FLOW: Calling xilinx-aggregate-on-hls-vector ... 
Execute       clang_tidy -errorcheck -desc loop-label xilinx-label-all-loops,xilinx-aggregate-on-hls-vector,,xilinx-warn-mayneed-no-ctor-attribute /nethome/mjung76/resnet_rpn_fpn/proj/solution1/.autopilot/db/resnet_batchnorm.pp.0.cpp std=gnu++14 -target fpga  
INFO-FLOW: run_clang exec: /tools/software/xilinx/Vitis_HLS/2023.1/lnx64/tools/clang-3.9-csynth/bin/clang-tidy -export-fixes=/nethome/mjung76/resnet_rpn_fpn/proj/solution1/.autopilot/db/resnet_batchnorm.pp.0.cpp.clang-tidy.loop-label.diag.yml -header-filter=.* --checks=-*,xilinx-label-all-loops,xilinx-aggregate-on-hls-vector,,xilinx-warn-mayneed-no-ctor-attribute -fix-errors /nethome/mjung76/resnet_rpn_fpn/proj/solution1/.autopilot/db/resnet_batchnorm.pp.0.cpp -- -std=gnu++14 -target fpga -fhls -ferror-limit=0 > /nethome/mjung76/resnet_rpn_fpn/proj/solution1/.autopilot/db/resnet_batchnorm.pp.0.cpp.clang-tidy.loop-label.out.log 2> /nethome/mjung76/resnet_rpn_fpn/proj/solution1/.autopilot/db/resnet_batchnorm.pp.0.cpp.clang-tidy.loop-label.err.log
Command       clang_tidy done; 1.59 sec.
INFO-FLOW: run_clang exec: /tools/software/xilinx/Vitis_HLS/2023.1/lnx64/tools/clang-3.9-csynth/bin/xilinx-dataflow-lawyer -export-fixes=/nethome/mjung76/resnet_rpn_fpn/proj/solution1/.autopilot/db/resnet_batchnorm.pp.0.cpp.xilinx-dataflow-lawyer.diag.yml /nethome/mjung76/resnet_rpn_fpn/proj/solution1/.autopilot/db/resnet_batchnorm.pp.0.cpp -- -std=gnu++14 -target fpga -fhls -ferror-limit=0 -fstrict-dataflow > /nethome/mjung76/resnet_rpn_fpn/proj/solution1/.autopilot/db/resnet_batchnorm.pp.0.cpp.xilinx-dataflow-lawyer.out.log 2> /nethome/mjung76/resnet_rpn_fpn/proj/solution1/.autopilot/db/resnet_batchnorm.pp.0.cpp.xilinx-dataflow-lawyer.err.log
Execute       ap_part_info -name xc7z020-clg400-1 -data info 
INFO-FLOW: compiling source code to llvm bc
INFO-FLOW: run_clang exec: /tools/software/xilinx/Vitis_HLS/2023.1/lnx64/tools/clang-3.9-csynth/bin/clang -foptimization-record-file=/nethome/mjung76/resnet_rpn_fpn/proj/solution1/.autopilot/db/resnet_batchnorm.pp.0.cpp.clang.diag.yml -mllvm -pass-remarks-missed=reflow|pasta|unroll -mllvm -pass-remarks=reflow|pasta|unroll|inline -fno-limit-debug-info -fhls -flto -fno-exceptions -Wno-error=c++11-narrowing /nethome/mjung76/resnet_rpn_fpn/proj/solution1/.autopilot/db/resnet_batchnorm.pp.0.cpp -fno-math-errno -c -emit-llvm -mllvm -disable-llvm-optzns -Werror=implicit-function-declaration -Werror=implicit-hls-streams -Werror=return-type -Wpragmas -Wunused-parameter -Wdump-hls-pragmas -Wno-error=dump-hls-pragmas -fno-threadsafe-statics -fno-use-cxa-atexit -std=gnu++14 -target fpga64-xilinx-linux-gnu -D__VITIS_HLS__ -DAESL_SYN -D__SYNTHESIS__ -D__HLS_SYN__ -I /tools/software/xilinx/Vitis_HLS/2023.1/common/technology/autopilot -I /tools/software/xilinx/Vitis_HLS/2023.1/common/technology/autopilot/ap_sysc -include etc/autopilot_ssdm_op.h -D__DSP48E1__ -g -o /nethome/mjung76/resnet_rpn_fpn/proj/solution1/.autopilot/db/resnet_batchnorm.bc -hls-platform-db-name=/tools/software/xilinx/Vitis_HLS/2023.1/common/technology/xilinx/common/platform.db -hls-platform-name=zynq_slow -device-resource-info=BRAM_280.000000_DSP_220.000000_FF_106400.000000_LUT_53200.000000_SLICE_13300.000000_URAM_0.000000 -device-name-info=xc7z020clg400-1 > /nethome/mjung76/resnet_rpn_fpn/proj/solution1/.autopilot/db/resnet_batchnorm.pp.0.cpp.clang.out.log 2> /nethome/mjung76/resnet_rpn_fpn/proj/solution1/.autopilot/db/resnet_batchnorm.pp.0.cpp.clang.err.log
INFO: [HLS 200-111] Finished Source Code Analysis and Preprocessing: CPU user time: 25.61 seconds. CPU system time: 6.04 seconds. Elapsed time: 32.85 seconds; current allocated memory: 1.487 GB.
INFO-FLOW: Linking Debug ...
INFO-FLOW: Linking dut bc code.
Execute       run_link_or_opt -out /nethome/mjung76/resnet_rpn_fpn/proj/solution1/.autopilot/db/a.g.ld.0.bc -args  "/nethome/mjung76/resnet_rpn_fpn/proj/solution1/.autopilot/db/resnet_top1.g.bc" "/nethome/mjung76/resnet_rpn_fpn/proj/solution1/.autopilot/db/resnet_conv_7x7.g.bc" "/nethome/mjung76/resnet_rpn_fpn/proj/solution1/.autopilot/db/resnet_conv_3x3.g.bc" "/nethome/mjung76/resnet_rpn_fpn/proj/solution1/.autopilot/db/resnet_conv_1x1.g.bc" "/nethome/mjung76/resnet_rpn_fpn/proj/solution1/.autopilot/db/resnet_batchnorm.g.bc"  
INFO-FLOW: run_clang exec: /tools/software/xilinx/Vitis_HLS/2023.1/lnx64/tools/clang-3.9-csynth/bin/llvm-link /nethome/mjung76/resnet_rpn_fpn/proj/solution1/.autopilot/db/resnet_top1.g.bc /nethome/mjung76/resnet_rpn_fpn/proj/solution1/.autopilot/db/resnet_conv_7x7.g.bc /nethome/mjung76/resnet_rpn_fpn/proj/solution1/.autopilot/db/resnet_conv_3x3.g.bc /nethome/mjung76/resnet_rpn_fpn/proj/solution1/.autopilot/db/resnet_conv_1x1.g.bc /nethome/mjung76/resnet_rpn_fpn/proj/solution1/.autopilot/db/resnet_batchnorm.g.bc -o /nethome/mjung76/resnet_rpn_fpn/proj/solution1/.autopilot/db/a.g.ld.0.bc > /nethome/mjung76/resnet_rpn_fpn/proj/solution1/.autopilot/db/a.g.ld.0.bc.llvm-link.out.log 2> /nethome/mjung76/resnet_rpn_fpn/proj/solution1/.autopilot/db/a.g.ld.0.bc.llvm-link.err.log
INFO-FLOW: 
Execute       run_link_or_opt -opt -out /nethome/mjung76/resnet_rpn_fpn/proj/solution1/.autopilot/db/a.g.ld.1.lower.bc -args /nethome/mjung76/resnet_rpn_fpn/proj/solution1/.autopilot/db/a.g.ld.0.bc -reflow-lower-math-intrinsics 
INFO-FLOW: run_clang exec: /tools/software/xilinx/Vitis_HLS/2023.1/lnx64/tools/clang-3.9-csynth/bin/opt -pass-remarks-missed=reflow|pasta|unroll -pass-remarks=reflow|pasta|unroll|inline -pass-remarks-output=/nethome/mjung76/resnet_rpn_fpn/proj/solution1/.autopilot/db/a.g.ld.1.lower.bc.opt.diag.yml /nethome/mjung76/resnet_rpn_fpn/proj/solution1/.autopilot/db/a.g.ld.0.bc -reflow-lower-math-intrinsics -o /nethome/mjung76/resnet_rpn_fpn/proj/solution1/.autopilot/db/a.g.ld.1.lower.bc > /nethome/mjung76/resnet_rpn_fpn/proj/solution1/.autopilot/db/a.g.ld.1.lower.bc.opt.out.log 2> /nethome/mjung76/resnet_rpn_fpn/proj/solution1/.autopilot/db/a.g.ld.1.lower.bc.opt.err.log
INFO-FLOW: 
INFO-FLOW: Running: gen_design_size_report post-opt
INFO-FLOW: Done: gen_design_size_report post-opt time: 0 seconds per iteration
INFO-FLOW: Linking math bc lib
Execute       run_link_or_opt -out /nethome/mjung76/resnet_rpn_fpn/proj/solution1/.autopilot/db/a.g.ld.2.m1.bc -args /nethome/mjung76/resnet_rpn_fpn/proj/solution1/.autopilot/db/a.g.ld.1.lower.bc -only-needed /tools/software/xilinx/Vitis_HLS/2023.1/lnx64/lib/libhlsm_39.bc /tools/software/xilinx/Vitis_HLS/2023.1/lnx64/lib/libhlsmc++_39.bc 
INFO-FLOW: run_clang exec: /tools/software/xilinx/Vitis_HLS/2023.1/lnx64/tools/clang-3.9-csynth/bin/llvm-link /nethome/mjung76/resnet_rpn_fpn/proj/solution1/.autopilot/db/a.g.ld.1.lower.bc -only-needed /tools/software/xilinx/Vitis_HLS/2023.1/lnx64/lib/libhlsm_39.bc /tools/software/xilinx/Vitis_HLS/2023.1/lnx64/lib/libhlsmc++_39.bc -o /nethome/mjung76/resnet_rpn_fpn/proj/solution1/.autopilot/db/a.g.ld.2.m1.bc > /nethome/mjung76/resnet_rpn_fpn/proj/solution1/.autopilot/db/a.g.ld.2.m1.bc.llvm-link.out.log 2> /nethome/mjung76/resnet_rpn_fpn/proj/solution1/.autopilot/db/a.g.ld.2.m1.bc.llvm-link.err.log
INFO-FLOW: 
Command       run_link_or_opt done; 2.67 sec.
Execute       run_link_or_opt -opt -out /nethome/mjung76/resnet_rpn_fpn/proj/solution1/.autopilot/db/a.g.ld.3.fpc.bc -args /nethome/mjung76/resnet_rpn_fpn/proj/solution1/.autopilot/db/a.g.ld.2.m1.bc -reflow-globaldce -hls-top-function-name=resnet_top_1 -reflow-float-conversion 
INFO-FLOW: run_clang exec: /tools/software/xilinx/Vitis_HLS/2023.1/lnx64/tools/clang-3.9-csynth/bin/opt -pass-remarks-missed=reflow|pasta|unroll -pass-remarks=reflow|pasta|unroll|inline -pass-remarks-output=/nethome/mjung76/resnet_rpn_fpn/proj/solution1/.autopilot/db/a.g.ld.3.fpc.bc.opt.diag.yml /nethome/mjung76/resnet_rpn_fpn/proj/solution1/.autopilot/db/a.g.ld.2.m1.bc -reflow-globaldce -hls-top-function-name=resnet_top_1 -reflow-float-conversion -o /nethome/mjung76/resnet_rpn_fpn/proj/solution1/.autopilot/db/a.g.ld.3.fpc.bc > /nethome/mjung76/resnet_rpn_fpn/proj/solution1/.autopilot/db/a.g.ld.3.fpc.bc.opt.out.log 2> /nethome/mjung76/resnet_rpn_fpn/proj/solution1/.autopilot/db/a.g.ld.3.fpc.bc.opt.err.log
INFO-FLOW: 
INFO-FLOW: Running: gen_design_size_report post-opt
INFO-FLOW: Done: gen_design_size_report post-opt time: 0 seconds per iteration
Command       run_link_or_opt done; 1.02 sec.
Execute       run_link_or_opt -out /nethome/mjung76/resnet_rpn_fpn/proj/solution1/.autopilot/db/a.g.ld.4.m2.bc -args /nethome/mjung76/resnet_rpn_fpn/proj/solution1/.autopilot/db/a.g.ld.3.fpc.bc -only-needed /tools/software/xilinx/Vitis_HLS/2023.1/lnx64/lib/libfloatconversion_39.bc 
INFO-FLOW: run_clang exec: /tools/software/xilinx/Vitis_HLS/2023.1/lnx64/tools/clang-3.9-csynth/bin/llvm-link /nethome/mjung76/resnet_rpn_fpn/proj/solution1/.autopilot/db/a.g.ld.3.fpc.bc -only-needed /tools/software/xilinx/Vitis_HLS/2023.1/lnx64/lib/libfloatconversion_39.bc -o /nethome/mjung76/resnet_rpn_fpn/proj/solution1/.autopilot/db/a.g.ld.4.m2.bc > /nethome/mjung76/resnet_rpn_fpn/proj/solution1/.autopilot/db/a.g.ld.4.m2.bc.llvm-link.out.log 2> /nethome/mjung76/resnet_rpn_fpn/proj/solution1/.autopilot/db/a.g.ld.4.m2.bc.llvm-link.err.log
INFO-FLOW: 
Command       run_link_or_opt done; 0.11 sec.
Execute       run_link_or_opt -opt -out /nethome/mjung76/resnet_rpn_fpn/proj/solution1/.autopilot/db/a.g.ld.5.gdce.bc -args /nethome/mjung76/resnet_rpn_fpn/proj/solution1/.autopilot/db/a.g.ld.4.m2.bc -reflow-globaldce -hls-top-function-name=resnet_top_1 
INFO-FLOW: run_clang exec: /tools/software/xilinx/Vitis_HLS/2023.1/lnx64/tools/clang-3.9-csynth/bin/opt -pass-remarks-missed=reflow|pasta|unroll -pass-remarks=reflow|pasta|unroll|inline -pass-remarks-output=/nethome/mjung76/resnet_rpn_fpn/proj/solution1/.autopilot/db/a.g.ld.5.gdce.bc.opt.diag.yml /nethome/mjung76/resnet_rpn_fpn/proj/solution1/.autopilot/db/a.g.ld.4.m2.bc -reflow-globaldce -hls-top-function-name=resnet_top_1 -o /nethome/mjung76/resnet_rpn_fpn/proj/solution1/.autopilot/db/a.g.ld.5.gdce.bc > /nethome/mjung76/resnet_rpn_fpn/proj/solution1/.autopilot/db/a.g.ld.5.gdce.bc.opt.out.log 2> /nethome/mjung76/resnet_rpn_fpn/proj/solution1/.autopilot/db/a.g.ld.5.gdce.bc.opt.err.log
INFO-FLOW: 
INFO-FLOW: Running: gen_design_size_report post-opt
INFO-FLOW: Done: gen_design_size_report post-opt time: 0 seconds per iteration
Command       run_link_or_opt done; 0.18 sec.
Execute       send_msg_by_id INFO @200-777@%s Vivado 
INFO: [HLS 200-777] Using interface defaults for 'Vivado' flow target.
Execute       is_m_axi_addr64 
INFO-FLOW: Doing LTO.
INFO-FLOW: run_clang (background poll_ms 5000) exec: /tools/software/xilinx/Vitis_HLS/2023.1/lnx64/tools/clang-3.9-csynth/bin/clang -foptimization-record-file=/nethome/mjung76/resnet_rpn_fpn/proj/solution1/.autopilot/db/a.g.ld.0.bc.clang.reflow.diag.yml -mllvm -pass-remarks-missed=reflow|pasta|unroll -mllvm -pass-remarks=reflow|pasta|unroll|inline -fhls -mllvm -hls-top-function-name=resnet_top_1 -mllvm -hls-db-dir -mllvm /nethome/mjung76/resnet_rpn_fpn/proj/solution1/.autopilot/db -emit-llvm -c -target fpga64-xilinx-none -mllvm -xcl-xmlinfo=/nethome/mjung76/resnet_rpn_fpn/proj/solution1/.autopilot/db/kernel.internal.xml -mllvm -top-io-mapping-info=/nethome/mjung76/resnet_rpn_fpn/proj/solution1/.autopilot/db/top-io-fe.xml -mllvm -hls-bitcode-version=3.1 -mllvm -reflow-enable-slave-interface-default-setting=true -mllvm -gen-kernel-xml=false -mllvm -default-maxi-offset=slave -mllvm -maxi-latency=0 -mllvm -hls-maxi-data-size-in-bits=8 -mllvm -hls-maxi-max-data-size-in-bits=1024 -mllvm -hls-max-widen-size-in-bits=0 -mllvm -xcl-kernel-max-mem-ports=0 -mllvm -maxi-read-trans=16 -mllvm -maxi-write-trans=16 -mllvm -maxi-read-burst-len=16 -mllvm -maxi-write-burst-len=16 -mllvm -reflow-enable-saxi-64bits=0 -mllvm -reflow-basic-block-instr-threshold=200000 -mllvm -reflow-auto-pipeline-threshold=64 -mllvm -reflow-enable-maxi-auto-id-channel=0 -mllvm -enable-fp-thr=0 -mllvm -reflow-bdd-simplify-threshold=1024 -mllvm -reflow-fanout-threshold=16 -mllvm -assume-maxi-align=1 -mllvm -reflow-pipeline-style-llvm-setting=2 -mllvm -reflow-enable-dataflow-strict-mode-checking=1 -ftime-report -mllvm -time-passes -mllvm -reflow-auto-array-partition-mode=default -mllvm -reflow-enable-auto-array-partition=true -mllvm -reflow-enable-auto-parallel-performance-driven=true -mllvm -reflow-enable-partition-for-automation=true -mllvm -reflow-aggregate-bitwidth-threshold=4096 -mllvm -reflow-reserved-saxilite-registers=1024 -mllvm -reflow-assume-no-address-wrap=true -mllvm -reflow-enable-occurrence-inference=true -mllvm -hls -mllvm -disable-inlined-alloca-merging=true -mllvm -default-clock-period=10 -x ir /nethome/mjung76/resnet_rpn_fpn/proj/solution1/.autopilot/db/a.g.ld.5.gdce.bc -o /nethome/mjung76/resnet_rpn_fpn/proj/solution1/.autopilot/db/a.g.lto.bc -hls-platform-db-name=/tools/software/xilinx/Vitis_HLS/2023.1/common/technology/xilinx/common/platform.db -hls-platform-name=zynq_slow -device-resource-info=BRAM_280.000000_DSP_220.000000_FF_106400.000000_LUT_53200.000000_SLICE_13300.000000_URAM_0.000000 -device-name-info=xc7z020clg400-1 2> /nethome/mjung76/resnet_rpn_fpn/proj/solution1/.autopilot/db/a.g.ld.0.bc.clang.reflow.err.log
Execute       send_msg_by_id INFO @200-1995@%s%s%s 6,395 Compile/Link /nethome/mjung76/resnet_rpn_fpn/proj/solution1/syn/report/csynth_design_size.rpt 
INFO: [HLS 200-1995] There were 6,395 instructions in the design after the 'Compile/Link' phase of compilation. See the Design Size Report for more details: /nethome/mjung76/resnet_rpn_fpn/proj/solution1/syn/report/csynth_design_size.rpt
Execute       send_msg_by_id INFO @200-1995@%s%s%s 11,506 Unroll/Inline /nethome/mjung76/resnet_rpn_fpn/proj/solution1/syn/report/csynth_design_size.rpt 
