/nethome/mjung76/resnet_rpn_fpn/proj/solution1/.autopilot/db/fpn_top.pp.0.cpp:35730:7: warning: Added loop label VITIS_LOOP_1213_1:   [xilinx-label-all-loops]
      for (i = 0; i < __N - 1; ++i) {
      ^~~
      VITIS_LOOP_1213_1: 
/nethome/mjung76/resnet_rpn_fpn/proj/solution1/.autopilot/db/fpn_top.pp.0.cpp:35730:7: note: FIX-IT applied suggested code changes
/nethome/mjung76/resnet_rpn_fpn/proj/solution1/.autopilot/db/fpn_top.pp.0.cpp:36704:5: warning: Added loop label VITIS_LOOP_676_1:   [xilinx-label-all-loops]
    for (unsigned i = low; i != high; ++i) {
    ^~~
    VITIS_LOOP_676_1: 
/nethome/mjung76/resnet_rpn_fpn/proj/solution1/.autopilot/db/fpn_top.pp.0.cpp:36704:5: note: FIX-IT applied suggested code changes
/nethome/mjung76/resnet_rpn_fpn/proj/solution1/.autopilot/db/fpn_top.pp.0.cpp:36718:5: warning: Added loop label VITIS_LOOP_690_1:   [xilinx-label-all-loops]
    for (unsigned i = low; i != high; ++i) {
    ^~~
    VITIS_LOOP_690_1: 
/nethome/mjung76/resnet_rpn_fpn/proj/solution1/.autopilot/db/fpn_top.pp.0.cpp:36718:5: note: FIX-IT applied suggested code changes
/nethome/mjung76/resnet_rpn_fpn/proj/solution1/.autopilot/db/fpn_top.pp.0.cpp:36732:5: warning: Added loop label VITIS_LOOP_704_1:   [xilinx-label-all-loops]
    for (unsigned i = low; i != high; ++i) {
    ^~~
    VITIS_LOOP_704_1: 
/nethome/mjung76/resnet_rpn_fpn/proj/solution1/.autopilot/db/fpn_top.pp.0.cpp:36732:5: note: FIX-IT applied suggested code changes
/nethome/mjung76/resnet_rpn_fpn/proj/solution1/.autopilot/db/fpn_top.pp.0.cpp:38343:7: warning: Added loop label VITIS_LOOP_1247_1:   [xilinx-label-all-loops]
      for (i = 0; i < __N - 1; ++i) {
      ^~~
      VITIS_LOOP_1247_1: 
/nethome/mjung76/resnet_rpn_fpn/proj/solution1/.autopilot/db/fpn_top.pp.0.cpp:38343:7: note: FIX-IT applied suggested code changes
/nethome/mjung76/resnet_rpn_fpn/proj/solution1/.autopilot/db/fpn_top.pp.0.cpp:40352:5: warning: Added loop label VITIS_LOOP_83_1:   [xilinx-label-all-loops]
    for(int d=0; d < 256; d++){
    ^~~
    VITIS_LOOP_83_1: 
/nethome/mjung76/resnet_rpn_fpn/proj/solution1/.autopilot/db/fpn_top.pp.0.cpp:40352:5: note: FIX-IT applied suggested code changes
/nethome/mjung76/resnet_rpn_fpn/proj/solution1/.autopilot/db/fpn_top.pp.0.cpp:40353:9: warning: Added loop label VITIS_LOOP_84_2:   [xilinx-label-all-loops]
        for(int h=0; h < 23*2; h++){
        ^~~
        VITIS_LOOP_84_2: 
/nethome/mjung76/resnet_rpn_fpn/proj/solution1/.autopilot/db/fpn_top.pp.0.cpp:40353:9: note: FIX-IT applied suggested code changes
/nethome/mjung76/resnet_rpn_fpn/proj/solution1/.autopilot/db/fpn_top.pp.0.cpp:40354:10: warning: Added loop label VITIS_LOOP_85_3:   [xilinx-label-all-loops]
         for(int w=0; w < 40*2; w++){
         ^~~
         VITIS_LOOP_85_3: 
/nethome/mjung76/resnet_rpn_fpn/proj/solution1/.autopilot/db/fpn_top.pp.0.cpp:40354:10: note: FIX-IT applied suggested code changes
/nethome/mjung76/resnet_rpn_fpn/proj/solution1/.autopilot/db/fpn_top.pp.0.cpp:40359:5: warning: Added loop label VITIS_LOOP_90_4:   [xilinx-label-all-loops]
    for(int i=0;i<256;i++){
    ^~~
    VITIS_LOOP_90_4: 
/nethome/mjung76/resnet_rpn_fpn/proj/solution1/.autopilot/db/fpn_top.pp.0.cpp:40359:5: note: FIX-IT applied suggested code changes
/nethome/mjung76/resnet_rpn_fpn/proj/solution1/.autopilot/db/fpn_top.pp.0.cpp:40360:9: warning: Added loop label VITIS_LOOP_91_5:   [xilinx-label-all-loops]
        for(int j=0;j<46;j++){
        ^~~
        VITIS_LOOP_91_5: 
/nethome/mjung76/resnet_rpn_fpn/proj/solution1/.autopilot/db/fpn_top.pp.0.cpp:40360:9: note: FIX-IT applied suggested code changes
/nethome/mjung76/resnet_rpn_fpn/proj/solution1/.autopilot/db/fpn_top.pp.0.cpp:40361:10: warning: Added loop label VITIS_LOOP_92_6:   [xilinx-label-all-loops]
         for(int k=0;k<80;k++){
         ^~~
         VITIS_LOOP_92_6: 
/nethome/mjung76/resnet_rpn_fpn/proj/solution1/.autopilot/db/fpn_top.pp.0.cpp:40361:10: note: FIX-IT applied suggested code changes
/nethome/mjung76/resnet_rpn_fpn/proj/solution1/.autopilot/db/fpn_top.pp.0.cpp:40368:5: warning: Added loop label VITIS_LOOP_99_7:   [xilinx-label-all-loops]
    for(int d=0; d < 256; d++){
    ^~~
    VITIS_LOOP_99_7: 
/nethome/mjung76/resnet_rpn_fpn/proj/solution1/.autopilot/db/fpn_top.pp.0.cpp:40368:5: note: FIX-IT applied suggested code changes
/nethome/mjung76/resnet_rpn_fpn/proj/solution1/.autopilot/db/fpn_top.pp.0.cpp:40369:9: warning: Added loop label VITIS_LOOP_100_8:   [xilinx-label-all-loops]
        for(int h=0; h < 46*2; h++){
        ^~~
        VITIS_LOOP_100_8: 
/nethome/mjung76/resnet_rpn_fpn/proj/solution1/.autopilot/db/fpn_top.pp.0.cpp:40369:9: note: FIX-IT applied suggested code changes
/nethome/mjung76/resnet_rpn_fpn/proj/solution1/.autopilot/db/fpn_top.pp.0.cpp:40370:10: warning: Added loop label VITIS_LOOP_101_9:   [xilinx-label-all-loops]
         for(int w=0; w < 80*2; w++){
         ^~~
         VITIS_LOOP_101_9: 
/nethome/mjung76/resnet_rpn_fpn/proj/solution1/.autopilot/db/fpn_top.pp.0.cpp:40370:10: note: FIX-IT applied suggested code changes
/nethome/mjung76/resnet_rpn_fpn/proj/solution1/.autopilot/db/fpn_top.pp.0.cpp:40375:5: warning: Added loop label VITIS_LOOP_106_10:   [xilinx-label-all-loops]
    for(int i=0;i<256;i++){
    ^~~
    VITIS_LOOP_106_10: 
/nethome/mjung76/resnet_rpn_fpn/proj/solution1/.autopilot/db/fpn_top.pp.0.cpp:40375:5: note: FIX-IT applied suggested code changes
/nethome/mjung76/resnet_rpn_fpn/proj/solution1/.autopilot/db/fpn_top.pp.0.cpp:40376:9: warning: Added loop label VITIS_LOOP_107_11:   [xilinx-label-all-loops]
        for(int j=0;j<92;j++){
        ^~~
        VITIS_LOOP_107_11: 
/nethome/mjung76/resnet_rpn_fpn/proj/solution1/.autopilot/db/fpn_top.pp.0.cpp:40376:9: note: FIX-IT applied suggested code changes
/nethome/mjung76/resnet_rpn_fpn/proj/solution1/.autopilot/db/fpn_top.pp.0.cpp:40377:10: warning: Added loop label VITIS_LOOP_108_12:   [xilinx-label-all-loops]
         for(int k=0;k<160;k++){
         ^~~
         VITIS_LOOP_108_12: 
/nethome/mjung76/resnet_rpn_fpn/proj/solution1/.autopilot/db/fpn_top.pp.0.cpp:40377:10: note: FIX-IT applied suggested code changes
/nethome/mjung76/resnet_rpn_fpn/proj/solution1/.autopilot/db/fpn_top.pp.0.cpp:40384:5: warning: Added loop label VITIS_LOOP_115_13:   [xilinx-label-all-loops]
    for(int d=0; d < 256; d++){
    ^~~
    VITIS_LOOP_115_13: 
/nethome/mjung76/resnet_rpn_fpn/proj/solution1/.autopilot/db/fpn_top.pp.0.cpp:40384:5: note: FIX-IT applied suggested code changes
/nethome/mjung76/resnet_rpn_fpn/proj/solution1/.autopilot/db/fpn_top.pp.0.cpp:40385:9: warning: Added loop label VITIS_LOOP_116_14:   [xilinx-label-all-loops]
        for(int h=0; h < 92*2; h++){
        ^~~
        VITIS_LOOP_116_14: 
/nethome/mjung76/resnet_rpn_fpn/proj/solution1/.autopilot/db/fpn_top.pp.0.cpp:40385:9: note: FIX-IT applied suggested code changes
/nethome/mjung76/resnet_rpn_fpn/proj/solution1/.autopilot/db/fpn_top.pp.0.cpp:40386:10: warning: Added loop label VITIS_LOOP_117_15:   [xilinx-label-all-loops]
         for(int w=0; w < 160*2; w++){
         ^~~
         VITIS_LOOP_117_15: 
/nethome/mjung76/resnet_rpn_fpn/proj/solution1/.autopilot/db/fpn_top.pp.0.cpp:40386:10: note: FIX-IT applied suggested code changes
/nethome/mjung76/resnet_rpn_fpn/proj/solution1/.autopilot/db/fpn_top.pp.0.cpp:40391:5: warning: Added loop label VITIS_LOOP_122_16:   [xilinx-label-all-loops]
    for(int i=0;i<256;i++){
    ^~~
    VITIS_LOOP_122_16: 
/nethome/mjung76/resnet_rpn_fpn/proj/solution1/.autopilot/db/fpn_top.pp.0.cpp:40391:5: note: FIX-IT applied suggested code changes
/nethome/mjung76/resnet_rpn_fpn/proj/solution1/.autopilot/db/fpn_top.pp.0.cpp:40392:9: warning: Added loop label VITIS_LOOP_123_17:   [xilinx-label-all-loops]
        for(int j=0;j<184;j++){
        ^~~
        VITIS_LOOP_123_17: 
/nethome/mjung76/resnet_rpn_fpn/proj/solution1/.autopilot/db/fpn_top.pp.0.cpp:40392:9: note: FIX-IT applied suggested code changes
/nethome/mjung76/resnet_rpn_fpn/proj/solution1/.autopilot/db/fpn_top.pp.0.cpp:40393:10: warning: Added loop label VITIS_LOOP_124_18:   [xilinx-label-all-loops]
         for(int k=0;k<320;k++){
         ^~~
         VITIS_LOOP_124_18: 
/nethome/mjung76/resnet_rpn_fpn/proj/solution1/.autopilot/db/fpn_top.pp.0.cpp:40393:10: note: FIX-IT applied suggested code changes
