/nethome/mjung76/resnet_rpn_fpn/proj/solution1/.autopilot/db/resnet_layers.pp.0.cpp:29492:7: warning: Added loop label VITIS_LOOP_1213_1:   [xilinx-label-all-loops]
      for (i = 0; i < __N - 1; ++i) {
      ^~~
      VITIS_LOOP_1213_1: 
/nethome/mjung76/resnet_rpn_fpn/proj/solution1/.autopilot/db/resnet_layers.pp.0.cpp:29492:7: note: FIX-IT applied suggested code changes
/nethome/mjung76/resnet_rpn_fpn/proj/solution1/.autopilot/db/resnet_layers.pp.0.cpp:30466:5: warning: Added loop label VITIS_LOOP_676_1:   [xilinx-label-all-loops]
    for (unsigned i = low; i != high; ++i) {
    ^~~
    VITIS_LOOP_676_1: 
/nethome/mjung76/resnet_rpn_fpn/proj/solution1/.autopilot/db/resnet_layers.pp.0.cpp:30466:5: note: FIX-IT applied suggested code changes
/nethome/mjung76/resnet_rpn_fpn/proj/solution1/.autopilot/db/resnet_layers.pp.0.cpp:30480:5: warning: Added loop label VITIS_LOOP_690_1:   [xilinx-label-all-loops]
    for (unsigned i = low; i != high; ++i) {
    ^~~
    VITIS_LOOP_690_1: 
/nethome/mjung76/resnet_rpn_fpn/proj/solution1/.autopilot/db/resnet_layers.pp.0.cpp:30480:5: note: FIX-IT applied suggested code changes
/nethome/mjung76/resnet_rpn_fpn/proj/solution1/.autopilot/db/resnet_layers.pp.0.cpp:30494:5: warning: Added loop label VITIS_LOOP_704_1:   [xilinx-label-all-loops]
    for (unsigned i = low; i != high; ++i) {
    ^~~
    VITIS_LOOP_704_1: 
/nethome/mjung76/resnet_rpn_fpn/proj/solution1/.autopilot/db/resnet_layers.pp.0.cpp:30494:5: note: FIX-IT applied suggested code changes
/nethome/mjung76/resnet_rpn_fpn/proj/solution1/.autopilot/db/resnet_layers.pp.0.cpp:32105:7: warning: Added loop label VITIS_LOOP_1247_1:   [xilinx-label-all-loops]
      for (i = 0; i < __N - 1; ++i) {
      ^~~
      VITIS_LOOP_1247_1: 
/nethome/mjung76/resnet_rpn_fpn/proj/solution1/.autopilot/db/resnet_layers.pp.0.cpp:32105:7: note: FIX-IT applied suggested code changes
/nethome/mjung76/resnet_rpn_fpn/proj/solution1/.autopilot/db/resnet_layers.pp.0.cpp:34828:5: warning: Added loop label VITIS_LOOP_49_1:   [xilinx-label-all-loops]
    for(int c = 0; c < 64; c++)
    ^~~
    VITIS_LOOP_49_1: 
/nethome/mjung76/resnet_rpn_fpn/proj/solution1/.autopilot/db/resnet_layers.pp.0.cpp:34828:5: note: FIX-IT applied suggested code changes
/nethome/mjung76/resnet_rpn_fpn/proj/solution1/.autopilot/db/resnet_layers.pp.0.cpp:34830:9: warning: Added loop label VITIS_LOOP_51_2:   [xilinx-label-all-loops]
        for(int i = 0; i < 46 + 5; i++)
        ^~~
        VITIS_LOOP_51_2: 
/nethome/mjung76/resnet_rpn_fpn/proj/solution1/.autopilot/db/resnet_layers.pp.0.cpp:34830:9: note: FIX-IT applied suggested code changes
/nethome/mjung76/resnet_rpn_fpn/proj/solution1/.autopilot/db/resnet_layers.pp.0.cpp:34832:13: warning: Added loop label VITIS_LOOP_53_3:   [xilinx-label-all-loops]
            for(int j = 0; j < 40 + 5; j++)
            ^~~
            VITIS_LOOP_53_3: 
/nethome/mjung76/resnet_rpn_fpn/proj/solution1/.autopilot/db/resnet_layers.pp.0.cpp:34832:13: note: FIX-IT applied suggested code changes
/nethome/mjung76/resnet_rpn_fpn/proj/solution1/.autopilot/db/resnet_layers.pp.0.cpp:34870:5: warning: Added loop label VITIS_LOOP_91_1:   [xilinx-label-all-loops]
    for(int c = 0; c < 64; c++)
    ^~~
    VITIS_LOOP_91_1: 
/nethome/mjung76/resnet_rpn_fpn/proj/solution1/.autopilot/db/resnet_layers.pp.0.cpp:34870:5: note: FIX-IT applied suggested code changes
/nethome/mjung76/resnet_rpn_fpn/proj/solution1/.autopilot/db/resnet_layers.pp.0.cpp:34872:9: warning: Added loop label VITIS_LOOP_93_2:   [xilinx-label-all-loops]
        for(int i = 0; i < 46; i++)
        ^~~
        VITIS_LOOP_93_2: 
/nethome/mjung76/resnet_rpn_fpn/proj/solution1/.autopilot/db/resnet_layers.pp.0.cpp:34872:9: note: FIX-IT applied suggested code changes
/nethome/mjung76/resnet_rpn_fpn/proj/solution1/.autopilot/db/resnet_layers.pp.0.cpp:34874:13: warning: Added loop label VITIS_LOOP_95_3:   [xilinx-label-all-loops]
            for(int j = 0; j < 40; j++)
            ^~~
            VITIS_LOOP_95_3: 
/nethome/mjung76/resnet_rpn_fpn/proj/solution1/.autopilot/db/resnet_layers.pp.0.cpp:34874:13: note: FIX-IT applied suggested code changes
/nethome/mjung76/resnet_rpn_fpn/proj/solution1/.autopilot/db/resnet_layers.pp.0.cpp:34892:5: warning: Added loop label VITIS_LOOP_113_1:   [xilinx-label-all-loops]
    for(int i = 0; i < 64; i++)
    ^~~
    VITIS_LOOP_113_1: 
/nethome/mjung76/resnet_rpn_fpn/proj/solution1/.autopilot/db/resnet_layers.pp.0.cpp:34892:5: note: FIX-IT applied suggested code changes
/nethome/mjung76/resnet_rpn_fpn/proj/solution1/.autopilot/db/resnet_layers.pp.0.cpp:34908:5: warning: Added loop label VITIS_LOOP_129_1:   [xilinx-label-all-loops]
    for(int c = 0; c < 64; c++)
    ^~~
    VITIS_LOOP_129_1: 
/nethome/mjung76/resnet_rpn_fpn/proj/solution1/.autopilot/db/resnet_layers.pp.0.cpp:34908:5: note: FIX-IT applied suggested code changes
/nethome/mjung76/resnet_rpn_fpn/proj/solution1/.autopilot/db/resnet_layers.pp.0.cpp:34910:9: warning: Added loop label VITIS_LOOP_131_2:   [xilinx-label-all-loops]
        for(int kh = 0; kh < 3; kh++)
        ^~~
        VITIS_LOOP_131_2: 
/nethome/mjung76/resnet_rpn_fpn/proj/solution1/.autopilot/db/resnet_layers.pp.0.cpp:34910:9: note: FIX-IT applied suggested code changes
/nethome/mjung76/resnet_rpn_fpn/proj/solution1/.autopilot/db/resnet_layers.pp.0.cpp:34912:10: warning: Added loop label VITIS_LOOP_133_3:   [xilinx-label-all-loops]
         for(int kw = 0; kw < 3; kw++)
         ^~~
         VITIS_LOOP_133_3: 
/nethome/mjung76/resnet_rpn_fpn/proj/solution1/.autopilot/db/resnet_layers.pp.0.cpp:34912:10: note: FIX-IT applied suggested code changes
/nethome/mjung76/resnet_rpn_fpn/proj/solution1/.autopilot/db/resnet_layers.pp.0.cpp:34932:5: warning: Added loop label VITIS_LOOP_153_1:   [xilinx-label-all-loops]
    for(int i = 0; i < 4; i++)
    ^~~
    VITIS_LOOP_153_1: 
/nethome/mjung76/resnet_rpn_fpn/proj/solution1/.autopilot/db/resnet_layers.pp.0.cpp:34932:5: note: FIX-IT applied suggested code changes
/nethome/mjung76/resnet_rpn_fpn/proj/solution1/.autopilot/db/resnet_layers.pp.0.cpp:34934:9: warning: Added loop label VITIS_LOOP_155_2:   [xilinx-label-all-loops]
        for(int j = 0; j < 64; j++)
        ^~~
        VITIS_LOOP_155_2: 
/nethome/mjung76/resnet_rpn_fpn/proj/solution1/.autopilot/db/resnet_layers.pp.0.cpp:34934:9: note: FIX-IT applied suggested code changes
/nethome/mjung76/resnet_rpn_fpn/proj/solution1/.autopilot/db/resnet_layers.pp.0.cpp:34949:5: warning: Added loop label VITIS_LOOP_170_1:   [xilinx-label-all-loops]
    for(int f = 0; f < 64; f++)
    ^~~
    VITIS_LOOP_170_1: 
/nethome/mjung76/resnet_rpn_fpn/proj/solution1/.autopilot/db/resnet_layers.pp.0.cpp:34949:5: note: FIX-IT applied suggested code changes
/nethome/mjung76/resnet_rpn_fpn/proj/solution1/.autopilot/db/resnet_layers.pp.0.cpp:34951:9: warning: Added loop label VITIS_LOOP_172_2:   [xilinx-label-all-loops]
        for(int i = 0; i < 46; i++)
        ^~~
        VITIS_LOOP_172_2: 
/nethome/mjung76/resnet_rpn_fpn/proj/solution1/.autopilot/db/resnet_layers.pp.0.cpp:34951:9: note: FIX-IT applied suggested code changes
/nethome/mjung76/resnet_rpn_fpn/proj/solution1/.autopilot/db/resnet_layers.pp.0.cpp:34953:13: warning: Added loop label VITIS_LOOP_174_3:   [xilinx-label-all-loops]
            for(int j = 0; j < 40; j++)
            ^~~
            VITIS_LOOP_174_3: 
/nethome/mjung76/resnet_rpn_fpn/proj/solution1/.autopilot/db/resnet_layers.pp.0.cpp:34953:13: note: FIX-IT applied suggested code changes
/nethome/mjung76/resnet_rpn_fpn/proj/solution1/.autopilot/db/resnet_layers.pp.0.cpp:34975:5: warning: Added loop label VITIS_LOOP_196_1:   [xilinx-label-all-loops]
    for(int f = 0; f < 64; f++)
    ^~~
    VITIS_LOOP_196_1: 
/nethome/mjung76/resnet_rpn_fpn/proj/solution1/.autopilot/db/resnet_layers.pp.0.cpp:34975:5: note: FIX-IT applied suggested code changes
/nethome/mjung76/resnet_rpn_fpn/proj/solution1/.autopilot/db/resnet_layers.pp.0.cpp:34977:9: warning: Added loop label VITIS_LOOP_198_2:   [xilinx-label-all-loops]
        for(int i = 0; i < 46/S; i++)
        ^~~
        VITIS_LOOP_198_2: 
/nethome/mjung76/resnet_rpn_fpn/proj/solution1/.autopilot/db/resnet_layers.pp.0.cpp:34977:9: note: FIX-IT applied suggested code changes
/nethome/mjung76/resnet_rpn_fpn/proj/solution1/.autopilot/db/resnet_layers.pp.0.cpp:34979:13: warning: Added loop label VITIS_LOOP_200_3:   [xilinx-label-all-loops]
            for(int j = 0; j < 40/S; j++)
            ^~~
            VITIS_LOOP_200_3: 
/nethome/mjung76/resnet_rpn_fpn/proj/solution1/.autopilot/db/resnet_layers.pp.0.cpp:34979:13: note: FIX-IT applied suggested code changes
/nethome/mjung76/resnet_rpn_fpn/proj/solution1/.autopilot/db/resnet_layers.pp.0.cpp:35001:5: warning: Added loop label VITIS_LOOP_222_1:   [xilinx-label-all-loops]
    for(int ti = 0; ti < (RESNET_IN_FM_HEIGHT / 46) + RESNET_LAST_LAYER_EN; ti++)
    ^~~
    VITIS_LOOP_222_1: 
/nethome/mjung76/resnet_rpn_fpn/proj/solution1/.autopilot/db/resnet_layers.pp.0.cpp:35001:5: note: FIX-IT applied suggested code changes
/nethome/mjung76/resnet_rpn_fpn/proj/solution1/.autopilot/db/resnet_layers.pp.0.cpp:35003:9: warning: Added loop label VITIS_LOOP_224_2:   [xilinx-label-all-loops]
        for(int tj = 0; tj < (RESNET_IN_FM_WIDTH / 40); tj++)
        ^~~
        VITIS_LOOP_224_2: 
/nethome/mjung76/resnet_rpn_fpn/proj/solution1/.autopilot/db/resnet_layers.pp.0.cpp:35003:9: note: FIX-IT applied suggested code changes
/nethome/mjung76/resnet_rpn_fpn/proj/solution1/.autopilot/db/resnet_layers.pp.0.cpp:35008:13: warning: Added loop label VITIS_LOOP_229_3:   [xilinx-label-all-loops]
            for(int b = 0; b < (RESNET_OUT_FM_DEPTH / 64); b++)
            ^~~
            VITIS_LOOP_229_3: 
/nethome/mjung76/resnet_rpn_fpn/proj/solution1/.autopilot/db/resnet_layers.pp.0.cpp:35008:13: note: FIX-IT applied suggested code changes
/nethome/mjung76/resnet_rpn_fpn/proj/solution1/.autopilot/db/resnet_layers.pp.0.cpp:35010:17: warning: Added loop label VITIS_LOOP_231_4:   [xilinx-label-all-loops]
                for(int d = 0; d < (RESNET_IN_FM_DEPTH / 64); d++)
                ^~~
                VITIS_LOOP_231_4: 
/nethome/mjung76/resnet_rpn_fpn/proj/solution1/.autopilot/db/resnet_layers.pp.0.cpp:35010:17: note: FIX-IT applied suggested code changes
/nethome/mjung76/resnet_rpn_fpn/proj/solution1/.autopilot/db/resnet_layers.pp.0.cpp:35020:18: warning: Added loop label VITIS_LOOP_241_5:   [xilinx-label-all-loops]
                 for(int f = 0; f < 64; f++)
                 ^~~
                 VITIS_LOOP_241_5: 
/nethome/mjung76/resnet_rpn_fpn/proj/solution1/.autopilot/db/resnet_layers.pp.0.cpp:35020:18: note: FIX-IT applied suggested code changes
/nethome/mjung76/resnet_rpn_fpn/proj/solution1/.autopilot/db/resnet_layers.pp.0.cpp:35061:5: warning: Added loop label VITIS_LOOP_282_1:   [xilinx-label-all-loops]
    for(int ti = 0; ti < (RESNET_IN_FM_HEIGHT / 46) + RESNET_LAST_LAYER_EN; ti++)
    ^~~
    VITIS_LOOP_282_1: 
/nethome/mjung76/resnet_rpn_fpn/proj/solution1/.autopilot/db/resnet_layers.pp.0.cpp:35061:5: note: FIX-IT applied suggested code changes
/nethome/mjung76/resnet_rpn_fpn/proj/solution1/.autopilot/db/resnet_layers.pp.0.cpp:35063:9: warning: Added loop label VITIS_LOOP_284_2:   [xilinx-label-all-loops]
        for(int tj = 0; tj < (RESNET_IN_FM_WIDTH / 40); tj++)
        ^~~
        VITIS_LOOP_284_2: 
/nethome/mjung76/resnet_rpn_fpn/proj/solution1/.autopilot/db/resnet_layers.pp.0.cpp:35063:9: note: FIX-IT applied suggested code changes
/nethome/mjung76/resnet_rpn_fpn/proj/solution1/.autopilot/db/resnet_layers.pp.0.cpp:35068:13: warning: Added loop label VITIS_LOOP_289_3:   [xilinx-label-all-loops]
            for(int b = 0; b < (RESNET_OUT_FM_DEPTH / 64); b++)
            ^~~
            VITIS_LOOP_289_3: 
/nethome/mjung76/resnet_rpn_fpn/proj/solution1/.autopilot/db/resnet_layers.pp.0.cpp:35068:13: note: FIX-IT applied suggested code changes
/nethome/mjung76/resnet_rpn_fpn/proj/solution1/.autopilot/db/resnet_layers.pp.0.cpp:35070:17: warning: Added loop label VITIS_LOOP_291_4:   [xilinx-label-all-loops]
                for(int d = 0; d < (RESNET_IN_FM_DEPTH / 64); d++)
                ^~~
                VITIS_LOOP_291_4: 
/nethome/mjung76/resnet_rpn_fpn/proj/solution1/.autopilot/db/resnet_layers.pp.0.cpp:35070:17: note: FIX-IT applied suggested code changes
/nethome/mjung76/resnet_rpn_fpn/proj/solution1/.autopilot/db/resnet_layers.pp.0.cpp:35080:18: warning: Added loop label VITIS_LOOP_301_5:   [xilinx-label-all-loops]
                 for(int f = 0; f < 64; f++)
                 ^~~
                 VITIS_LOOP_301_5: 
/nethome/mjung76/resnet_rpn_fpn/proj/solution1/.autopilot/db/resnet_layers.pp.0.cpp:35080:18: note: FIX-IT applied suggested code changes
/nethome/mjung76/resnet_rpn_fpn/proj/solution1/.autopilot/db/resnet_layers.pp.0.cpp:35121:5: warning: Added loop label VITIS_LOOP_342_1:   [xilinx-label-all-loops]
    for(int ti = 0; ti < (RESNET_IN_FM_HEIGHT / 46) + RESNET_LAST_LAYER_EN; ti++)
    ^~~
    VITIS_LOOP_342_1: 
/nethome/mjung76/resnet_rpn_fpn/proj/solution1/.autopilot/db/resnet_layers.pp.0.cpp:35121:5: note: FIX-IT applied suggested code changes
/nethome/mjung76/resnet_rpn_fpn/proj/solution1/.autopilot/db/resnet_layers.pp.0.cpp:35123:9: warning: Added loop label VITIS_LOOP_344_2:   [xilinx-label-all-loops]
        for(int tj = 0; tj < (RESNET_IN_FM_WIDTH / 40); tj++)
        ^~~
        VITIS_LOOP_344_2: 
/nethome/mjung76/resnet_rpn_fpn/proj/solution1/.autopilot/db/resnet_layers.pp.0.cpp:35123:9: note: FIX-IT applied suggested code changes
/nethome/mjung76/resnet_rpn_fpn/proj/solution1/.autopilot/db/resnet_layers.pp.0.cpp:35128:13: warning: Added loop label VITIS_LOOP_349_3:   [xilinx-label-all-loops]
            for(int b = 0; b < (RESNET_OUT_FM_DEPTH / 64); b++)
            ^~~
            VITIS_LOOP_349_3: 
/nethome/mjung76/resnet_rpn_fpn/proj/solution1/.autopilot/db/resnet_layers.pp.0.cpp:35128:13: note: FIX-IT applied suggested code changes
/nethome/mjung76/resnet_rpn_fpn/proj/solution1/.autopilot/db/resnet_layers.pp.0.cpp:35130:17: warning: Added loop label VITIS_LOOP_351_4:   [xilinx-label-all-loops]
                for(int d = 0; d < (RESNET_IN_FM_DEPTH / 64); d++)
                ^~~
                VITIS_LOOP_351_4: 
/nethome/mjung76/resnet_rpn_fpn/proj/solution1/.autopilot/db/resnet_layers.pp.0.cpp:35130:17: note: FIX-IT applied suggested code changes
/nethome/mjung76/resnet_rpn_fpn/proj/solution1/.autopilot/db/resnet_layers.pp.0.cpp:35138:18: warning: Added loop label VITIS_LOOP_359_5:   [xilinx-label-all-loops]
                 for(int f = 0; f < 64; f++)
                 ^~~
                 VITIS_LOOP_359_5: 
/nethome/mjung76/resnet_rpn_fpn/proj/solution1/.autopilot/db/resnet_layers.pp.0.cpp:35138:18: note: FIX-IT applied suggested code changes
/nethome/mjung76/resnet_rpn_fpn/proj/solution1/.autopilot/db/resnet_layers.pp.0.cpp:35189:5: warning: Added loop label VITIS_LOOP_15_1:   [xilinx-label-all-loops]
    for(int c = 0; c < 3; c++)
    ^~~
    VITIS_LOOP_15_1: 
/nethome/mjung76/resnet_rpn_fpn/proj/solution1/.autopilot/db/resnet_layers.pp.0.cpp:35189:5: note: FIX-IT applied suggested code changes
/nethome/mjung76/resnet_rpn_fpn/proj/solution1/.autopilot/db/resnet_layers.pp.0.cpp:35191:9: warning: Added loop label VITIS_LOOP_17_2:   [xilinx-label-all-loops]
        for(int h = 0; h < 736; h++)
        ^~~
        VITIS_LOOP_17_2: 
/nethome/mjung76/resnet_rpn_fpn/proj/solution1/.autopilot/db/resnet_layers.pp.0.cpp:35191:9: note: FIX-IT applied suggested code changes
/nethome/mjung76/resnet_rpn_fpn/proj/solution1/.autopilot/db/resnet_layers.pp.0.cpp:35193:13: warning: Added loop label VITIS_LOOP_19_3:   [xilinx-label-all-loops]
            for(int w = 0; w < 1280; w++)
            ^~~
            VITIS_LOOP_19_3: 
/nethome/mjung76/resnet_rpn_fpn/proj/solution1/.autopilot/db/resnet_layers.pp.0.cpp:35193:13: note: FIX-IT applied suggested code changes
/nethome/mjung76/resnet_rpn_fpn/proj/solution1/.autopilot/db/resnet_layers.pp.0.cpp:35210:5: warning: Added loop label VITIS_LOOP_36_4:   [xilinx-label-all-loops]
    for(int ti = 0; ti < (736 / 46); ti++)
    ^~~
    VITIS_LOOP_36_4: 
/nethome/mjung76/resnet_rpn_fpn/proj/solution1/.autopilot/db/resnet_layers.pp.0.cpp:35210:5: note: FIX-IT applied suggested code changes
/nethome/mjung76/resnet_rpn_fpn/proj/solution1/.autopilot/db/resnet_layers.pp.0.cpp:35212:9: warning: Added loop label VITIS_LOOP_38_5:   [xilinx-label-all-loops]
        for(int tj = 0; tj < (1280 / 40); tj++)
        ^~~
        VITIS_LOOP_38_5: 
/nethome/mjung76/resnet_rpn_fpn/proj/solution1/.autopilot/db/resnet_layers.pp.0.cpp:35212:9: note: FIX-IT applied suggested code changes
/nethome/mjung76/resnet_rpn_fpn/proj/solution1/.autopilot/db/resnet_layers.pp.0.cpp:35219:13: warning: Added loop label VITIS_LOOP_45_6:   [xilinx-label-all-loops]
            for(int c = 0; c < 3; c++)
            ^~~
            VITIS_LOOP_45_6: 
/nethome/mjung76/resnet_rpn_fpn/proj/solution1/.autopilot/db/resnet_layers.pp.0.cpp:35219:13: note: FIX-IT applied suggested code changes
/nethome/mjung76/resnet_rpn_fpn/proj/solution1/.autopilot/db/resnet_layers.pp.0.cpp:35221:17: warning: Added loop label VITIS_LOOP_47_7:   [xilinx-label-all-loops]
                for(int i = 0; i < 46 + 5; i++)
                ^~~
                VITIS_LOOP_47_7: 
/nethome/mjung76/resnet_rpn_fpn/proj/solution1/.autopilot/db/resnet_layers.pp.0.cpp:35221:17: note: FIX-IT applied suggested code changes
/nethome/mjung76/resnet_rpn_fpn/proj/solution1/.autopilot/db/resnet_layers.pp.0.cpp:35223:21: warning: Added loop label VITIS_LOOP_49_8:   [xilinx-label-all-loops]
                    for(int j = 0; j < 40 + 5; j++)
                    ^~~
                    VITIS_LOOP_49_8: 
/nethome/mjung76/resnet_rpn_fpn/proj/solution1/.autopilot/db/resnet_layers.pp.0.cpp:35223:21: note: FIX-IT applied suggested code changes
/nethome/mjung76/resnet_rpn_fpn/proj/solution1/.autopilot/db/resnet_layers.pp.0.cpp:35252:13: warning: Added loop label VITIS_LOOP_78_9:   [xilinx-label-all-loops]
            for(int f = 0; f < 64; f++)
            ^~~
            VITIS_LOOP_78_9: 
/nethome/mjung76/resnet_rpn_fpn/proj/solution1/.autopilot/db/resnet_layers.pp.0.cpp:35252:13: note: FIX-IT applied suggested code changes
/nethome/mjung76/resnet_rpn_fpn/proj/solution1/.autopilot/db/resnet_layers.pp.0.cpp:35255:17: warning: Added loop label VITIS_LOOP_81_10:   [xilinx-label-all-loops]
                for(int c = 0; c < 3; c++)
                ^~~
                VITIS_LOOP_81_10: 
/nethome/mjung76/resnet_rpn_fpn/proj/solution1/.autopilot/db/resnet_layers.pp.0.cpp:35255:17: note: FIX-IT applied suggested code changes
/nethome/mjung76/resnet_rpn_fpn/proj/solution1/.autopilot/db/resnet_layers.pp.0.cpp:35257:21: warning: Added loop label VITIS_LOOP_83_11:   [xilinx-label-all-loops]
                    for(int kh = 0; kh < 7; kh++)
                    ^~~
                    VITIS_LOOP_83_11: 
/nethome/mjung76/resnet_rpn_fpn/proj/solution1/.autopilot/db/resnet_layers.pp.0.cpp:35257:21: note: FIX-IT applied suggested code changes
/nethome/mjung76/resnet_rpn_fpn/proj/solution1/.autopilot/db/resnet_layers.pp.0.cpp:35259:22: warning: Added loop label VITIS_LOOP_85_12:   [xilinx-label-all-loops]
                     for(int kw = 0; kw < 7; kw++)
                     ^~~
                     VITIS_LOOP_85_12: 
/nethome/mjung76/resnet_rpn_fpn/proj/solution1/.autopilot/db/resnet_layers.pp.0.cpp:35259:22: note: FIX-IT applied suggested code changes
/nethome/mjung76/resnet_rpn_fpn/proj/solution1/.autopilot/db/resnet_layers.pp.0.cpp:35279:13: warning: Added loop label VITIS_LOOP_105_13:   [xilinx-label-all-loops]
            for(int f = 0; f < 64; f++)
            ^~~
            VITIS_LOOP_105_13: 
/nethome/mjung76/resnet_rpn_fpn/proj/solution1/.autopilot/db/resnet_layers.pp.0.cpp:35279:13: note: FIX-IT applied suggested code changes
/nethome/mjung76/resnet_rpn_fpn/proj/solution1/.autopilot/db/resnet_layers.pp.0.cpp:35281:17: warning: Added loop label VITIS_LOOP_107_14:   [xilinx-label-all-loops]
                for(int i = 0; i < 46/S; i++)
                ^~~
                VITIS_LOOP_107_14: 
/nethome/mjung76/resnet_rpn_fpn/proj/solution1/.autopilot/db/resnet_layers.pp.0.cpp:35281:17: note: FIX-IT applied suggested code changes
/nethome/mjung76/resnet_rpn_fpn/proj/solution1/.autopilot/db/resnet_layers.pp.0.cpp:35283:21: warning: Added loop label VITIS_LOOP_109_15:   [xilinx-label-all-loops]
                    for(int j = 0; j < 40/S; j++)
                    ^~~
                    VITIS_LOOP_109_15: 
/nethome/mjung76/resnet_rpn_fpn/proj/solution1/.autopilot/db/resnet_layers.pp.0.cpp:35283:21: note: FIX-IT applied suggested code changes
/nethome/mjung76/resnet_rpn_fpn/proj/solution1/.autopilot/db/resnet_layers.pp.0.cpp:35305:5: warning: Added loop label VITIS_LOOP_131_16:   [xilinx-label-all-loops]
    for(int ti = 0; ti < (368 / 46); ti++)
    ^~~
    VITIS_LOOP_131_16: 
/nethome/mjung76/resnet_rpn_fpn/proj/solution1/.autopilot/db/resnet_layers.pp.0.cpp:35305:5: note: FIX-IT applied suggested code changes
/nethome/mjung76/resnet_rpn_fpn/proj/solution1/.autopilot/db/resnet_layers.pp.0.cpp:35307:8: warning: Added loop label VITIS_LOOP_133_17:   [xilinx-label-all-loops]
       for(int tj = 0; tj < (640 / 40); tj++)
       ^~~
       VITIS_LOOP_133_17: 
/nethome/mjung76/resnet_rpn_fpn/proj/solution1/.autopilot/db/resnet_layers.pp.0.cpp:35307:8: note: FIX-IT applied suggested code changes
/nethome/mjung76/resnet_rpn_fpn/proj/solution1/.autopilot/db/resnet_layers.pp.0.cpp:35310:12: warning: Added loop label VITIS_LOOP_136_18:   [xilinx-label-all-loops]
           for(int c = 0; c < 64; c++)
           ^~~
           VITIS_LOOP_136_18: 
/nethome/mjung76/resnet_rpn_fpn/proj/solution1/.autopilot/db/resnet_layers.pp.0.cpp:35310:12: note: FIX-IT applied suggested code changes
/nethome/mjung76/resnet_rpn_fpn/proj/solution1/.autopilot/db/resnet_layers.pp.0.cpp:35312:16: warning: Added loop label VITIS_LOOP_138_19:   [xilinx-label-all-loops]
               for(int i = 0; i < 46 + P; i++)
               ^~~
               VITIS_LOOP_138_19: 
/nethome/mjung76/resnet_rpn_fpn/proj/solution1/.autopilot/db/resnet_layers.pp.0.cpp:35312:16: note: FIX-IT applied suggested code changes
/nethome/mjung76/resnet_rpn_fpn/proj/solution1/.autopilot/db/resnet_layers.pp.0.cpp:35314:20: warning: Added loop label VITIS_LOOP_140_20:   [xilinx-label-all-loops]
                   for(int j = 0; j < 40 + P; j++)
                   ^~~
                   VITIS_LOOP_140_20: 
/nethome/mjung76/resnet_rpn_fpn/proj/solution1/.autopilot/db/resnet_layers.pp.0.cpp:35314:20: note: FIX-IT applied suggested code changes
/nethome/mjung76/resnet_rpn_fpn/proj/solution1/.autopilot/db/resnet_layers.pp.0.cpp:35330:12: warning: Added loop label VITIS_LOOP_156_21:   [xilinx-label-all-loops]
           for(int c = 0; c < 64; c++)
           ^~~
           VITIS_LOOP_156_21: 
/nethome/mjung76/resnet_rpn_fpn/proj/solution1/.autopilot/db/resnet_layers.pp.0.cpp:35330:12: note: FIX-IT applied suggested code changes
/nethome/mjung76/resnet_rpn_fpn/proj/solution1/.autopilot/db/resnet_layers.pp.0.cpp:35332:16: warning: Added loop label VITIS_LOOP_158_22:   [xilinx-label-all-loops]
               for(int i = P; i < 46 + P; i+=S)
               ^~~
               VITIS_LOOP_158_22: 
/nethome/mjung76/resnet_rpn_fpn/proj/solution1/.autopilot/db/resnet_layers.pp.0.cpp:35332:16: note: FIX-IT applied suggested code changes
/nethome/mjung76/resnet_rpn_fpn/proj/solution1/.autopilot/db/resnet_layers.pp.0.cpp:35334:20: warning: Added loop label VITIS_LOOP_160_23:   [xilinx-label-all-loops]
                   for(int j = P; j < 40 + P; j+=S)
                   ^~~
                   VITIS_LOOP_160_23: 
/nethome/mjung76/resnet_rpn_fpn/proj/solution1/.autopilot/db/resnet_layers.pp.0.cpp:35334:20: note: FIX-IT applied suggested code changes
/nethome/mjung76/resnet_rpn_fpn/proj/solution1/.autopilot/db/resnet_layers.pp.0.cpp:35340:24: warning: Added loop label VITIS_LOOP_166_24:   [xilinx-label-all-loops]
                       for(int m = i-1; m <= i+1; m++)
                       ^~~
                       VITIS_LOOP_166_24: 
/nethome/mjung76/resnet_rpn_fpn/proj/solution1/.autopilot/db/resnet_layers.pp.0.cpp:35340:24: note: FIX-IT applied suggested code changes
/nethome/mjung76/resnet_rpn_fpn/proj/solution1/.autopilot/db/resnet_layers.pp.0.cpp:35342:28: warning: Added loop label VITIS_LOOP_168_25:   [xilinx-label-all-loops]
                           for(int n = j-1; n <= j+1; n++)
                           ^~~
                           VITIS_LOOP_168_25: 
/nethome/mjung76/resnet_rpn_fpn/proj/solution1/.autopilot/db/resnet_layers.pp.0.cpp:35342:28: note: FIX-IT applied suggested code changes
/nethome/mjung76/resnet_rpn_fpn/proj/solution1/.autopilot/db/resnet_layers.pp.0.cpp:35358:12: warning: Added loop label VITIS_LOOP_184_26:   [xilinx-label-all-loops]
           for(int c = 0; c < 64; c++)
           ^~~
           VITIS_LOOP_184_26: 
/nethome/mjung76/resnet_rpn_fpn/proj/solution1/.autopilot/db/resnet_layers.pp.0.cpp:35358:12: note: FIX-IT applied suggested code changes
/nethome/mjung76/resnet_rpn_fpn/proj/solution1/.autopilot/db/resnet_layers.pp.0.cpp:35360:16: warning: Added loop label VITIS_LOOP_186_27:   [xilinx-label-all-loops]
               for(int i = 0; i < 46/S; i++)
               ^~~
               VITIS_LOOP_186_27: 
/nethome/mjung76/resnet_rpn_fpn/proj/solution1/.autopilot/db/resnet_layers.pp.0.cpp:35360:16: note: FIX-IT applied suggested code changes
/nethome/mjung76/resnet_rpn_fpn/proj/solution1/.autopilot/db/resnet_layers.pp.0.cpp:35362:20: warning: Added loop label VITIS_LOOP_188_28:   [xilinx-label-all-loops]
                   for(int j = 0; j < 40/S; j++)
                   ^~~
                   VITIS_LOOP_188_28: 
/nethome/mjung76/resnet_rpn_fpn/proj/solution1/.autopilot/db/resnet_layers.pp.0.cpp:35362:20: note: FIX-IT applied suggested code changes
/nethome/mjung76/resnet_rpn_fpn/proj/solution1/.autopilot/db/resnet_layers.pp.0.cpp:35371:5: warning: Added loop label VITIS_LOOP_197_29:   [xilinx-label-all-loops]
    for(int c = 0; c < 64; c++)
    ^~~
    VITIS_LOOP_197_29: 
/nethome/mjung76/resnet_rpn_fpn/proj/solution1/.autopilot/db/resnet_layers.pp.0.cpp:35371:5: note: FIX-IT applied suggested code changes
/nethome/mjung76/resnet_rpn_fpn/proj/solution1/.autopilot/db/resnet_layers.pp.0.cpp:35373:9: warning: Added loop label VITIS_LOOP_199_30:   [xilinx-label-all-loops]
        for(int h = 0; h < 184; h++)
        ^~~
        VITIS_LOOP_199_30: 
/nethome/mjung76/resnet_rpn_fpn/proj/solution1/.autopilot/db/resnet_layers.pp.0.cpp:35373:9: note: FIX-IT applied suggested code changes
/nethome/mjung76/resnet_rpn_fpn/proj/solution1/.autopilot/db/resnet_layers.pp.0.cpp:35375:13: warning: Added loop label VITIS_LOOP_201_31:   [xilinx-label-all-loops]
            for(int w = 0; w < 320; w++)
            ^~~
            VITIS_LOOP_201_31: 
/nethome/mjung76/resnet_rpn_fpn/proj/solution1/.autopilot/db/resnet_layers.pp.0.cpp:35375:13: note: FIX-IT applied suggested code changes
/nethome/mjung76/resnet_rpn_fpn/proj/solution1/.autopilot/db/resnet_layers.pp.0.cpp:35413:5: warning: Added loop label VITIS_LOOP_36_1:   [xilinx-label-all-loops]
    for(int c = 0; c < 64; c++)
    ^~~
    VITIS_LOOP_36_1: 
/nethome/mjung76/resnet_rpn_fpn/proj/solution1/.autopilot/db/resnet_layers.pp.0.cpp:35413:5: note: FIX-IT applied suggested code changes
/nethome/mjung76/resnet_rpn_fpn/proj/solution1/.autopilot/db/resnet_layers.pp.0.cpp:35415:9: warning: Added loop label VITIS_LOOP_38_2:   [xilinx-label-all-loops]
        for(int h = 0; h < 184; h++)
        ^~~
        VITIS_LOOP_38_2: 
/nethome/mjung76/resnet_rpn_fpn/proj/solution1/.autopilot/db/resnet_layers.pp.0.cpp:35415:9: note: FIX-IT applied suggested code changes
/nethome/mjung76/resnet_rpn_fpn/proj/solution1/.autopilot/db/resnet_layers.pp.0.cpp:35417:13: warning: Added loop label VITIS_LOOP_40_3:   [xilinx-label-all-loops]
            for(int w = 0; w < 320; w++)
            ^~~
            VITIS_LOOP_40_3: 
/nethome/mjung76/resnet_rpn_fpn/proj/solution1/.autopilot/db/resnet_layers.pp.0.cpp:35417:13: note: FIX-IT applied suggested code changes
/nethome/mjung76/resnet_rpn_fpn/proj/solution1/.autopilot/db/resnet_layers.pp.0.cpp:35434:5: warning: Added loop label VITIS_LOOP_57_4:   [xilinx-label-all-loops]
    for(int c = 0; c < 256; c++)
    ^~~
    VITIS_LOOP_57_4: 
/nethome/mjung76/resnet_rpn_fpn/proj/solution1/.autopilot/db/resnet_layers.pp.0.cpp:35434:5: note: FIX-IT applied suggested code changes
/nethome/mjung76/resnet_rpn_fpn/proj/solution1/.autopilot/db/resnet_layers.pp.0.cpp:35436:9: warning: Added loop label VITIS_LOOP_59_5:   [xilinx-label-all-loops]
        for(int h = 0; h < 184; h++)
        ^~~
        VITIS_LOOP_59_5: 
/nethome/mjung76/resnet_rpn_fpn/proj/solution1/.autopilot/db/resnet_layers.pp.0.cpp:35436:9: note: FIX-IT applied suggested code changes
/nethome/mjung76/resnet_rpn_fpn/proj/solution1/.autopilot/db/resnet_layers.pp.0.cpp:35438:13: warning: Added loop label VITIS_LOOP_61_6:   [xilinx-label-all-loops]
            for(int w = 0; w < 320; w++)
            ^~~
            VITIS_LOOP_61_6: 
/nethome/mjung76/resnet_rpn_fpn/proj/solution1/.autopilot/db/resnet_layers.pp.0.cpp:35438:13: note: FIX-IT applied suggested code changes
/nethome/mjung76/resnet_rpn_fpn/proj/solution1/.autopilot/db/resnet_layers.pp.0.cpp:35456:5: warning: Added loop label VITIS_LOOP_79_7:   [xilinx-label-all-loops]
    for(int c = 0; c < 64; c++)
    ^~~
    VITIS_LOOP_79_7: 
/nethome/mjung76/resnet_rpn_fpn/proj/solution1/.autopilot/db/resnet_layers.pp.0.cpp:35456:5: note: FIX-IT applied suggested code changes
/nethome/mjung76/resnet_rpn_fpn/proj/solution1/.autopilot/db/resnet_layers.pp.0.cpp:35458:9: warning: Added loop label VITIS_LOOP_81_8:   [xilinx-label-all-loops]
        for(int h = 0; h < 184; h++)
        ^~~
        VITIS_LOOP_81_8: 
/nethome/mjung76/resnet_rpn_fpn/proj/solution1/.autopilot/db/resnet_layers.pp.0.cpp:35458:9: note: FIX-IT applied suggested code changes
/nethome/mjung76/resnet_rpn_fpn/proj/solution1/.autopilot/db/resnet_layers.pp.0.cpp:35460:13: warning: Added loop label VITIS_LOOP_83_9:   [xilinx-label-all-loops]
            for(int w = 0; w < 320; w++)
            ^~~
            VITIS_LOOP_83_9: 
/nethome/mjung76/resnet_rpn_fpn/proj/solution1/.autopilot/db/resnet_layers.pp.0.cpp:35460:13: note: FIX-IT applied suggested code changes
/nethome/mjung76/resnet_rpn_fpn/proj/solution1/.autopilot/db/resnet_layers.pp.0.cpp:35479:5: warning: Added loop label VITIS_LOOP_102_10:   [xilinx-label-all-loops]
    for(int c = 0; c < 64; c++)
    ^~~
    VITIS_LOOP_102_10: 
/nethome/mjung76/resnet_rpn_fpn/proj/solution1/.autopilot/db/resnet_layers.pp.0.cpp:35479:5: note: FIX-IT applied suggested code changes
/nethome/mjung76/resnet_rpn_fpn/proj/solution1/.autopilot/db/resnet_layers.pp.0.cpp:35481:9: warning: Added loop label VITIS_LOOP_104_11:   [xilinx-label-all-loops]
        for(int h = 0; h < 184; h++)
        ^~~
        VITIS_LOOP_104_11: 
/nethome/mjung76/resnet_rpn_fpn/proj/solution1/.autopilot/db/resnet_layers.pp.0.cpp:35481:9: note: FIX-IT applied suggested code changes
/nethome/mjung76/resnet_rpn_fpn/proj/solution1/.autopilot/db/resnet_layers.pp.0.cpp:35483:13: warning: Added loop label VITIS_LOOP_106_12:   [xilinx-label-all-loops]
            for(int w = 0; w < 320; w++)
            ^~~
            VITIS_LOOP_106_12: 
/nethome/mjung76/resnet_rpn_fpn/proj/solution1/.autopilot/db/resnet_layers.pp.0.cpp:35483:13: note: FIX-IT applied suggested code changes
/nethome/mjung76/resnet_rpn_fpn/proj/solution1/.autopilot/db/resnet_layers.pp.0.cpp:35502:5: warning: Added loop label VITIS_LOOP_125_13:   [xilinx-label-all-loops]
    for(int c = 0; c < 256; c++)
    ^~~
    VITIS_LOOP_125_13: 
/nethome/mjung76/resnet_rpn_fpn/proj/solution1/.autopilot/db/resnet_layers.pp.0.cpp:35502:5: note: FIX-IT applied suggested code changes
/nethome/mjung76/resnet_rpn_fpn/proj/solution1/.autopilot/db/resnet_layers.pp.0.cpp:35504:9: warning: Added loop label VITIS_LOOP_127_14:   [xilinx-label-all-loops]
        for(int h = 0; h < 184; h++)
        ^~~
        VITIS_LOOP_127_14: 
/nethome/mjung76/resnet_rpn_fpn/proj/solution1/.autopilot/db/resnet_layers.pp.0.cpp:35504:9: note: FIX-IT applied suggested code changes
/nethome/mjung76/resnet_rpn_fpn/proj/solution1/.autopilot/db/resnet_layers.pp.0.cpp:35506:13: warning: Added loop label VITIS_LOOP_129_15:   [xilinx-label-all-loops]
            for(int w = 0; w < 320; w++)
            ^~~
            VITIS_LOOP_129_15: 
/nethome/mjung76/resnet_rpn_fpn/proj/solution1/.autopilot/db/resnet_layers.pp.0.cpp:35506:13: note: FIX-IT applied suggested code changes
/nethome/mjung76/resnet_rpn_fpn/proj/solution1/.autopilot/db/resnet_layers.pp.0.cpp:35526:5: warning: Added loop label VITIS_LOOP_149_16:   [xilinx-label-all-loops]
    for(int c = 0; c < 64; c++)
    ^~~
    VITIS_LOOP_149_16: 
/nethome/mjung76/resnet_rpn_fpn/proj/solution1/.autopilot/db/resnet_layers.pp.0.cpp:35526:5: note: FIX-IT applied suggested code changes
/nethome/mjung76/resnet_rpn_fpn/proj/solution1/.autopilot/db/resnet_layers.pp.0.cpp:35528:9: warning: Added loop label VITIS_LOOP_151_17:   [xilinx-label-all-loops]
        for(int h = 0; h < 184; h++)
        ^~~
        VITIS_LOOP_151_17: 
/nethome/mjung76/resnet_rpn_fpn/proj/solution1/.autopilot/db/resnet_layers.pp.0.cpp:35528:9: note: FIX-IT applied suggested code changes
/nethome/mjung76/resnet_rpn_fpn/proj/solution1/.autopilot/db/resnet_layers.pp.0.cpp:35530:13: warning: Added loop label VITIS_LOOP_153_18:   [xilinx-label-all-loops]
            for(int w = 0; w < 320; w++)
            ^~~
            VITIS_LOOP_153_18: 
/nethome/mjung76/resnet_rpn_fpn/proj/solution1/.autopilot/db/resnet_layers.pp.0.cpp:35530:13: note: FIX-IT applied suggested code changes
/nethome/mjung76/resnet_rpn_fpn/proj/solution1/.autopilot/db/resnet_layers.pp.0.cpp:35548:5: warning: Added loop label VITIS_LOOP_171_19:   [xilinx-label-all-loops]
    for(int c = 0; c < 64; c++)
    ^~~
    VITIS_LOOP_171_19: 
/nethome/mjung76/resnet_rpn_fpn/proj/solution1/.autopilot/db/resnet_layers.pp.0.cpp:35548:5: note: FIX-IT applied suggested code changes
/nethome/mjung76/resnet_rpn_fpn/proj/solution1/.autopilot/db/resnet_layers.pp.0.cpp:35550:9: warning: Added loop label VITIS_LOOP_173_20:   [xilinx-label-all-loops]
        for(int h = 0; h < 184; h++)
        ^~~
        VITIS_LOOP_173_20: 
/nethome/mjung76/resnet_rpn_fpn/proj/solution1/.autopilot/db/resnet_layers.pp.0.cpp:35550:9: note: FIX-IT applied suggested code changes
/nethome/mjung76/resnet_rpn_fpn/proj/solution1/.autopilot/db/resnet_layers.pp.0.cpp:35552:13: warning: Added loop label VITIS_LOOP_175_21:   [xilinx-label-all-loops]
            for(int w = 0; w < 320; w++)
            ^~~
            VITIS_LOOP_175_21: 
/nethome/mjung76/resnet_rpn_fpn/proj/solution1/.autopilot/db/resnet_layers.pp.0.cpp:35552:13: note: FIX-IT applied suggested code changes
/nethome/mjung76/resnet_rpn_fpn/proj/solution1/.autopilot/db/resnet_layers.pp.0.cpp:35570:5: warning: Added loop label VITIS_LOOP_193_22:   [xilinx-label-all-loops]
    for(int c = 0; c < 256; c++)
    ^~~
    VITIS_LOOP_193_22: 
/nethome/mjung76/resnet_rpn_fpn/proj/solution1/.autopilot/db/resnet_layers.pp.0.cpp:35570:5: note: FIX-IT applied suggested code changes
/nethome/mjung76/resnet_rpn_fpn/proj/solution1/.autopilot/db/resnet_layers.pp.0.cpp:35572:9: warning: Added loop label VITIS_LOOP_195_23:   [xilinx-label-all-loops]
        for(int h = 0; h < 184; h++)
        ^~~
        VITIS_LOOP_195_23: 
/nethome/mjung76/resnet_rpn_fpn/proj/solution1/.autopilot/db/resnet_layers.pp.0.cpp:35572:9: note: FIX-IT applied suggested code changes
/nethome/mjung76/resnet_rpn_fpn/proj/solution1/.autopilot/db/resnet_layers.pp.0.cpp:35574:13: warning: Added loop label VITIS_LOOP_197_24:   [xilinx-label-all-loops]
            for(int w = 0; w < 320; w++)
            ^~~
            VITIS_LOOP_197_24: 
/nethome/mjung76/resnet_rpn_fpn/proj/solution1/.autopilot/db/resnet_layers.pp.0.cpp:35574:13: note: FIX-IT applied suggested code changes
/nethome/mjung76/resnet_rpn_fpn/proj/solution1/.autopilot/db/resnet_layers.pp.0.cpp:35593:5: warning: Added loop label VITIS_LOOP_216_25:   [xilinx-label-all-loops]
    for(int c = 0; c < 64; c++)
    ^~~
    VITIS_LOOP_216_25: 
/nethome/mjung76/resnet_rpn_fpn/proj/solution1/.autopilot/db/resnet_layers.pp.0.cpp:35593:5: note: FIX-IT applied suggested code changes
/nethome/mjung76/resnet_rpn_fpn/proj/solution1/.autopilot/db/resnet_layers.pp.0.cpp:35595:9: warning: Added loop label VITIS_LOOP_218_26:   [xilinx-label-all-loops]
        for(int h = 0; h < 184; h++)
        ^~~
        VITIS_LOOP_218_26: 
/nethome/mjung76/resnet_rpn_fpn/proj/solution1/.autopilot/db/resnet_layers.pp.0.cpp:35595:9: note: FIX-IT applied suggested code changes
/nethome/mjung76/resnet_rpn_fpn/proj/solution1/.autopilot/db/resnet_layers.pp.0.cpp:35597:13: warning: Added loop label VITIS_LOOP_220_27:   [xilinx-label-all-loops]
            for(int w = 0; w < 320; w++)
            ^~~
            VITIS_LOOP_220_27: 
/nethome/mjung76/resnet_rpn_fpn/proj/solution1/.autopilot/db/resnet_layers.pp.0.cpp:35597:13: note: FIX-IT applied suggested code changes
/nethome/mjung76/resnet_rpn_fpn/proj/solution1/.autopilot/db/resnet_layers.pp.0.cpp:35615:5: warning: Added loop label VITIS_LOOP_238_28:   [xilinx-label-all-loops]
    for(int c = 0; c < 64; c++)
    ^~~
    VITIS_LOOP_238_28: 
/nethome/mjung76/resnet_rpn_fpn/proj/solution1/.autopilot/db/resnet_layers.pp.0.cpp:35615:5: note: FIX-IT applied suggested code changes
/nethome/mjung76/resnet_rpn_fpn/proj/solution1/.autopilot/db/resnet_layers.pp.0.cpp:35617:9: warning: Added loop label VITIS_LOOP_240_29:   [xilinx-label-all-loops]
        for(int h = 0; h < 184; h++)
        ^~~
        VITIS_LOOP_240_29: 
/nethome/mjung76/resnet_rpn_fpn/proj/solution1/.autopilot/db/resnet_layers.pp.0.cpp:35617:9: note: FIX-IT applied suggested code changes
/nethome/mjung76/resnet_rpn_fpn/proj/solution1/.autopilot/db/resnet_layers.pp.0.cpp:35619:13: warning: Added loop label VITIS_LOOP_242_30:   [xilinx-label-all-loops]
            for(int w = 0; w < 320; w++)
            ^~~
            VITIS_LOOP_242_30: 
/nethome/mjung76/resnet_rpn_fpn/proj/solution1/.autopilot/db/resnet_layers.pp.0.cpp:35619:13: note: FIX-IT applied suggested code changes
/nethome/mjung76/resnet_rpn_fpn/proj/solution1/.autopilot/db/resnet_layers.pp.0.cpp:35637:5: warning: Added loop label VITIS_LOOP_260_31:   [xilinx-label-all-loops]
    for(int c = 0; c < 256; c++)
    ^~~
    VITIS_LOOP_260_31: 
/nethome/mjung76/resnet_rpn_fpn/proj/solution1/.autopilot/db/resnet_layers.pp.0.cpp:35637:5: note: FIX-IT applied suggested code changes
/nethome/mjung76/resnet_rpn_fpn/proj/solution1/.autopilot/db/resnet_layers.pp.0.cpp:35639:9: warning: Added loop label VITIS_LOOP_262_32:   [xilinx-label-all-loops]
        for(int h = 0; h < 184; h++)
        ^~~
        VITIS_LOOP_262_32: 
/nethome/mjung76/resnet_rpn_fpn/proj/solution1/.autopilot/db/resnet_layers.pp.0.cpp:35639:9: note: FIX-IT applied suggested code changes
/nethome/mjung76/resnet_rpn_fpn/proj/solution1/.autopilot/db/resnet_layers.pp.0.cpp:35641:13: warning: Added loop label VITIS_LOOP_264_33:   [xilinx-label-all-loops]
            for(int w = 0; w < 320; w++)
            ^~~
            VITIS_LOOP_264_33: 
/nethome/mjung76/resnet_rpn_fpn/proj/solution1/.autopilot/db/resnet_layers.pp.0.cpp:35641:13: note: FIX-IT applied suggested code changes
/nethome/mjung76/resnet_rpn_fpn/proj/solution1/.autopilot/db/resnet_layers.pp.0.cpp:35685:5: warning: Added loop label VITIS_LOOP_42_1:   [xilinx-label-all-loops]
    for(int c = 0; c < 256; c++)
    ^~~
    VITIS_LOOP_42_1: 
/nethome/mjung76/resnet_rpn_fpn/proj/solution1/.autopilot/db/resnet_layers.pp.0.cpp:35685:5: note: FIX-IT applied suggested code changes
/nethome/mjung76/resnet_rpn_fpn/proj/solution1/.autopilot/db/resnet_layers.pp.0.cpp:35687:9: warning: Added loop label VITIS_LOOP_44_2:   [xilinx-label-all-loops]
        for(int h = 0; h < 184; h++)
        ^~~
        VITIS_LOOP_44_2: 
/nethome/mjung76/resnet_rpn_fpn/proj/solution1/.autopilot/db/resnet_layers.pp.0.cpp:35687:9: note: FIX-IT applied suggested code changes
/nethome/mjung76/resnet_rpn_fpn/proj/solution1/.autopilot/db/resnet_layers.pp.0.cpp:35689:13: warning: Added loop label VITIS_LOOP_46_3:   [xilinx-label-all-loops]
            for(int w = 0; w < 320; w++)
            ^~~
            VITIS_LOOP_46_3: 
/nethome/mjung76/resnet_rpn_fpn/proj/solution1/.autopilot/db/resnet_layers.pp.0.cpp:35689:13: note: FIX-IT applied suggested code changes
/nethome/mjung76/resnet_rpn_fpn/proj/solution1/.autopilot/db/resnet_layers.pp.0.cpp:35706:5: warning: Added loop label VITIS_LOOP_63_4:   [xilinx-label-all-loops]
    for(int c = 0; c < 512; c++)
    ^~~
    VITIS_LOOP_63_4: 
/nethome/mjung76/resnet_rpn_fpn/proj/solution1/.autopilot/db/resnet_layers.pp.0.cpp:35706:5: note: FIX-IT applied suggested code changes
/nethome/mjung76/resnet_rpn_fpn/proj/solution1/.autopilot/db/resnet_layers.pp.0.cpp:35708:9: warning: Added loop label VITIS_LOOP_65_5:   [xilinx-label-all-loops]
        for(int h = 0; h < 92; h++)
        ^~~
        VITIS_LOOP_65_5: 
/nethome/mjung76/resnet_rpn_fpn/proj/solution1/.autopilot/db/resnet_layers.pp.0.cpp:35708:9: note: FIX-IT applied suggested code changes
/nethome/mjung76/resnet_rpn_fpn/proj/solution1/.autopilot/db/resnet_layers.pp.0.cpp:35710:13: warning: Added loop label VITIS_LOOP_67_6:   [xilinx-label-all-loops]
            for(int w = 0; w < 160; w++)
            ^~~
            VITIS_LOOP_67_6: 
/nethome/mjung76/resnet_rpn_fpn/proj/solution1/.autopilot/db/resnet_layers.pp.0.cpp:35710:13: note: FIX-IT applied suggested code changes
/nethome/mjung76/resnet_rpn_fpn/proj/solution1/.autopilot/db/resnet_layers.pp.0.cpp:35728:5: warning: Added loop label VITIS_LOOP_85_7:   [xilinx-label-all-loops]
    for(int c = 0; c < 128; c++)
    ^~~
    VITIS_LOOP_85_7: 
/nethome/mjung76/resnet_rpn_fpn/proj/solution1/.autopilot/db/resnet_layers.pp.0.cpp:35728:5: note: FIX-IT applied suggested code changes
/nethome/mjung76/resnet_rpn_fpn/proj/solution1/.autopilot/db/resnet_layers.pp.0.cpp:35730:9: warning: Added loop label VITIS_LOOP_87_8:   [xilinx-label-all-loops]
        for(int h = 0; h < 184; h++)
        ^~~
        VITIS_LOOP_87_8: 
/nethome/mjung76/resnet_rpn_fpn/proj/solution1/.autopilot/db/resnet_layers.pp.0.cpp:35730:9: note: FIX-IT applied suggested code changes
/nethome/mjung76/resnet_rpn_fpn/proj/solution1/.autopilot/db/resnet_layers.pp.0.cpp:35732:13: warning: Added loop label VITIS_LOOP_89_9:   [xilinx-label-all-loops]
            for(int w = 0; w < 320; w++)
            ^~~
            VITIS_LOOP_89_9: 
/nethome/mjung76/resnet_rpn_fpn/proj/solution1/.autopilot/db/resnet_layers.pp.0.cpp:35732:13: note: FIX-IT applied suggested code changes
/nethome/mjung76/resnet_rpn_fpn/proj/solution1/.autopilot/db/resnet_layers.pp.0.cpp:35751:5: warning: Added loop label VITIS_LOOP_108_10:   [xilinx-label-all-loops]
    for(int c = 0; c < 128; c++)
    ^~~
    VITIS_LOOP_108_10: 
/nethome/mjung76/resnet_rpn_fpn/proj/solution1/.autopilot/db/resnet_layers.pp.0.cpp:35751:5: note: FIX-IT applied suggested code changes
/nethome/mjung76/resnet_rpn_fpn/proj/solution1/.autopilot/db/resnet_layers.pp.0.cpp:35753:9: warning: Added loop label VITIS_LOOP_110_11:   [xilinx-label-all-loops]
        for(int h = 0; h < 92; h++)
        ^~~
        VITIS_LOOP_110_11: 
/nethome/mjung76/resnet_rpn_fpn/proj/solution1/.autopilot/db/resnet_layers.pp.0.cpp:35753:9: note: FIX-IT applied suggested code changes
/nethome/mjung76/resnet_rpn_fpn/proj/solution1/.autopilot/db/resnet_layers.pp.0.cpp:35755:13: warning: Added loop label VITIS_LOOP_112_12:   [xilinx-label-all-loops]
            for(int w = 0; w < 160; w++)
            ^~~
            VITIS_LOOP_112_12: 
/nethome/mjung76/resnet_rpn_fpn/proj/solution1/.autopilot/db/resnet_layers.pp.0.cpp:35755:13: note: FIX-IT applied suggested code changes
/nethome/mjung76/resnet_rpn_fpn/proj/solution1/.autopilot/db/resnet_layers.pp.0.cpp:35774:5: warning: Added loop label VITIS_LOOP_131_13:   [xilinx-label-all-loops]
    for(int c = 0; c < 512; c++)
    ^~~
    VITIS_LOOP_131_13: 
/nethome/mjung76/resnet_rpn_fpn/proj/solution1/.autopilot/db/resnet_layers.pp.0.cpp:35774:5: note: FIX-IT applied suggested code changes
/nethome/mjung76/resnet_rpn_fpn/proj/solution1/.autopilot/db/resnet_layers.pp.0.cpp:35776:9: warning: Added loop label VITIS_LOOP_133_14:   [xilinx-label-all-loops]
        for(int h = 0; h < 92; h++)
        ^~~
        VITIS_LOOP_133_14: 
/nethome/mjung76/resnet_rpn_fpn/proj/solution1/.autopilot/db/resnet_layers.pp.0.cpp:35776:9: note: FIX-IT applied suggested code changes
/nethome/mjung76/resnet_rpn_fpn/proj/solution1/.autopilot/db/resnet_layers.pp.0.cpp:35778:13: warning: Added loop label VITIS_LOOP_135_15:   [xilinx-label-all-loops]
            for(int w = 0; w < 160; w++)
            ^~~
            VITIS_LOOP_135_15: 
/nethome/mjung76/resnet_rpn_fpn/proj/solution1/.autopilot/db/resnet_layers.pp.0.cpp:35778:13: note: FIX-IT applied suggested code changes
/nethome/mjung76/resnet_rpn_fpn/proj/solution1/.autopilot/db/resnet_layers.pp.0.cpp:35798:5: warning: Added loop label VITIS_LOOP_155_16:   [xilinx-label-all-loops]
    for(int c = 0; c < 128; c++)
    ^~~
    VITIS_LOOP_155_16: 
/nethome/mjung76/resnet_rpn_fpn/proj/solution1/.autopilot/db/resnet_layers.pp.0.cpp:35798:5: note: FIX-IT applied suggested code changes
/nethome/mjung76/resnet_rpn_fpn/proj/solution1/.autopilot/db/resnet_layers.pp.0.cpp:35800:9: warning: Added loop label VITIS_LOOP_157_17:   [xilinx-label-all-loops]
        for(int h = 0; h < 92; h++)
        ^~~
        VITIS_LOOP_157_17: 
/nethome/mjung76/resnet_rpn_fpn/proj/solution1/.autopilot/db/resnet_layers.pp.0.cpp:35800:9: note: FIX-IT applied suggested code changes
/nethome/mjung76/resnet_rpn_fpn/proj/solution1/.autopilot/db/resnet_layers.pp.0.cpp:35802:13: warning: Added loop label VITIS_LOOP_159_18:   [xilinx-label-all-loops]
            for(int w = 0; w < 160; w++)
            ^~~
            VITIS_LOOP_159_18: 
/nethome/mjung76/resnet_rpn_fpn/proj/solution1/.autopilot/db/resnet_layers.pp.0.cpp:35802:13: note: FIX-IT applied suggested code changes
/nethome/mjung76/resnet_rpn_fpn/proj/solution1/.autopilot/db/resnet_layers.pp.0.cpp:35820:5: warning: Added loop label VITIS_LOOP_177_19:   [xilinx-label-all-loops]
    for(int c = 0; c < 128; c++)
    ^~~
    VITIS_LOOP_177_19: 
/nethome/mjung76/resnet_rpn_fpn/proj/solution1/.autopilot/db/resnet_layers.pp.0.cpp:35820:5: note: FIX-IT applied suggested code changes
/nethome/mjung76/resnet_rpn_fpn/proj/solution1/.autopilot/db/resnet_layers.pp.0.cpp:35822:9: warning: Added loop label VITIS_LOOP_179_20:   [xilinx-label-all-loops]
        for(int h = 0; h < 92; h++)
        ^~~
        VITIS_LOOP_179_20: 
/nethome/mjung76/resnet_rpn_fpn/proj/solution1/.autopilot/db/resnet_layers.pp.0.cpp:35822:9: note: FIX-IT applied suggested code changes
/nethome/mjung76/resnet_rpn_fpn/proj/solution1/.autopilot/db/resnet_layers.pp.0.cpp:35824:13: warning: Added loop label VITIS_LOOP_181_21:   [xilinx-label-all-loops]
            for(int w = 0; w < 160; w++)
            ^~~
            VITIS_LOOP_181_21: 
/nethome/mjung76/resnet_rpn_fpn/proj/solution1/.autopilot/db/resnet_layers.pp.0.cpp:35824:13: note: FIX-IT applied suggested code changes
/nethome/mjung76/resnet_rpn_fpn/proj/solution1/.autopilot/db/resnet_layers.pp.0.cpp:35842:5: warning: Added loop label VITIS_LOOP_199_22:   [xilinx-label-all-loops]
    for(int c = 0; c < 512; c++)
    ^~~
    VITIS_LOOP_199_22: 
/nethome/mjung76/resnet_rpn_fpn/proj/solution1/.autopilot/db/resnet_layers.pp.0.cpp:35842:5: note: FIX-IT applied suggested code changes
/nethome/mjung76/resnet_rpn_fpn/proj/solution1/.autopilot/db/resnet_layers.pp.0.cpp:35844:9: warning: Added loop label VITIS_LOOP_201_23:   [xilinx-label-all-loops]
        for(int h = 0; h < 92; h++)
        ^~~
        VITIS_LOOP_201_23: 
/nethome/mjung76/resnet_rpn_fpn/proj/solution1/.autopilot/db/resnet_layers.pp.0.cpp:35844:9: note: FIX-IT applied suggested code changes
/nethome/mjung76/resnet_rpn_fpn/proj/solution1/.autopilot/db/resnet_layers.pp.0.cpp:35846:13: warning: Added loop label VITIS_LOOP_203_24:   [xilinx-label-all-loops]
            for(int w = 0; w < 160; w++)
            ^~~
            VITIS_LOOP_203_24: 
/nethome/mjung76/resnet_rpn_fpn/proj/solution1/.autopilot/db/resnet_layers.pp.0.cpp:35846:13: note: FIX-IT applied suggested code changes
/nethome/mjung76/resnet_rpn_fpn/proj/solution1/.autopilot/db/resnet_layers.pp.0.cpp:35865:5: warning: Added loop label VITIS_LOOP_222_25:   [xilinx-label-all-loops]
    for(int c = 0; c < 128; c++)
    ^~~
    VITIS_LOOP_222_25: 
/nethome/mjung76/resnet_rpn_fpn/proj/solution1/.autopilot/db/resnet_layers.pp.0.cpp:35865:5: note: FIX-IT applied suggested code changes
/nethome/mjung76/resnet_rpn_fpn/proj/solution1/.autopilot/db/resnet_layers.pp.0.cpp:35867:9: warning: Added loop label VITIS_LOOP_224_26:   [xilinx-label-all-loops]
        for(int h = 0; h < 92; h++)
        ^~~
        VITIS_LOOP_224_26: 
/nethome/mjung76/resnet_rpn_fpn/proj/solution1/.autopilot/db/resnet_layers.pp.0.cpp:35867:9: note: FIX-IT applied suggested code changes
/nethome/mjung76/resnet_rpn_fpn/proj/solution1/.autopilot/db/resnet_layers.pp.0.cpp:35869:13: warning: Added loop label VITIS_LOOP_226_27:   [xilinx-label-all-loops]
            for(int w = 0; w < 160; w++)
            ^~~
            VITIS_LOOP_226_27: 
/nethome/mjung76/resnet_rpn_fpn/proj/solution1/.autopilot/db/resnet_layers.pp.0.cpp:35869:13: note: FIX-IT applied suggested code changes
/nethome/mjung76/resnet_rpn_fpn/proj/solution1/.autopilot/db/resnet_layers.pp.0.cpp:35887:5: warning: Added loop label VITIS_LOOP_244_28:   [xilinx-label-all-loops]
    for(int c = 0; c < 128; c++)
    ^~~
    VITIS_LOOP_244_28: 
/nethome/mjung76/resnet_rpn_fpn/proj/solution1/.autopilot/db/resnet_layers.pp.0.cpp:35887:5: note: FIX-IT applied suggested code changes
/nethome/mjung76/resnet_rpn_fpn/proj/solution1/.autopilot/db/resnet_layers.pp.0.cpp:35889:9: warning: Added loop label VITIS_LOOP_246_29:   [xilinx-label-all-loops]
        for(int h = 0; h < 92; h++)
        ^~~
        VITIS_LOOP_246_29: 
/nethome/mjung76/resnet_rpn_fpn/proj/solution1/.autopilot/db/resnet_layers.pp.0.cpp:35889:9: note: FIX-IT applied suggested code changes
/nethome/mjung76/resnet_rpn_fpn/proj/solution1/.autopilot/db/resnet_layers.pp.0.cpp:35891:13: warning: Added loop label VITIS_LOOP_248_30:   [xilinx-label-all-loops]
            for(int w = 0; w < 160; w++)
            ^~~
            VITIS_LOOP_248_30: 
/nethome/mjung76/resnet_rpn_fpn/proj/solution1/.autopilot/db/resnet_layers.pp.0.cpp:35891:13: note: FIX-IT applied suggested code changes
/nethome/mjung76/resnet_rpn_fpn/proj/solution1/.autopilot/db/resnet_layers.pp.0.cpp:35909:5: warning: Added loop label VITIS_LOOP_266_31:   [xilinx-label-all-loops]
    for(int c = 0; c < 512; c++)
    ^~~
    VITIS_LOOP_266_31: 
/nethome/mjung76/resnet_rpn_fpn/proj/solution1/.autopilot/db/resnet_layers.pp.0.cpp:35909:5: note: FIX-IT applied suggested code changes
/nethome/mjung76/resnet_rpn_fpn/proj/solution1/.autopilot/db/resnet_layers.pp.0.cpp:35911:9: warning: Added loop label VITIS_LOOP_268_32:   [xilinx-label-all-loops]
        for(int h = 0; h < 92; h++)
        ^~~
        VITIS_LOOP_268_32: 
/nethome/mjung76/resnet_rpn_fpn/proj/solution1/.autopilot/db/resnet_layers.pp.0.cpp:35911:9: note: FIX-IT applied suggested code changes
/nethome/mjung76/resnet_rpn_fpn/proj/solution1/.autopilot/db/resnet_layers.pp.0.cpp:35913:13: warning: Added loop label VITIS_LOOP_270_33:   [xilinx-label-all-loops]
            for(int w = 0; w < 160; w++)
            ^~~
            VITIS_LOOP_270_33: 
/nethome/mjung76/resnet_rpn_fpn/proj/solution1/.autopilot/db/resnet_layers.pp.0.cpp:35913:13: note: FIX-IT applied suggested code changes
/nethome/mjung76/resnet_rpn_fpn/proj/solution1/.autopilot/db/resnet_layers.pp.0.cpp:35932:5: warning: Added loop label VITIS_LOOP_289_34:   [xilinx-label-all-loops]
    for(int c = 0; c < 128; c++)
    ^~~
    VITIS_LOOP_289_34: 
/nethome/mjung76/resnet_rpn_fpn/proj/solution1/.autopilot/db/resnet_layers.pp.0.cpp:35932:5: note: FIX-IT applied suggested code changes
/nethome/mjung76/resnet_rpn_fpn/proj/solution1/.autopilot/db/resnet_layers.pp.0.cpp:35934:9: warning: Added loop label VITIS_LOOP_291_35:   [xilinx-label-all-loops]
        for(int h = 0; h < 92; h++)
        ^~~
        VITIS_LOOP_291_35: 
/nethome/mjung76/resnet_rpn_fpn/proj/solution1/.autopilot/db/resnet_layers.pp.0.cpp:35934:9: note: FIX-IT applied suggested code changes
/nethome/mjung76/resnet_rpn_fpn/proj/solution1/.autopilot/db/resnet_layers.pp.0.cpp:35936:13: warning: Added loop label VITIS_LOOP_293_36:   [xilinx-label-all-loops]
            for(int w = 0; w < 160; w++)
            ^~~
            VITIS_LOOP_293_36: 
/nethome/mjung76/resnet_rpn_fpn/proj/solution1/.autopilot/db/resnet_layers.pp.0.cpp:35936:13: note: FIX-IT applied suggested code changes
/nethome/mjung76/resnet_rpn_fpn/proj/solution1/.autopilot/db/resnet_layers.pp.0.cpp:35954:5: warning: Added loop label VITIS_LOOP_311_37:   [xilinx-label-all-loops]
    for(int c = 0; c < 128; c++)
    ^~~
    VITIS_LOOP_311_37: 
/nethome/mjung76/resnet_rpn_fpn/proj/solution1/.autopilot/db/resnet_layers.pp.0.cpp:35954:5: note: FIX-IT applied suggested code changes
/nethome/mjung76/resnet_rpn_fpn/proj/solution1/.autopilot/db/resnet_layers.pp.0.cpp:35956:9: warning: Added loop label VITIS_LOOP_313_38:   [xilinx-label-all-loops]
        for(int h = 0; h < 92; h++)
        ^~~
        VITIS_LOOP_313_38: 
/nethome/mjung76/resnet_rpn_fpn/proj/solution1/.autopilot/db/resnet_layers.pp.0.cpp:35956:9: note: FIX-IT applied suggested code changes
/nethome/mjung76/resnet_rpn_fpn/proj/solution1/.autopilot/db/resnet_layers.pp.0.cpp:35958:13: warning: Added loop label VITIS_LOOP_315_39:   [xilinx-label-all-loops]
            for(int w = 0; w < 160; w++)
            ^~~
            VITIS_LOOP_315_39: 
/nethome/mjung76/resnet_rpn_fpn/proj/solution1/.autopilot/db/resnet_layers.pp.0.cpp:35958:13: note: FIX-IT applied suggested code changes
/nethome/mjung76/resnet_rpn_fpn/proj/solution1/.autopilot/db/resnet_layers.pp.0.cpp:35976:5: warning: Added loop label VITIS_LOOP_333_40:   [xilinx-label-all-loops]
    for(int c = 0; c < 512; c++)
    ^~~
    VITIS_LOOP_333_40: 
/nethome/mjung76/resnet_rpn_fpn/proj/solution1/.autopilot/db/resnet_layers.pp.0.cpp:35976:5: note: FIX-IT applied suggested code changes
/nethome/mjung76/resnet_rpn_fpn/proj/solution1/.autopilot/db/resnet_layers.pp.0.cpp:35978:9: warning: Added loop label VITIS_LOOP_335_41:   [xilinx-label-all-loops]
        for(int h = 0; h < 92; h++)
        ^~~
        VITIS_LOOP_335_41: 
/nethome/mjung76/resnet_rpn_fpn/proj/solution1/.autopilot/db/resnet_layers.pp.0.cpp:35978:9: note: FIX-IT applied suggested code changes
/nethome/mjung76/resnet_rpn_fpn/proj/solution1/.autopilot/db/resnet_layers.pp.0.cpp:35980:13: warning: Added loop label VITIS_LOOP_337_42:   [xilinx-label-all-loops]
            for(int w = 0; w < 160; w++)
            ^~~
            VITIS_LOOP_337_42: 
/nethome/mjung76/resnet_rpn_fpn/proj/solution1/.autopilot/db/resnet_layers.pp.0.cpp:35980:13: note: FIX-IT applied suggested code changes
/nethome/mjung76/resnet_rpn_fpn/proj/solution1/.autopilot/db/resnet_layers.pp.0.cpp:36036:5: warning: Added loop label VITIS_LOOP_54_1:   [xilinx-label-all-loops]
    for(int c = 0; c < 512; c++)
    ^~~
    VITIS_LOOP_54_1: 
/nethome/mjung76/resnet_rpn_fpn/proj/solution1/.autopilot/db/resnet_layers.pp.0.cpp:36036:5: note: FIX-IT applied suggested code changes
/nethome/mjung76/resnet_rpn_fpn/proj/solution1/.autopilot/db/resnet_layers.pp.0.cpp:36038:9: warning: Added loop label VITIS_LOOP_56_2:   [xilinx-label-all-loops]
        for(int h = 0; h < 92; h++)
        ^~~
        VITIS_LOOP_56_2: 
/nethome/mjung76/resnet_rpn_fpn/proj/solution1/.autopilot/db/resnet_layers.pp.0.cpp:36038:9: note: FIX-IT applied suggested code changes
/nethome/mjung76/resnet_rpn_fpn/proj/solution1/.autopilot/db/resnet_layers.pp.0.cpp:36040:13: warning: Added loop label VITIS_LOOP_58_3:   [xilinx-label-all-loops]
            for(int w = 0; w < 160; w++)
            ^~~
            VITIS_LOOP_58_3: 
/nethome/mjung76/resnet_rpn_fpn/proj/solution1/.autopilot/db/resnet_layers.pp.0.cpp:36040:13: note: FIX-IT applied suggested code changes
/nethome/mjung76/resnet_rpn_fpn/proj/solution1/.autopilot/db/resnet_layers.pp.0.cpp:36057:5: warning: Added loop label VITIS_LOOP_75_4:   [xilinx-label-all-loops]
    for(int c = 0; c < 1024; c++)
    ^~~
    VITIS_LOOP_75_4: 
/nethome/mjung76/resnet_rpn_fpn/proj/solution1/.autopilot/db/resnet_layers.pp.0.cpp:36057:5: note: FIX-IT applied suggested code changes
/nethome/mjung76/resnet_rpn_fpn/proj/solution1/.autopilot/db/resnet_layers.pp.0.cpp:36059:9: warning: Added loop label VITIS_LOOP_77_5:   [xilinx-label-all-loops]
        for(int h = 0; h < 46; h++)
        ^~~
        VITIS_LOOP_77_5: 
/nethome/mjung76/resnet_rpn_fpn/proj/solution1/.autopilot/db/resnet_layers.pp.0.cpp:36059:9: note: FIX-IT applied suggested code changes
/nethome/mjung76/resnet_rpn_fpn/proj/solution1/.autopilot/db/resnet_layers.pp.0.cpp:36061:13: warning: Added loop label VITIS_LOOP_79_6:   [xilinx-label-all-loops]
            for(int w = 0; w < 80; w++)
            ^~~
            VITIS_LOOP_79_6: 
/nethome/mjung76/resnet_rpn_fpn/proj/solution1/.autopilot/db/resnet_layers.pp.0.cpp:36061:13: note: FIX-IT applied suggested code changes
/nethome/mjung76/resnet_rpn_fpn/proj/solution1/.autopilot/db/resnet_layers.pp.0.cpp:36079:5: warning: Added loop label VITIS_LOOP_97_7:   [xilinx-label-all-loops]
    for(int c = 0; c < 256; c++)
    ^~~
    VITIS_LOOP_97_7: 
/nethome/mjung76/resnet_rpn_fpn/proj/solution1/.autopilot/db/resnet_layers.pp.0.cpp:36079:5: note: FIX-IT applied suggested code changes
/nethome/mjung76/resnet_rpn_fpn/proj/solution1/.autopilot/db/resnet_layers.pp.0.cpp:36081:9: warning: Added loop label VITIS_LOOP_99_8:   [xilinx-label-all-loops]
        for(int h = 0; h < 92; h++)
        ^~~
        VITIS_LOOP_99_8: 
/nethome/mjung76/resnet_rpn_fpn/proj/solution1/.autopilot/db/resnet_layers.pp.0.cpp:36081:9: note: FIX-IT applied suggested code changes
/nethome/mjung76/resnet_rpn_fpn/proj/solution1/.autopilot/db/resnet_layers.pp.0.cpp:36083:13: warning: Added loop label VITIS_LOOP_101_9:   [xilinx-label-all-loops]
            for(int w = 0; w < 160; w++)
            ^~~
            VITIS_LOOP_101_9: 
/nethome/mjung76/resnet_rpn_fpn/proj/solution1/.autopilot/db/resnet_layers.pp.0.cpp:36083:13: note: FIX-IT applied suggested code changes
/nethome/mjung76/resnet_rpn_fpn/proj/solution1/.autopilot/db/resnet_layers.pp.0.cpp:36102:5: warning: Added loop label VITIS_LOOP_120_10:   [xilinx-label-all-loops]
    for(int c = 0; c < 256; c++)
    ^~~
    VITIS_LOOP_120_10: 
/nethome/mjung76/resnet_rpn_fpn/proj/solution1/.autopilot/db/resnet_layers.pp.0.cpp:36102:5: note: FIX-IT applied suggested code changes
/nethome/mjung76/resnet_rpn_fpn/proj/solution1/.autopilot/db/resnet_layers.pp.0.cpp:36104:9: warning: Added loop label VITIS_LOOP_122_11:   [xilinx-label-all-loops]
        for(int h = 0; h < 46; h++)
        ^~~
        VITIS_LOOP_122_11: 
/nethome/mjung76/resnet_rpn_fpn/proj/solution1/.autopilot/db/resnet_layers.pp.0.cpp:36104:9: note: FIX-IT applied suggested code changes
/nethome/mjung76/resnet_rpn_fpn/proj/solution1/.autopilot/db/resnet_layers.pp.0.cpp:36106:13: warning: Added loop label VITIS_LOOP_124_12:   [xilinx-label-all-loops]
            for(int w = 0; w < 80; w++)
            ^~~
            VITIS_LOOP_124_12: 
/nethome/mjung76/resnet_rpn_fpn/proj/solution1/.autopilot/db/resnet_layers.pp.0.cpp:36106:13: note: FIX-IT applied suggested code changes
/nethome/mjung76/resnet_rpn_fpn/proj/solution1/.autopilot/db/resnet_layers.pp.0.cpp:36125:5: warning: Added loop label VITIS_LOOP_143_13:   [xilinx-label-all-loops]
    for(int c = 0; c < 1024; c++)
    ^~~
    VITIS_LOOP_143_13: 
/nethome/mjung76/resnet_rpn_fpn/proj/solution1/.autopilot/db/resnet_layers.pp.0.cpp:36125:5: note: FIX-IT applied suggested code changes
/nethome/mjung76/resnet_rpn_fpn/proj/solution1/.autopilot/db/resnet_layers.pp.0.cpp:36127:9: warning: Added loop label VITIS_LOOP_145_14:   [xilinx-label-all-loops]
        for(int h = 0; h < 46; h++)
        ^~~
        VITIS_LOOP_145_14: 
/nethome/mjung76/resnet_rpn_fpn/proj/solution1/.autopilot/db/resnet_layers.pp.0.cpp:36127:9: note: FIX-IT applied suggested code changes
/nethome/mjung76/resnet_rpn_fpn/proj/solution1/.autopilot/db/resnet_layers.pp.0.cpp:36129:13: warning: Added loop label VITIS_LOOP_147_15:   [xilinx-label-all-loops]
            for(int w = 0; w < 80; w++)
            ^~~
            VITIS_LOOP_147_15: 
/nethome/mjung76/resnet_rpn_fpn/proj/solution1/.autopilot/db/resnet_layers.pp.0.cpp:36129:13: note: FIX-IT applied suggested code changes
/nethome/mjung76/resnet_rpn_fpn/proj/solution1/.autopilot/db/resnet_layers.pp.0.cpp:36149:5: warning: Added loop label VITIS_LOOP_167_16:   [xilinx-label-all-loops]
    for(int c = 0; c < 256; c++)
    ^~~
    VITIS_LOOP_167_16: 
/nethome/mjung76/resnet_rpn_fpn/proj/solution1/.autopilot/db/resnet_layers.pp.0.cpp:36149:5: note: FIX-IT applied suggested code changes
/nethome/mjung76/resnet_rpn_fpn/proj/solution1/.autopilot/db/resnet_layers.pp.0.cpp:36151:9: warning: Added loop label VITIS_LOOP_169_17:   [xilinx-label-all-loops]
        for(int h = 0; h < 46; h++)
        ^~~
        VITIS_LOOP_169_17: 
/nethome/mjung76/resnet_rpn_fpn/proj/solution1/.autopilot/db/resnet_layers.pp.0.cpp:36151:9: note: FIX-IT applied suggested code changes
/nethome/mjung76/resnet_rpn_fpn/proj/solution1/.autopilot/db/resnet_layers.pp.0.cpp:36153:13: warning: Added loop label VITIS_LOOP_171_18:   [xilinx-label-all-loops]
            for(int w = 0; w < 80; w++)
            ^~~
            VITIS_LOOP_171_18: 
/nethome/mjung76/resnet_rpn_fpn/proj/solution1/.autopilot/db/resnet_layers.pp.0.cpp:36153:13: note: FIX-IT applied suggested code changes
/nethome/mjung76/resnet_rpn_fpn/proj/solution1/.autopilot/db/resnet_layers.pp.0.cpp:36171:5: warning: Added loop label VITIS_LOOP_189_19:   [xilinx-label-all-loops]
    for(int c = 0; c < 256; c++)
    ^~~
    VITIS_LOOP_189_19: 
/nethome/mjung76/resnet_rpn_fpn/proj/solution1/.autopilot/db/resnet_layers.pp.0.cpp:36171:5: note: FIX-IT applied suggested code changes
/nethome/mjung76/resnet_rpn_fpn/proj/solution1/.autopilot/db/resnet_layers.pp.0.cpp:36173:9: warning: Added loop label VITIS_LOOP_191_20:   [xilinx-label-all-loops]
        for(int h = 0; h < 46; h++)
        ^~~
        VITIS_LOOP_191_20: 
/nethome/mjung76/resnet_rpn_fpn/proj/solution1/.autopilot/db/resnet_layers.pp.0.cpp:36173:9: note: FIX-IT applied suggested code changes
/nethome/mjung76/resnet_rpn_fpn/proj/solution1/.autopilot/db/resnet_layers.pp.0.cpp:36175:13: warning: Added loop label VITIS_LOOP_193_21:   [xilinx-label-all-loops]
            for(int w = 0; w < 80; w++)
            ^~~
            VITIS_LOOP_193_21: 
/nethome/mjung76/resnet_rpn_fpn/proj/solution1/.autopilot/db/resnet_layers.pp.0.cpp:36175:13: note: FIX-IT applied suggested code changes
/nethome/mjung76/resnet_rpn_fpn/proj/solution1/.autopilot/db/resnet_layers.pp.0.cpp:36193:5: warning: Added loop label VITIS_LOOP_211_22:   [xilinx-label-all-loops]
    for(int c = 0; c < 1024; c++)
    ^~~
    VITIS_LOOP_211_22: 
/nethome/mjung76/resnet_rpn_fpn/proj/solution1/.autopilot/db/resnet_layers.pp.0.cpp:36193:5: note: FIX-IT applied suggested code changes
/nethome/mjung76/resnet_rpn_fpn/proj/solution1/.autopilot/db/resnet_layers.pp.0.cpp:36195:9: warning: Added loop label VITIS_LOOP_213_23:   [xilinx-label-all-loops]
        for(int h = 0; h < 46; h++)
        ^~~
        VITIS_LOOP_213_23: 
/nethome/mjung76/resnet_rpn_fpn/proj/solution1/.autopilot/db/resnet_layers.pp.0.cpp:36195:9: note: FIX-IT applied suggested code changes
/nethome/mjung76/resnet_rpn_fpn/proj/solution1/.autopilot/db/resnet_layers.pp.0.cpp:36197:13: warning: Added loop label VITIS_LOOP_215_24:   [xilinx-label-all-loops]
            for(int w = 0; w < 80; w++)
            ^~~
            VITIS_LOOP_215_24: 
/nethome/mjung76/resnet_rpn_fpn/proj/solution1/.autopilot/db/resnet_layers.pp.0.cpp:36197:13: note: FIX-IT applied suggested code changes
/nethome/mjung76/resnet_rpn_fpn/proj/solution1/.autopilot/db/resnet_layers.pp.0.cpp:36216:5: warning: Added loop label VITIS_LOOP_234_25:   [xilinx-label-all-loops]
    for(int c = 0; c < 256; c++)
    ^~~
    VITIS_LOOP_234_25: 
/nethome/mjung76/resnet_rpn_fpn/proj/solution1/.autopilot/db/resnet_layers.pp.0.cpp:36216:5: note: FIX-IT applied suggested code changes
/nethome/mjung76/resnet_rpn_fpn/proj/solution1/.autopilot/db/resnet_layers.pp.0.cpp:36218:9: warning: Added loop label VITIS_LOOP_236_26:   [xilinx-label-all-loops]
        for(int h = 0; h < 46; h++)
        ^~~
        VITIS_LOOP_236_26: 
/nethome/mjung76/resnet_rpn_fpn/proj/solution1/.autopilot/db/resnet_layers.pp.0.cpp:36218:9: note: FIX-IT applied suggested code changes
/nethome/mjung76/resnet_rpn_fpn/proj/solution1/.autopilot/db/resnet_layers.pp.0.cpp:36220:13: warning: Added loop label VITIS_LOOP_238_27:   [xilinx-label-all-loops]
            for(int w = 0; w < 80; w++)
            ^~~
            VITIS_LOOP_238_27: 
/nethome/mjung76/resnet_rpn_fpn/proj/solution1/.autopilot/db/resnet_layers.pp.0.cpp:36220:13: note: FIX-IT applied suggested code changes
/nethome/mjung76/resnet_rpn_fpn/proj/solution1/.autopilot/db/resnet_layers.pp.0.cpp:36238:5: warning: Added loop label VITIS_LOOP_256_28:   [xilinx-label-all-loops]
    for(int c = 0; c < 256; c++)
    ^~~
    VITIS_LOOP_256_28: 
/nethome/mjung76/resnet_rpn_fpn/proj/solution1/.autopilot/db/resnet_layers.pp.0.cpp:36238:5: note: FIX-IT applied suggested code changes
/nethome/mjung76/resnet_rpn_fpn/proj/solution1/.autopilot/db/resnet_layers.pp.0.cpp:36240:9: warning: Added loop label VITIS_LOOP_258_29:   [xilinx-label-all-loops]
        for(int h = 0; h < 46; h++)
        ^~~
        VITIS_LOOP_258_29: 
/nethome/mjung76/resnet_rpn_fpn/proj/solution1/.autopilot/db/resnet_layers.pp.0.cpp:36240:9: note: FIX-IT applied suggested code changes
/nethome/mjung76/resnet_rpn_fpn/proj/solution1/.autopilot/db/resnet_layers.pp.0.cpp:36242:13: warning: Added loop label VITIS_LOOP_260_30:   [xilinx-label-all-loops]
            for(int w = 0; w < 80; w++)
            ^~~
            VITIS_LOOP_260_30: 
/nethome/mjung76/resnet_rpn_fpn/proj/solution1/.autopilot/db/resnet_layers.pp.0.cpp:36242:13: note: FIX-IT applied suggested code changes
/nethome/mjung76/resnet_rpn_fpn/proj/solution1/.autopilot/db/resnet_layers.pp.0.cpp:36260:5: warning: Added loop label VITIS_LOOP_278_31:   [xilinx-label-all-loops]
    for(int c = 0; c < 1024; c++)
    ^~~
    VITIS_LOOP_278_31: 
/nethome/mjung76/resnet_rpn_fpn/proj/solution1/.autopilot/db/resnet_layers.pp.0.cpp:36260:5: note: FIX-IT applied suggested code changes
/nethome/mjung76/resnet_rpn_fpn/proj/solution1/.autopilot/db/resnet_layers.pp.0.cpp:36262:9: warning: Added loop label VITIS_LOOP_280_32:   [xilinx-label-all-loops]
        for(int h = 0; h < 46; h++)
        ^~~
        VITIS_LOOP_280_32: 
/nethome/mjung76/resnet_rpn_fpn/proj/solution1/.autopilot/db/resnet_layers.pp.0.cpp:36262:9: note: FIX-IT applied suggested code changes
/nethome/mjung76/resnet_rpn_fpn/proj/solution1/.autopilot/db/resnet_layers.pp.0.cpp:36264:13: warning: Added loop label VITIS_LOOP_282_33:   [xilinx-label-all-loops]
            for(int w = 0; w < 80; w++)
            ^~~
            VITIS_LOOP_282_33: 
/nethome/mjung76/resnet_rpn_fpn/proj/solution1/.autopilot/db/resnet_layers.pp.0.cpp:36264:13: note: FIX-IT applied suggested code changes
/nethome/mjung76/resnet_rpn_fpn/proj/solution1/.autopilot/db/resnet_layers.pp.0.cpp:36283:5: warning: Added loop label VITIS_LOOP_301_34:   [xilinx-label-all-loops]
    for(int c = 0; c < 256; c++)
    ^~~
    VITIS_LOOP_301_34: 
/nethome/mjung76/resnet_rpn_fpn/proj/solution1/.autopilot/db/resnet_layers.pp.0.cpp:36283:5: note: FIX-IT applied suggested code changes
/nethome/mjung76/resnet_rpn_fpn/proj/solution1/.autopilot/db/resnet_layers.pp.0.cpp:36285:9: warning: Added loop label VITIS_LOOP_303_35:   [xilinx-label-all-loops]
        for(int h = 0; h < 46; h++)
        ^~~
        VITIS_LOOP_303_35: 
/nethome/mjung76/resnet_rpn_fpn/proj/solution1/.autopilot/db/resnet_layers.pp.0.cpp:36285:9: note: FIX-IT applied suggested code changes
/nethome/mjung76/resnet_rpn_fpn/proj/solution1/.autopilot/db/resnet_layers.pp.0.cpp:36287:13: warning: Added loop label VITIS_LOOP_305_36:   [xilinx-label-all-loops]
            for(int w = 0; w < 80; w++)
            ^~~
            VITIS_LOOP_305_36: 
/nethome/mjung76/resnet_rpn_fpn/proj/solution1/.autopilot/db/resnet_layers.pp.0.cpp:36287:13: note: FIX-IT applied suggested code changes
/nethome/mjung76/resnet_rpn_fpn/proj/solution1/.autopilot/db/resnet_layers.pp.0.cpp:36305:5: warning: Added loop label VITIS_LOOP_323_37:   [xilinx-label-all-loops]
    for(int c = 0; c < 256; c++)
    ^~~
    VITIS_LOOP_323_37: 
/nethome/mjung76/resnet_rpn_fpn/proj/solution1/.autopilot/db/resnet_layers.pp.0.cpp:36305:5: note: FIX-IT applied suggested code changes
/nethome/mjung76/resnet_rpn_fpn/proj/solution1/.autopilot/db/resnet_layers.pp.0.cpp:36307:9: warning: Added loop label VITIS_LOOP_325_38:   [xilinx-label-all-loops]
        for(int h = 0; h < 46; h++)
        ^~~
        VITIS_LOOP_325_38: 
/nethome/mjung76/resnet_rpn_fpn/proj/solution1/.autopilot/db/resnet_layers.pp.0.cpp:36307:9: note: FIX-IT applied suggested code changes
/nethome/mjung76/resnet_rpn_fpn/proj/solution1/.autopilot/db/resnet_layers.pp.0.cpp:36309:13: warning: Added loop label VITIS_LOOP_327_39:   [xilinx-label-all-loops]
            for(int w = 0; w < 80; w++)
            ^~~
            VITIS_LOOP_327_39: 
/nethome/mjung76/resnet_rpn_fpn/proj/solution1/.autopilot/db/resnet_layers.pp.0.cpp:36309:13: note: FIX-IT applied suggested code changes
/nethome/mjung76/resnet_rpn_fpn/proj/solution1/.autopilot/db/resnet_layers.pp.0.cpp:36327:5: warning: Added loop label VITIS_LOOP_345_40:   [xilinx-label-all-loops]
    for(int c = 0; c < 1024; c++)
    ^~~
    VITIS_LOOP_345_40: 
/nethome/mjung76/resnet_rpn_fpn/proj/solution1/.autopilot/db/resnet_layers.pp.0.cpp:36327:5: note: FIX-IT applied suggested code changes
/nethome/mjung76/resnet_rpn_fpn/proj/solution1/.autopilot/db/resnet_layers.pp.0.cpp:36329:9: warning: Added loop label VITIS_LOOP_347_41:   [xilinx-label-all-loops]
        for(int h = 0; h < 46; h++)
        ^~~
        VITIS_LOOP_347_41: 
/nethome/mjung76/resnet_rpn_fpn/proj/solution1/.autopilot/db/resnet_layers.pp.0.cpp:36329:9: note: FIX-IT applied suggested code changes
/nethome/mjung76/resnet_rpn_fpn/proj/solution1/.autopilot/db/resnet_layers.pp.0.cpp:36331:13: warning: Added loop label VITIS_LOOP_349_42:   [xilinx-label-all-loops]
            for(int w = 0; w < 80; w++)
            ^~~
            VITIS_LOOP_349_42: 
/nethome/mjung76/resnet_rpn_fpn/proj/solution1/.autopilot/db/resnet_layers.pp.0.cpp:36331:13: note: FIX-IT applied suggested code changes
/nethome/mjung76/resnet_rpn_fpn/proj/solution1/.autopilot/db/resnet_layers.pp.0.cpp:36350:5: warning: Added loop label VITIS_LOOP_368_43:   [xilinx-label-all-loops]
    for(int c = 0; c < 256; c++)
    ^~~
    VITIS_LOOP_368_43: 
/nethome/mjung76/resnet_rpn_fpn/proj/solution1/.autopilot/db/resnet_layers.pp.0.cpp:36350:5: note: FIX-IT applied suggested code changes
/nethome/mjung76/resnet_rpn_fpn/proj/solution1/.autopilot/db/resnet_layers.pp.0.cpp:36352:9: warning: Added loop label VITIS_LOOP_370_44:   [xilinx-label-all-loops]
        for(int h = 0; h < 46; h++)
        ^~~
        VITIS_LOOP_370_44: 
/nethome/mjung76/resnet_rpn_fpn/proj/solution1/.autopilot/db/resnet_layers.pp.0.cpp:36352:9: note: FIX-IT applied suggested code changes
/nethome/mjung76/resnet_rpn_fpn/proj/solution1/.autopilot/db/resnet_layers.pp.0.cpp:36354:13: warning: Added loop label VITIS_LOOP_372_45:   [xilinx-label-all-loops]
            for(int w = 0; w < 80; w++)
            ^~~
            VITIS_LOOP_372_45: 
/nethome/mjung76/resnet_rpn_fpn/proj/solution1/.autopilot/db/resnet_layers.pp.0.cpp:36354:13: note: FIX-IT applied suggested code changes
/nethome/mjung76/resnet_rpn_fpn/proj/solution1/.autopilot/db/resnet_layers.pp.0.cpp:36372:5: warning: Added loop label VITIS_LOOP_390_46:   [xilinx-label-all-loops]
    for(int c = 0; c < 256; c++)
    ^~~
    VITIS_LOOP_390_46: 
/nethome/mjung76/resnet_rpn_fpn/proj/solution1/.autopilot/db/resnet_layers.pp.0.cpp:36372:5: note: FIX-IT applied suggested code changes
/nethome/mjung76/resnet_rpn_fpn/proj/solution1/.autopilot/db/resnet_layers.pp.0.cpp:36374:9: warning: Added loop label VITIS_LOOP_392_47:   [xilinx-label-all-loops]
        for(int h = 0; h < 46; h++)
        ^~~
        VITIS_LOOP_392_47: 
/nethome/mjung76/resnet_rpn_fpn/proj/solution1/.autopilot/db/resnet_layers.pp.0.cpp:36374:9: note: FIX-IT applied suggested code changes
/nethome/mjung76/resnet_rpn_fpn/proj/solution1/.autopilot/db/resnet_layers.pp.0.cpp:36376:13: warning: Added loop label VITIS_LOOP_394_48:   [xilinx-label-all-loops]
            for(int w = 0; w < 80; w++)
            ^~~
            VITIS_LOOP_394_48: 
/nethome/mjung76/resnet_rpn_fpn/proj/solution1/.autopilot/db/resnet_layers.pp.0.cpp:36376:13: note: FIX-IT applied suggested code changes
/nethome/mjung76/resnet_rpn_fpn/proj/solution1/.autopilot/db/resnet_layers.pp.0.cpp:36394:5: warning: Added loop label VITIS_LOOP_412_49:   [xilinx-label-all-loops]
    for(int c = 0; c < 1024; c++)
    ^~~
    VITIS_LOOP_412_49: 
/nethome/mjung76/resnet_rpn_fpn/proj/solution1/.autopilot/db/resnet_layers.pp.0.cpp:36394:5: note: FIX-IT applied suggested code changes
/nethome/mjung76/resnet_rpn_fpn/proj/solution1/.autopilot/db/resnet_layers.pp.0.cpp:36396:9: warning: Added loop label VITIS_LOOP_414_50:   [xilinx-label-all-loops]
        for(int h = 0; h < 46; h++)
        ^~~
        VITIS_LOOP_414_50: 
/nethome/mjung76/resnet_rpn_fpn/proj/solution1/.autopilot/db/resnet_layers.pp.0.cpp:36396:9: note: FIX-IT applied suggested code changes
/nethome/mjung76/resnet_rpn_fpn/proj/solution1/.autopilot/db/resnet_layers.pp.0.cpp:36398:13: warning: Added loop label VITIS_LOOP_416_51:   [xilinx-label-all-loops]
            for(int w = 0; w < 80; w++)
            ^~~
            VITIS_LOOP_416_51: 
/nethome/mjung76/resnet_rpn_fpn/proj/solution1/.autopilot/db/resnet_layers.pp.0.cpp:36398:13: note: FIX-IT applied suggested code changes
/nethome/mjung76/resnet_rpn_fpn/proj/solution1/.autopilot/db/resnet_layers.pp.0.cpp:36417:5: warning: Added loop label VITIS_LOOP_435_52:   [xilinx-label-all-loops]
    for(int c = 0; c < 256; c++)
    ^~~
    VITIS_LOOP_435_52: 
/nethome/mjung76/resnet_rpn_fpn/proj/solution1/.autopilot/db/resnet_layers.pp.0.cpp:36417:5: note: FIX-IT applied suggested code changes
/nethome/mjung76/resnet_rpn_fpn/proj/solution1/.autopilot/db/resnet_layers.pp.0.cpp:36419:9: warning: Added loop label VITIS_LOOP_437_53:   [xilinx-label-all-loops]
        for(int h = 0; h < 46; h++)
        ^~~
        VITIS_LOOP_437_53: 
/nethome/mjung76/resnet_rpn_fpn/proj/solution1/.autopilot/db/resnet_layers.pp.0.cpp:36419:9: note: FIX-IT applied suggested code changes
/nethome/mjung76/resnet_rpn_fpn/proj/solution1/.autopilot/db/resnet_layers.pp.0.cpp:36421:13: warning: Added loop label VITIS_LOOP_439_54:   [xilinx-label-all-loops]
            for(int w = 0; w < 80; w++)
            ^~~
            VITIS_LOOP_439_54: 
/nethome/mjung76/resnet_rpn_fpn/proj/solution1/.autopilot/db/resnet_layers.pp.0.cpp:36421:13: note: FIX-IT applied suggested code changes
/nethome/mjung76/resnet_rpn_fpn/proj/solution1/.autopilot/db/resnet_layers.pp.0.cpp:36439:5: warning: Added loop label VITIS_LOOP_457_55:   [xilinx-label-all-loops]
    for(int c = 0; c < 256; c++)
    ^~~
    VITIS_LOOP_457_55: 
/nethome/mjung76/resnet_rpn_fpn/proj/solution1/.autopilot/db/resnet_layers.pp.0.cpp:36439:5: note: FIX-IT applied suggested code changes
/nethome/mjung76/resnet_rpn_fpn/proj/solution1/.autopilot/db/resnet_layers.pp.0.cpp:36441:9: warning: Added loop label VITIS_LOOP_459_56:   [xilinx-label-all-loops]
        for(int h = 0; h < 46; h++)
        ^~~
        VITIS_LOOP_459_56: 
/nethome/mjung76/resnet_rpn_fpn/proj/solution1/.autopilot/db/resnet_layers.pp.0.cpp:36441:9: note: FIX-IT applied suggested code changes
/nethome/mjung76/resnet_rpn_fpn/proj/solution1/.autopilot/db/resnet_layers.pp.0.cpp:36443:13: warning: Added loop label VITIS_LOOP_461_57:   [xilinx-label-all-loops]
            for(int w = 0; w < 80; w++)
            ^~~
            VITIS_LOOP_461_57: 
/nethome/mjung76/resnet_rpn_fpn/proj/solution1/.autopilot/db/resnet_layers.pp.0.cpp:36443:13: note: FIX-IT applied suggested code changes
/nethome/mjung76/resnet_rpn_fpn/proj/solution1/.autopilot/db/resnet_layers.pp.0.cpp:36462:5: warning: Added loop label VITIS_LOOP_480_58:   [xilinx-label-all-loops]
    for(int c = 0; c < 1024; c++)
    ^~~
    VITIS_LOOP_480_58: 
/nethome/mjung76/resnet_rpn_fpn/proj/solution1/.autopilot/db/resnet_layers.pp.0.cpp:36462:5: note: FIX-IT applied suggested code changes
/nethome/mjung76/resnet_rpn_fpn/proj/solution1/.autopilot/db/resnet_layers.pp.0.cpp:36464:9: warning: Added loop label VITIS_LOOP_482_59:   [xilinx-label-all-loops]
        for(int h = 0; h < 46; h++)
        ^~~
        VITIS_LOOP_482_59: 
/nethome/mjung76/resnet_rpn_fpn/proj/solution1/.autopilot/db/resnet_layers.pp.0.cpp:36464:9: note: FIX-IT applied suggested code changes
/nethome/mjung76/resnet_rpn_fpn/proj/solution1/.autopilot/db/resnet_layers.pp.0.cpp:36466:13: warning: Added loop label VITIS_LOOP_484_60:   [xilinx-label-all-loops]
            for(int w = 0; w < 80; w++)
            ^~~
            VITIS_LOOP_484_60: 
/nethome/mjung76/resnet_rpn_fpn/proj/solution1/.autopilot/db/resnet_layers.pp.0.cpp:36466:13: note: FIX-IT applied suggested code changes
/nethome/mjung76/resnet_rpn_fpn/proj/solution1/.autopilot/db/resnet_layers.pp.0.cpp:36504:5: warning: Added loop label VITIS_LOOP_36_1:   [xilinx-label-all-loops]
    for(int c = 0; c < 1024; c++)
    ^~~
    VITIS_LOOP_36_1: 
/nethome/mjung76/resnet_rpn_fpn/proj/solution1/.autopilot/db/resnet_layers.pp.0.cpp:36504:5: note: FIX-IT applied suggested code changes
/nethome/mjung76/resnet_rpn_fpn/proj/solution1/.autopilot/db/resnet_layers.pp.0.cpp:36506:9: warning: Added loop label VITIS_LOOP_38_2:   [xilinx-label-all-loops]
        for(int h = 0; h < 46; h++)
        ^~~
        VITIS_LOOP_38_2: 
/nethome/mjung76/resnet_rpn_fpn/proj/solution1/.autopilot/db/resnet_layers.pp.0.cpp:36506:9: note: FIX-IT applied suggested code changes
/nethome/mjung76/resnet_rpn_fpn/proj/solution1/.autopilot/db/resnet_layers.pp.0.cpp:36508:13: warning: Added loop label VITIS_LOOP_40_3:   [xilinx-label-all-loops]
            for(int w = 0; w < 80; w++)
            ^~~
            VITIS_LOOP_40_3: 
/nethome/mjung76/resnet_rpn_fpn/proj/solution1/.autopilot/db/resnet_layers.pp.0.cpp:36508:13: note: FIX-IT applied suggested code changes
/nethome/mjung76/resnet_rpn_fpn/proj/solution1/.autopilot/db/resnet_layers.pp.0.cpp:36525:5: warning: Added loop label VITIS_LOOP_57_4:   [xilinx-label-all-loops]
    for(int c = 0; c < 2048; c++)
    ^~~
    VITIS_LOOP_57_4: 
/nethome/mjung76/resnet_rpn_fpn/proj/solution1/.autopilot/db/resnet_layers.pp.0.cpp:36525:5: note: FIX-IT applied suggested code changes
/nethome/mjung76/resnet_rpn_fpn/proj/solution1/.autopilot/db/resnet_layers.pp.0.cpp:36527:9: warning: Added loop label VITIS_LOOP_59_5:   [xilinx-label-all-loops]
        for(int h = 0; h < 23; h++)
        ^~~
        VITIS_LOOP_59_5: 
/nethome/mjung76/resnet_rpn_fpn/proj/solution1/.autopilot/db/resnet_layers.pp.0.cpp:36527:9: note: FIX-IT applied suggested code changes
/nethome/mjung76/resnet_rpn_fpn/proj/solution1/.autopilot/db/resnet_layers.pp.0.cpp:36529:13: warning: Added loop label VITIS_LOOP_61_6:   [xilinx-label-all-loops]
            for(int w = 0; w < 40; w++)
            ^~~
            VITIS_LOOP_61_6: 
/nethome/mjung76/resnet_rpn_fpn/proj/solution1/.autopilot/db/resnet_layers.pp.0.cpp:36529:13: note: FIX-IT applied suggested code changes
/nethome/mjung76/resnet_rpn_fpn/proj/solution1/.autopilot/db/resnet_layers.pp.0.cpp:36547:5: warning: Added loop label VITIS_LOOP_79_7:   [xilinx-label-all-loops]
    for(int c = 0; c < 512; c++)
    ^~~
    VITIS_LOOP_79_7: 
/nethome/mjung76/resnet_rpn_fpn/proj/solution1/.autopilot/db/resnet_layers.pp.0.cpp:36547:5: note: FIX-IT applied suggested code changes
/nethome/mjung76/resnet_rpn_fpn/proj/solution1/.autopilot/db/resnet_layers.pp.0.cpp:36549:9: warning: Added loop label VITIS_LOOP_81_8:   [xilinx-label-all-loops]
        for(int h = 0; h < 46; h++)
        ^~~
        VITIS_LOOP_81_8: 
/nethome/mjung76/resnet_rpn_fpn/proj/solution1/.autopilot/db/resnet_layers.pp.0.cpp:36549:9: note: FIX-IT applied suggested code changes
/nethome/mjung76/resnet_rpn_fpn/proj/solution1/.autopilot/db/resnet_layers.pp.0.cpp:36551:13: warning: Added loop label VITIS_LOOP_83_9:   [xilinx-label-all-loops]
            for(int w = 0; w < 80; w++)
            ^~~
            VITIS_LOOP_83_9: 
/nethome/mjung76/resnet_rpn_fpn/proj/solution1/.autopilot/db/resnet_layers.pp.0.cpp:36551:13: note: FIX-IT applied suggested code changes
/nethome/mjung76/resnet_rpn_fpn/proj/solution1/.autopilot/db/resnet_layers.pp.0.cpp:36570:5: warning: Added loop label VITIS_LOOP_102_10:   [xilinx-label-all-loops]
    for(int c = 0; c < 512; c++)
    ^~~
    VITIS_LOOP_102_10: 
/nethome/mjung76/resnet_rpn_fpn/proj/solution1/.autopilot/db/resnet_layers.pp.0.cpp:36570:5: note: FIX-IT applied suggested code changes
/nethome/mjung76/resnet_rpn_fpn/proj/solution1/.autopilot/db/resnet_layers.pp.0.cpp:36572:9: warning: Added loop label VITIS_LOOP_104_11:   [xilinx-label-all-loops]
        for(int h = 0; h < 23; h++)
        ^~~
        VITIS_LOOP_104_11: 
/nethome/mjung76/resnet_rpn_fpn/proj/solution1/.autopilot/db/resnet_layers.pp.0.cpp:36572:9: note: FIX-IT applied suggested code changes
/nethome/mjung76/resnet_rpn_fpn/proj/solution1/.autopilot/db/resnet_layers.pp.0.cpp:36574:13: warning: Added loop label VITIS_LOOP_106_12:   [xilinx-label-all-loops]
            for(int w = 0; w < 40; w++)
            ^~~
            VITIS_LOOP_106_12: 
/nethome/mjung76/resnet_rpn_fpn/proj/solution1/.autopilot/db/resnet_layers.pp.0.cpp:36574:13: note: FIX-IT applied suggested code changes
/nethome/mjung76/resnet_rpn_fpn/proj/solution1/.autopilot/db/resnet_layers.pp.0.cpp:36593:5: warning: Added loop label VITIS_LOOP_125_13:   [xilinx-label-all-loops]
    for(int c = 0; c < 2048; c++)
    ^~~
    VITIS_LOOP_125_13: 
/nethome/mjung76/resnet_rpn_fpn/proj/solution1/.autopilot/db/resnet_layers.pp.0.cpp:36593:5: note: FIX-IT applied suggested code changes
/nethome/mjung76/resnet_rpn_fpn/proj/solution1/.autopilot/db/resnet_layers.pp.0.cpp:36595:9: warning: Added loop label VITIS_LOOP_127_14:   [xilinx-label-all-loops]
        for(int h = 0; h < 23; h++)
        ^~~
        VITIS_LOOP_127_14: 
/nethome/mjung76/resnet_rpn_fpn/proj/solution1/.autopilot/db/resnet_layers.pp.0.cpp:36595:9: note: FIX-IT applied suggested code changes
/nethome/mjung76/resnet_rpn_fpn/proj/solution1/.autopilot/db/resnet_layers.pp.0.cpp:36597:13: warning: Added loop label VITIS_LOOP_129_15:   [xilinx-label-all-loops]
            for(int w = 0; w < 40; w++)
            ^~~
            VITIS_LOOP_129_15: 
/nethome/mjung76/resnet_rpn_fpn/proj/solution1/.autopilot/db/resnet_layers.pp.0.cpp:36597:13: note: FIX-IT applied suggested code changes
/nethome/mjung76/resnet_rpn_fpn/proj/solution1/.autopilot/db/resnet_layers.pp.0.cpp:36617:5: warning: Added loop label VITIS_LOOP_149_16:   [xilinx-label-all-loops]
    for(int c = 0; c < 512; c++)
    ^~~
    VITIS_LOOP_149_16: 
/nethome/mjung76/resnet_rpn_fpn/proj/solution1/.autopilot/db/resnet_layers.pp.0.cpp:36617:5: note: FIX-IT applied suggested code changes
/nethome/mjung76/resnet_rpn_fpn/proj/solution1/.autopilot/db/resnet_layers.pp.0.cpp:36619:9: warning: Added loop label VITIS_LOOP_151_17:   [xilinx-label-all-loops]
        for(int h = 0; h < 23; h++)
        ^~~
        VITIS_LOOP_151_17: 
/nethome/mjung76/resnet_rpn_fpn/proj/solution1/.autopilot/db/resnet_layers.pp.0.cpp:36619:9: note: FIX-IT applied suggested code changes
/nethome/mjung76/resnet_rpn_fpn/proj/solution1/.autopilot/db/resnet_layers.pp.0.cpp:36621:13: warning: Added loop label VITIS_LOOP_153_18:   [xilinx-label-all-loops]
            for(int w = 0; w < 40; w++)
            ^~~
            VITIS_LOOP_153_18: 
/nethome/mjung76/resnet_rpn_fpn/proj/solution1/.autopilot/db/resnet_layers.pp.0.cpp:36621:13: note: FIX-IT applied suggested code changes
/nethome/mjung76/resnet_rpn_fpn/proj/solution1/.autopilot/db/resnet_layers.pp.0.cpp:36639:5: warning: Added loop label VITIS_LOOP_171_19:   [xilinx-label-all-loops]
    for(int c = 0; c < 512; c++)
    ^~~
    VITIS_LOOP_171_19: 
/nethome/mjung76/resnet_rpn_fpn/proj/solution1/.autopilot/db/resnet_layers.pp.0.cpp:36639:5: note: FIX-IT applied suggested code changes
/nethome/mjung76/resnet_rpn_fpn/proj/solution1/.autopilot/db/resnet_layers.pp.0.cpp:36641:9: warning: Added loop label VITIS_LOOP_173_20:   [xilinx-label-all-loops]
        for(int h = 0; h < 23; h++)
        ^~~
        VITIS_LOOP_173_20: 
/nethome/mjung76/resnet_rpn_fpn/proj/solution1/.autopilot/db/resnet_layers.pp.0.cpp:36641:9: note: FIX-IT applied suggested code changes
/nethome/mjung76/resnet_rpn_fpn/proj/solution1/.autopilot/db/resnet_layers.pp.0.cpp:36643:13: warning: Added loop label VITIS_LOOP_175_21:   [xilinx-label-all-loops]
            for(int w = 0; w < 40; w++)
            ^~~
            VITIS_LOOP_175_21: 
/nethome/mjung76/resnet_rpn_fpn/proj/solution1/.autopilot/db/resnet_layers.pp.0.cpp:36643:13: note: FIX-IT applied suggested code changes
/nethome/mjung76/resnet_rpn_fpn/proj/solution1/.autopilot/db/resnet_layers.pp.0.cpp:36661:5: warning: Added loop label VITIS_LOOP_193_22:   [xilinx-label-all-loops]
    for(int c = 0; c < 2048; c++)
    ^~~
    VITIS_LOOP_193_22: 
/nethome/mjung76/resnet_rpn_fpn/proj/solution1/.autopilot/db/resnet_layers.pp.0.cpp:36661:5: note: FIX-IT applied suggested code changes
/nethome/mjung76/resnet_rpn_fpn/proj/solution1/.autopilot/db/resnet_layers.pp.0.cpp:36663:9: warning: Added loop label VITIS_LOOP_195_23:   [xilinx-label-all-loops]
        for(int h = 0; h < 23; h++)
        ^~~
        VITIS_LOOP_195_23: 
/nethome/mjung76/resnet_rpn_fpn/proj/solution1/.autopilot/db/resnet_layers.pp.0.cpp:36663:9: note: FIX-IT applied suggested code changes
/nethome/mjung76/resnet_rpn_fpn/proj/solution1/.autopilot/db/resnet_layers.pp.0.cpp:36665:13: warning: Added loop label VITIS_LOOP_197_24:   [xilinx-label-all-loops]
            for(int w = 0; w < 40; w++)
            ^~~
            VITIS_LOOP_197_24: 
/nethome/mjung76/resnet_rpn_fpn/proj/solution1/.autopilot/db/resnet_layers.pp.0.cpp:36665:13: note: FIX-IT applied suggested code changes
/nethome/mjung76/resnet_rpn_fpn/proj/solution1/.autopilot/db/resnet_layers.pp.0.cpp:36684:5: warning: Added loop label VITIS_LOOP_216_25:   [xilinx-label-all-loops]
    for(int c = 0; c < 512; c++)
    ^~~
    VITIS_LOOP_216_25: 
/nethome/mjung76/resnet_rpn_fpn/proj/solution1/.autopilot/db/resnet_layers.pp.0.cpp:36684:5: note: FIX-IT applied suggested code changes
/nethome/mjung76/resnet_rpn_fpn/proj/solution1/.autopilot/db/resnet_layers.pp.0.cpp:36686:9: warning: Added loop label VITIS_LOOP_218_26:   [xilinx-label-all-loops]
        for(int h = 0; h < 23; h++)
        ^~~
        VITIS_LOOP_218_26: 
/nethome/mjung76/resnet_rpn_fpn/proj/solution1/.autopilot/db/resnet_layers.pp.0.cpp:36686:9: note: FIX-IT applied suggested code changes
/nethome/mjung76/resnet_rpn_fpn/proj/solution1/.autopilot/db/resnet_layers.pp.0.cpp:36688:13: warning: Added loop label VITIS_LOOP_220_27:   [xilinx-label-all-loops]
            for(int w = 0; w < 40; w++)
            ^~~
            VITIS_LOOP_220_27: 
/nethome/mjung76/resnet_rpn_fpn/proj/solution1/.autopilot/db/resnet_layers.pp.0.cpp:36688:13: note: FIX-IT applied suggested code changes
/nethome/mjung76/resnet_rpn_fpn/proj/solution1/.autopilot/db/resnet_layers.pp.0.cpp:36706:5: warning: Added loop label VITIS_LOOP_238_28:   [xilinx-label-all-loops]
    for(int c = 0; c < 512; c++)
    ^~~
    VITIS_LOOP_238_28: 
/nethome/mjung76/resnet_rpn_fpn/proj/solution1/.autopilot/db/resnet_layers.pp.0.cpp:36706:5: note: FIX-IT applied suggested code changes
/nethome/mjung76/resnet_rpn_fpn/proj/solution1/.autopilot/db/resnet_layers.pp.0.cpp:36708:9: warning: Added loop label VITIS_LOOP_240_29:   [xilinx-label-all-loops]
        for(int h = 0; h < 23; h++)
        ^~~
        VITIS_LOOP_240_29: 
/nethome/mjung76/resnet_rpn_fpn/proj/solution1/.autopilot/db/resnet_layers.pp.0.cpp:36708:9: note: FIX-IT applied suggested code changes
/nethome/mjung76/resnet_rpn_fpn/proj/solution1/.autopilot/db/resnet_layers.pp.0.cpp:36710:13: warning: Added loop label VITIS_LOOP_242_30:   [xilinx-label-all-loops]
            for(int w = 0; w < 40; w++)
            ^~~
            VITIS_LOOP_242_30: 
/nethome/mjung76/resnet_rpn_fpn/proj/solution1/.autopilot/db/resnet_layers.pp.0.cpp:36710:13: note: FIX-IT applied suggested code changes
/nethome/mjung76/resnet_rpn_fpn/proj/solution1/.autopilot/db/resnet_layers.pp.0.cpp:36728:5: warning: Added loop label VITIS_LOOP_260_31:   [xilinx-label-all-loops]
    for(int c = 0; c < 2048; c++)
    ^~~
    VITIS_LOOP_260_31: 
/nethome/mjung76/resnet_rpn_fpn/proj/solution1/.autopilot/db/resnet_layers.pp.0.cpp:36728:5: note: FIX-IT applied suggested code changes
/nethome/mjung76/resnet_rpn_fpn/proj/solution1/.autopilot/db/resnet_layers.pp.0.cpp:36730:9: warning: Added loop label VITIS_LOOP_262_32:   [xilinx-label-all-loops]
        for(int h = 0; h < 23; h++)
        ^~~
        VITIS_LOOP_262_32: 
/nethome/mjung76/resnet_rpn_fpn/proj/solution1/.autopilot/db/resnet_layers.pp.0.cpp:36730:9: note: FIX-IT applied suggested code changes
/nethome/mjung76/resnet_rpn_fpn/proj/solution1/.autopilot/db/resnet_layers.pp.0.cpp:36732:13: warning: Added loop label VITIS_LOOP_264_33:   [xilinx-label-all-loops]
            for(int w = 0; w < 40; w++)
            ^~~
            VITIS_LOOP_264_33: 
/nethome/mjung76/resnet_rpn_fpn/proj/solution1/.autopilot/db/resnet_layers.pp.0.cpp:36732:13: note: FIX-IT applied suggested code changes
