/nethome/mjung76/resnet_rpn_fpn/proj/solution1/.autopilot/db/resnet_layer3.pp.0.cpp:29489:7: warning: Added loop label VITIS_LOOP_1213_1:   [xilinx-label-all-loops]
      for (i = 0; i < __N - 1; ++i) {
      ^~~
      VITIS_LOOP_1213_1: 
/nethome/mjung76/resnet_rpn_fpn/proj/solution1/.autopilot/db/resnet_layer3.pp.0.cpp:29489:7: note: FIX-IT applied suggested code changes
/nethome/mjung76/resnet_rpn_fpn/proj/solution1/.autopilot/db/resnet_layer3.pp.0.cpp:30463:5: warning: Added loop label VITIS_LOOP_676_1:   [xilinx-label-all-loops]
    for (unsigned i = low; i != high; ++i) {
    ^~~
    VITIS_LOOP_676_1: 
/nethome/mjung76/resnet_rpn_fpn/proj/solution1/.autopilot/db/resnet_layer3.pp.0.cpp:30463:5: note: FIX-IT applied suggested code changes
/nethome/mjung76/resnet_rpn_fpn/proj/solution1/.autopilot/db/resnet_layer3.pp.0.cpp:30477:5: warning: Added loop label VITIS_LOOP_690_1:   [xilinx-label-all-loops]
    for (unsigned i = low; i != high; ++i) {
    ^~~
    VITIS_LOOP_690_1: 
/nethome/mjung76/resnet_rpn_fpn/proj/solution1/.autopilot/db/resnet_layer3.pp.0.cpp:30477:5: note: FIX-IT applied suggested code changes
/nethome/mjung76/resnet_rpn_fpn/proj/solution1/.autopilot/db/resnet_layer3.pp.0.cpp:30491:5: warning: Added loop label VITIS_LOOP_704_1:   [xilinx-label-all-loops]
    for (unsigned i = low; i != high; ++i) {
    ^~~
    VITIS_LOOP_704_1: 
/nethome/mjung76/resnet_rpn_fpn/proj/solution1/.autopilot/db/resnet_layer3.pp.0.cpp:30491:5: note: FIX-IT applied suggested code changes
/nethome/mjung76/resnet_rpn_fpn/proj/solution1/.autopilot/db/resnet_layer3.pp.0.cpp:32102:7: warning: Added loop label VITIS_LOOP_1247_1:   [xilinx-label-all-loops]
      for (i = 0; i < __N - 1; ++i) {
      ^~~
      VITIS_LOOP_1247_1: 
/nethome/mjung76/resnet_rpn_fpn/proj/solution1/.autopilot/db/resnet_layer3.pp.0.cpp:32102:7: note: FIX-IT applied suggested code changes
/nethome/mjung76/resnet_rpn_fpn/proj/solution1/.autopilot/db/resnet_layer3.pp.0.cpp:34828:5: warning: Added loop label VITIS_LOOP_49_1:   [xilinx-label-all-loops]
    for(int c = 0; c < 64; c++)
    ^~~
    VITIS_LOOP_49_1: 
/nethome/mjung76/resnet_rpn_fpn/proj/solution1/.autopilot/db/resnet_layer3.pp.0.cpp:34828:5: note: FIX-IT applied suggested code changes
/nethome/mjung76/resnet_rpn_fpn/proj/solution1/.autopilot/db/resnet_layer3.pp.0.cpp:34830:9: warning: Added loop label VITIS_LOOP_51_2:   [xilinx-label-all-loops]
        for(int i = 0; i < 46 + 5; i++)
        ^~~
        VITIS_LOOP_51_2: 
/nethome/mjung76/resnet_rpn_fpn/proj/solution1/.autopilot/db/resnet_layer3.pp.0.cpp:34830:9: note: FIX-IT applied suggested code changes
/nethome/mjung76/resnet_rpn_fpn/proj/solution1/.autopilot/db/resnet_layer3.pp.0.cpp:34832:13: warning: Added loop label VITIS_LOOP_53_3:   [xilinx-label-all-loops]
            for(int j = 0; j < 40 + 5; j++)
            ^~~
            VITIS_LOOP_53_3: 
/nethome/mjung76/resnet_rpn_fpn/proj/solution1/.autopilot/db/resnet_layer3.pp.0.cpp:34832:13: note: FIX-IT applied suggested code changes
/nethome/mjung76/resnet_rpn_fpn/proj/solution1/.autopilot/db/resnet_layer3.pp.0.cpp:34870:5: warning: Added loop label VITIS_LOOP_91_1:   [xilinx-label-all-loops]
    for(int c = 0; c < 64; c++)
    ^~~
    VITIS_LOOP_91_1: 
/nethome/mjung76/resnet_rpn_fpn/proj/solution1/.autopilot/db/resnet_layer3.pp.0.cpp:34870:5: note: FIX-IT applied suggested code changes
/nethome/mjung76/resnet_rpn_fpn/proj/solution1/.autopilot/db/resnet_layer3.pp.0.cpp:34872:9: warning: Added loop label VITIS_LOOP_93_2:   [xilinx-label-all-loops]
        for(int i = 0; i < 46; i++)
        ^~~
        VITIS_LOOP_93_2: 
/nethome/mjung76/resnet_rpn_fpn/proj/solution1/.autopilot/db/resnet_layer3.pp.0.cpp:34872:9: note: FIX-IT applied suggested code changes
/nethome/mjung76/resnet_rpn_fpn/proj/solution1/.autopilot/db/resnet_layer3.pp.0.cpp:34874:13: warning: Added loop label VITIS_LOOP_95_3:   [xilinx-label-all-loops]
            for(int j = 0; j < 40; j++)
            ^~~
            VITIS_LOOP_95_3: 
/nethome/mjung76/resnet_rpn_fpn/proj/solution1/.autopilot/db/resnet_layer3.pp.0.cpp:34874:13: note: FIX-IT applied suggested code changes
/nethome/mjung76/resnet_rpn_fpn/proj/solution1/.autopilot/db/resnet_layer3.pp.0.cpp:34892:5: warning: Added loop label VITIS_LOOP_113_1:   [xilinx-label-all-loops]
    for(int i = 0; i < 64; i++)
    ^~~
    VITIS_LOOP_113_1: 
/nethome/mjung76/resnet_rpn_fpn/proj/solution1/.autopilot/db/resnet_layer3.pp.0.cpp:34892:5: note: FIX-IT applied suggested code changes
/nethome/mjung76/resnet_rpn_fpn/proj/solution1/.autopilot/db/resnet_layer3.pp.0.cpp:34908:5: warning: Added loop label VITIS_LOOP_129_1:   [xilinx-label-all-loops]
    for(int c = 0; c < 64; c++)
    ^~~
    VITIS_LOOP_129_1: 
/nethome/mjung76/resnet_rpn_fpn/proj/solution1/.autopilot/db/resnet_layer3.pp.0.cpp:34908:5: note: FIX-IT applied suggested code changes
/nethome/mjung76/resnet_rpn_fpn/proj/solution1/.autopilot/db/resnet_layer3.pp.0.cpp:34910:9: warning: Added loop label VITIS_LOOP_131_2:   [xilinx-label-all-loops]
        for(int kh = 0; kh < 3; kh++)
        ^~~
        VITIS_LOOP_131_2: 
/nethome/mjung76/resnet_rpn_fpn/proj/solution1/.autopilot/db/resnet_layer3.pp.0.cpp:34910:9: note: FIX-IT applied suggested code changes
/nethome/mjung76/resnet_rpn_fpn/proj/solution1/.autopilot/db/resnet_layer3.pp.0.cpp:34912:10: warning: Added loop label VITIS_LOOP_133_3:   [xilinx-label-all-loops]
         for(int kw = 0; kw < 3; kw++)
         ^~~
         VITIS_LOOP_133_3: 
/nethome/mjung76/resnet_rpn_fpn/proj/solution1/.autopilot/db/resnet_layer3.pp.0.cpp:34912:10: note: FIX-IT applied suggested code changes
/nethome/mjung76/resnet_rpn_fpn/proj/solution1/.autopilot/db/resnet_layer3.pp.0.cpp:34932:5: warning: Added loop label VITIS_LOOP_153_1:   [xilinx-label-all-loops]
    for(int i = 0; i < 4; i++)
    ^~~
    VITIS_LOOP_153_1: 
/nethome/mjung76/resnet_rpn_fpn/proj/solution1/.autopilot/db/resnet_layer3.pp.0.cpp:34932:5: note: FIX-IT applied suggested code changes
/nethome/mjung76/resnet_rpn_fpn/proj/solution1/.autopilot/db/resnet_layer3.pp.0.cpp:34934:9: warning: Added loop label VITIS_LOOP_155_2:   [xilinx-label-all-loops]
        for(int j = 0; j < 64; j++)
        ^~~
        VITIS_LOOP_155_2: 
/nethome/mjung76/resnet_rpn_fpn/proj/solution1/.autopilot/db/resnet_layer3.pp.0.cpp:34934:9: note: FIX-IT applied suggested code changes
/nethome/mjung76/resnet_rpn_fpn/proj/solution1/.autopilot/db/resnet_layer3.pp.0.cpp:34949:5: warning: Added loop label VITIS_LOOP_170_1:   [xilinx-label-all-loops]
    for(int f = 0; f < 64; f++)
    ^~~
    VITIS_LOOP_170_1: 
/nethome/mjung76/resnet_rpn_fpn/proj/solution1/.autopilot/db/resnet_layer3.pp.0.cpp:34949:5: note: FIX-IT applied suggested code changes
/nethome/mjung76/resnet_rpn_fpn/proj/solution1/.autopilot/db/resnet_layer3.pp.0.cpp:34951:9: warning: Added loop label VITIS_LOOP_172_2:   [xilinx-label-all-loops]
        for(int i = 0; i < 46; i++)
        ^~~
        VITIS_LOOP_172_2: 
/nethome/mjung76/resnet_rpn_fpn/proj/solution1/.autopilot/db/resnet_layer3.pp.0.cpp:34951:9: note: FIX-IT applied suggested code changes
/nethome/mjung76/resnet_rpn_fpn/proj/solution1/.autopilot/db/resnet_layer3.pp.0.cpp:34953:13: warning: Added loop label VITIS_LOOP_174_3:   [xilinx-label-all-loops]
            for(int j = 0; j < 40; j++)
            ^~~
            VITIS_LOOP_174_3: 
/nethome/mjung76/resnet_rpn_fpn/proj/solution1/.autopilot/db/resnet_layer3.pp.0.cpp:34953:13: note: FIX-IT applied suggested code changes
/nethome/mjung76/resnet_rpn_fpn/proj/solution1/.autopilot/db/resnet_layer3.pp.0.cpp:34975:5: warning: Added loop label VITIS_LOOP_196_1:   [xilinx-label-all-loops]
    for(int f = 0; f < 64; f++)
    ^~~
    VITIS_LOOP_196_1: 
/nethome/mjung76/resnet_rpn_fpn/proj/solution1/.autopilot/db/resnet_layer3.pp.0.cpp:34975:5: note: FIX-IT applied suggested code changes
/nethome/mjung76/resnet_rpn_fpn/proj/solution1/.autopilot/db/resnet_layer3.pp.0.cpp:34977:9: warning: Added loop label VITIS_LOOP_198_2:   [xilinx-label-all-loops]
        for(int i = 0; i < 46/S; i++)
        ^~~
        VITIS_LOOP_198_2: 
/nethome/mjung76/resnet_rpn_fpn/proj/solution1/.autopilot/db/resnet_layer3.pp.0.cpp:34977:9: note: FIX-IT applied suggested code changes
/nethome/mjung76/resnet_rpn_fpn/proj/solution1/.autopilot/db/resnet_layer3.pp.0.cpp:34979:13: warning: Added loop label VITIS_LOOP_200_3:   [xilinx-label-all-loops]
            for(int j = 0; j < 40/S; j++)
            ^~~
            VITIS_LOOP_200_3: 
/nethome/mjung76/resnet_rpn_fpn/proj/solution1/.autopilot/db/resnet_layer3.pp.0.cpp:34979:13: note: FIX-IT applied suggested code changes
/nethome/mjung76/resnet_rpn_fpn/proj/solution1/.autopilot/db/resnet_layer3.pp.0.cpp:35001:5: warning: Added loop label VITIS_LOOP_222_1:   [xilinx-label-all-loops]
    for(int ti = 0; ti < (RESNET_IN_FM_HEIGHT / 46) + RESNET_LAST_LAYER_EN; ti++)
    ^~~
    VITIS_LOOP_222_1: 
/nethome/mjung76/resnet_rpn_fpn/proj/solution1/.autopilot/db/resnet_layer3.pp.0.cpp:35001:5: note: FIX-IT applied suggested code changes
/nethome/mjung76/resnet_rpn_fpn/proj/solution1/.autopilot/db/resnet_layer3.pp.0.cpp:35003:9: warning: Added loop label VITIS_LOOP_224_2:   [xilinx-label-all-loops]
        for(int tj = 0; tj < (RESNET_IN_FM_WIDTH / 40); tj++)
        ^~~
        VITIS_LOOP_224_2: 
/nethome/mjung76/resnet_rpn_fpn/proj/solution1/.autopilot/db/resnet_layer3.pp.0.cpp:35003:9: note: FIX-IT applied suggested code changes
/nethome/mjung76/resnet_rpn_fpn/proj/solution1/.autopilot/db/resnet_layer3.pp.0.cpp:35008:13: warning: Added loop label VITIS_LOOP_229_3:   [xilinx-label-all-loops]
            for(int b = 0; b < (RESNET_OUT_FM_DEPTH / 64); b++)
            ^~~
            VITIS_LOOP_229_3: 
/nethome/mjung76/resnet_rpn_fpn/proj/solution1/.autopilot/db/resnet_layer3.pp.0.cpp:35008:13: note: FIX-IT applied suggested code changes
/nethome/mjung76/resnet_rpn_fpn/proj/solution1/.autopilot/db/resnet_layer3.pp.0.cpp:35010:17: warning: Added loop label VITIS_LOOP_231_4:   [xilinx-label-all-loops]
                for(int d = 0; d < (RESNET_IN_FM_DEPTH / 64); d++)
                ^~~
                VITIS_LOOP_231_4: 
/nethome/mjung76/resnet_rpn_fpn/proj/solution1/.autopilot/db/resnet_layer3.pp.0.cpp:35010:17: note: FIX-IT applied suggested code changes
/nethome/mjung76/resnet_rpn_fpn/proj/solution1/.autopilot/db/resnet_layer3.pp.0.cpp:35020:18: warning: Added loop label VITIS_LOOP_241_5:   [xilinx-label-all-loops]
                 for(int f = 0; f < 64; f++)
                 ^~~
                 VITIS_LOOP_241_5: 
/nethome/mjung76/resnet_rpn_fpn/proj/solution1/.autopilot/db/resnet_layer3.pp.0.cpp:35020:18: note: FIX-IT applied suggested code changes
/nethome/mjung76/resnet_rpn_fpn/proj/solution1/.autopilot/db/resnet_layer3.pp.0.cpp:35061:5: warning: Added loop label VITIS_LOOP_282_1:   [xilinx-label-all-loops]
    for(int ti = 0; ti < (RESNET_IN_FM_HEIGHT / 46) + RESNET_LAST_LAYER_EN; ti++)
    ^~~
    VITIS_LOOP_282_1: 
/nethome/mjung76/resnet_rpn_fpn/proj/solution1/.autopilot/db/resnet_layer3.pp.0.cpp:35061:5: note: FIX-IT applied suggested code changes
/nethome/mjung76/resnet_rpn_fpn/proj/solution1/.autopilot/db/resnet_layer3.pp.0.cpp:35063:9: warning: Added loop label VITIS_LOOP_284_2:   [xilinx-label-all-loops]
        for(int tj = 0; tj < (RESNET_IN_FM_WIDTH / 40); tj++)
        ^~~
        VITIS_LOOP_284_2: 
/nethome/mjung76/resnet_rpn_fpn/proj/solution1/.autopilot/db/resnet_layer3.pp.0.cpp:35063:9: note: FIX-IT applied suggested code changes
/nethome/mjung76/resnet_rpn_fpn/proj/solution1/.autopilot/db/resnet_layer3.pp.0.cpp:35068:13: warning: Added loop label VITIS_LOOP_289_3:   [xilinx-label-all-loops]
            for(int b = 0; b < (RESNET_OUT_FM_DEPTH / 64); b++)
            ^~~
            VITIS_LOOP_289_3: 
/nethome/mjung76/resnet_rpn_fpn/proj/solution1/.autopilot/db/resnet_layer3.pp.0.cpp:35068:13: note: FIX-IT applied suggested code changes
/nethome/mjung76/resnet_rpn_fpn/proj/solution1/.autopilot/db/resnet_layer3.pp.0.cpp:35070:17: warning: Added loop label VITIS_LOOP_291_4:   [xilinx-label-all-loops]
                for(int d = 0; d < (RESNET_IN_FM_DEPTH / 64); d++)
                ^~~
                VITIS_LOOP_291_4: 
/nethome/mjung76/resnet_rpn_fpn/proj/solution1/.autopilot/db/resnet_layer3.pp.0.cpp:35070:17: note: FIX-IT applied suggested code changes
/nethome/mjung76/resnet_rpn_fpn/proj/solution1/.autopilot/db/resnet_layer3.pp.0.cpp:35080:18: warning: Added loop label VITIS_LOOP_301_5:   [xilinx-label-all-loops]
                 for(int f = 0; f < 64; f++)
                 ^~~
                 VITIS_LOOP_301_5: 
/nethome/mjung76/resnet_rpn_fpn/proj/solution1/.autopilot/db/resnet_layer3.pp.0.cpp:35080:18: note: FIX-IT applied suggested code changes
/nethome/mjung76/resnet_rpn_fpn/proj/solution1/.autopilot/db/resnet_layer3.pp.0.cpp:35121:5: warning: Added loop label VITIS_LOOP_342_1:   [xilinx-label-all-loops]
    for(int ti = 0; ti < (RESNET_IN_FM_HEIGHT / 46) + RESNET_LAST_LAYER_EN; ti++)
    ^~~
    VITIS_LOOP_342_1: 
/nethome/mjung76/resnet_rpn_fpn/proj/solution1/.autopilot/db/resnet_layer3.pp.0.cpp:35121:5: note: FIX-IT applied suggested code changes
/nethome/mjung76/resnet_rpn_fpn/proj/solution1/.autopilot/db/resnet_layer3.pp.0.cpp:35123:9: warning: Added loop label VITIS_LOOP_344_2:   [xilinx-label-all-loops]
        for(int tj = 0; tj < (RESNET_IN_FM_WIDTH / 40); tj++)
        ^~~
        VITIS_LOOP_344_2: 
/nethome/mjung76/resnet_rpn_fpn/proj/solution1/.autopilot/db/resnet_layer3.pp.0.cpp:35123:9: note: FIX-IT applied suggested code changes
/nethome/mjung76/resnet_rpn_fpn/proj/solution1/.autopilot/db/resnet_layer3.pp.0.cpp:35128:13: warning: Added loop label VITIS_LOOP_349_3:   [xilinx-label-all-loops]
            for(int b = 0; b < (RESNET_OUT_FM_DEPTH / 64); b++)
            ^~~
            VITIS_LOOP_349_3: 
/nethome/mjung76/resnet_rpn_fpn/proj/solution1/.autopilot/db/resnet_layer3.pp.0.cpp:35128:13: note: FIX-IT applied suggested code changes
/nethome/mjung76/resnet_rpn_fpn/proj/solution1/.autopilot/db/resnet_layer3.pp.0.cpp:35130:17: warning: Added loop label VITIS_LOOP_351_4:   [xilinx-label-all-loops]
                for(int d = 0; d < (RESNET_IN_FM_DEPTH / 64); d++)
                ^~~
                VITIS_LOOP_351_4: 
/nethome/mjung76/resnet_rpn_fpn/proj/solution1/.autopilot/db/resnet_layer3.pp.0.cpp:35130:17: note: FIX-IT applied suggested code changes
/nethome/mjung76/resnet_rpn_fpn/proj/solution1/.autopilot/db/resnet_layer3.pp.0.cpp:35138:18: warning: Added loop label VITIS_LOOP_359_5:   [xilinx-label-all-loops]
                 for(int f = 0; f < 64; f++)
                 ^~~
                 VITIS_LOOP_359_5: 
/nethome/mjung76/resnet_rpn_fpn/proj/solution1/.autopilot/db/resnet_layer3.pp.0.cpp:35138:18: note: FIX-IT applied suggested code changes
/nethome/mjung76/resnet_rpn_fpn/proj/solution1/.autopilot/db/resnet_layer3.pp.0.cpp:35221:5: warning: Added loop label VITIS_LOOP_54_1:   [xilinx-label-all-loops]
    for(int c = 0; c < 512; c++)
    ^~~
    VITIS_LOOP_54_1: 
/nethome/mjung76/resnet_rpn_fpn/proj/solution1/.autopilot/db/resnet_layer3.pp.0.cpp:35221:5: note: FIX-IT applied suggested code changes
/nethome/mjung76/resnet_rpn_fpn/proj/solution1/.autopilot/db/resnet_layer3.pp.0.cpp:35223:9: warning: Added loop label VITIS_LOOP_56_2:   [xilinx-label-all-loops]
        for(int h = 0; h < 92; h++)
        ^~~
        VITIS_LOOP_56_2: 
/nethome/mjung76/resnet_rpn_fpn/proj/solution1/.autopilot/db/resnet_layer3.pp.0.cpp:35223:9: note: FIX-IT applied suggested code changes
/nethome/mjung76/resnet_rpn_fpn/proj/solution1/.autopilot/db/resnet_layer3.pp.0.cpp:35225:13: warning: Added loop label VITIS_LOOP_58_3:   [xilinx-label-all-loops]
            for(int w = 0; w < 160; w++)
            ^~~
            VITIS_LOOP_58_3: 
/nethome/mjung76/resnet_rpn_fpn/proj/solution1/.autopilot/db/resnet_layer3.pp.0.cpp:35225:13: note: FIX-IT applied suggested code changes
/nethome/mjung76/resnet_rpn_fpn/proj/solution1/.autopilot/db/resnet_layer3.pp.0.cpp:35242:5: warning: Added loop label VITIS_LOOP_75_4:   [xilinx-label-all-loops]
    for(int c = 0; c < 1024; c++)
    ^~~
    VITIS_LOOP_75_4: 
/nethome/mjung76/resnet_rpn_fpn/proj/solution1/.autopilot/db/resnet_layer3.pp.0.cpp:35242:5: note: FIX-IT applied suggested code changes
/nethome/mjung76/resnet_rpn_fpn/proj/solution1/.autopilot/db/resnet_layer3.pp.0.cpp:35244:9: warning: Added loop label VITIS_LOOP_77_5:   [xilinx-label-all-loops]
        for(int h = 0; h < 46; h++)
        ^~~
        VITIS_LOOP_77_5: 
/nethome/mjung76/resnet_rpn_fpn/proj/solution1/.autopilot/db/resnet_layer3.pp.0.cpp:35244:9: note: FIX-IT applied suggested code changes
/nethome/mjung76/resnet_rpn_fpn/proj/solution1/.autopilot/db/resnet_layer3.pp.0.cpp:35246:13: warning: Added loop label VITIS_LOOP_79_6:   [xilinx-label-all-loops]
            for(int w = 0; w < 80; w++)
            ^~~
            VITIS_LOOP_79_6: 
/nethome/mjung76/resnet_rpn_fpn/proj/solution1/.autopilot/db/resnet_layer3.pp.0.cpp:35246:13: note: FIX-IT applied suggested code changes
/nethome/mjung76/resnet_rpn_fpn/proj/solution1/.autopilot/db/resnet_layer3.pp.0.cpp:35264:5: warning: Added loop label VITIS_LOOP_97_7:   [xilinx-label-all-loops]
    for(int c = 0; c < 256; c++)
    ^~~
    VITIS_LOOP_97_7: 
/nethome/mjung76/resnet_rpn_fpn/proj/solution1/.autopilot/db/resnet_layer3.pp.0.cpp:35264:5: note: FIX-IT applied suggested code changes
/nethome/mjung76/resnet_rpn_fpn/proj/solution1/.autopilot/db/resnet_layer3.pp.0.cpp:35266:9: warning: Added loop label VITIS_LOOP_99_8:   [xilinx-label-all-loops]
        for(int h = 0; h < 92; h++)
        ^~~
        VITIS_LOOP_99_8: 
/nethome/mjung76/resnet_rpn_fpn/proj/solution1/.autopilot/db/resnet_layer3.pp.0.cpp:35266:9: note: FIX-IT applied suggested code changes
/nethome/mjung76/resnet_rpn_fpn/proj/solution1/.autopilot/db/resnet_layer3.pp.0.cpp:35268:13: warning: Added loop label VITIS_LOOP_101_9:   [xilinx-label-all-loops]
            for(int w = 0; w < 160; w++)
            ^~~
            VITIS_LOOP_101_9: 
/nethome/mjung76/resnet_rpn_fpn/proj/solution1/.autopilot/db/resnet_layer3.pp.0.cpp:35268:13: note: FIX-IT applied suggested code changes
/nethome/mjung76/resnet_rpn_fpn/proj/solution1/.autopilot/db/resnet_layer3.pp.0.cpp:35287:5: warning: Added loop label VITIS_LOOP_120_10:   [xilinx-label-all-loops]
    for(int c = 0; c < 256; c++)
    ^~~
    VITIS_LOOP_120_10: 
/nethome/mjung76/resnet_rpn_fpn/proj/solution1/.autopilot/db/resnet_layer3.pp.0.cpp:35287:5: note: FIX-IT applied suggested code changes
/nethome/mjung76/resnet_rpn_fpn/proj/solution1/.autopilot/db/resnet_layer3.pp.0.cpp:35289:9: warning: Added loop label VITIS_LOOP_122_11:   [xilinx-label-all-loops]
        for(int h = 0; h < 46; h++)
        ^~~
        VITIS_LOOP_122_11: 
/nethome/mjung76/resnet_rpn_fpn/proj/solution1/.autopilot/db/resnet_layer3.pp.0.cpp:35289:9: note: FIX-IT applied suggested code changes
/nethome/mjung76/resnet_rpn_fpn/proj/solution1/.autopilot/db/resnet_layer3.pp.0.cpp:35291:13: warning: Added loop label VITIS_LOOP_124_12:   [xilinx-label-all-loops]
            for(int w = 0; w < 80; w++)
            ^~~
            VITIS_LOOP_124_12: 
/nethome/mjung76/resnet_rpn_fpn/proj/solution1/.autopilot/db/resnet_layer3.pp.0.cpp:35291:13: note: FIX-IT applied suggested code changes
/nethome/mjung76/resnet_rpn_fpn/proj/solution1/.autopilot/db/resnet_layer3.pp.0.cpp:35310:5: warning: Added loop label VITIS_LOOP_143_13:   [xilinx-label-all-loops]
    for(int c = 0; c < 1024; c++)
    ^~~
    VITIS_LOOP_143_13: 
/nethome/mjung76/resnet_rpn_fpn/proj/solution1/.autopilot/db/resnet_layer3.pp.0.cpp:35310:5: note: FIX-IT applied suggested code changes
/nethome/mjung76/resnet_rpn_fpn/proj/solution1/.autopilot/db/resnet_layer3.pp.0.cpp:35312:9: warning: Added loop label VITIS_LOOP_145_14:   [xilinx-label-all-loops]
        for(int h = 0; h < 46; h++)
        ^~~
        VITIS_LOOP_145_14: 
/nethome/mjung76/resnet_rpn_fpn/proj/solution1/.autopilot/db/resnet_layer3.pp.0.cpp:35312:9: note: FIX-IT applied suggested code changes
/nethome/mjung76/resnet_rpn_fpn/proj/solution1/.autopilot/db/resnet_layer3.pp.0.cpp:35314:13: warning: Added loop label VITIS_LOOP_147_15:   [xilinx-label-all-loops]
            for(int w = 0; w < 80; w++)
            ^~~
            VITIS_LOOP_147_15: 
/nethome/mjung76/resnet_rpn_fpn/proj/solution1/.autopilot/db/resnet_layer3.pp.0.cpp:35314:13: note: FIX-IT applied suggested code changes
/nethome/mjung76/resnet_rpn_fpn/proj/solution1/.autopilot/db/resnet_layer3.pp.0.cpp:35334:5: warning: Added loop label VITIS_LOOP_167_16:   [xilinx-label-all-loops]
    for(int c = 0; c < 256; c++)
    ^~~
    VITIS_LOOP_167_16: 
/nethome/mjung76/resnet_rpn_fpn/proj/solution1/.autopilot/db/resnet_layer3.pp.0.cpp:35334:5: note: FIX-IT applied suggested code changes
/nethome/mjung76/resnet_rpn_fpn/proj/solution1/.autopilot/db/resnet_layer3.pp.0.cpp:35336:9: warning: Added loop label VITIS_LOOP_169_17:   [xilinx-label-all-loops]
        for(int h = 0; h < 46; h++)
        ^~~
        VITIS_LOOP_169_17: 
/nethome/mjung76/resnet_rpn_fpn/proj/solution1/.autopilot/db/resnet_layer3.pp.0.cpp:35336:9: note: FIX-IT applied suggested code changes
/nethome/mjung76/resnet_rpn_fpn/proj/solution1/.autopilot/db/resnet_layer3.pp.0.cpp:35338:13: warning: Added loop label VITIS_LOOP_171_18:   [xilinx-label-all-loops]
            for(int w = 0; w < 80; w++)
            ^~~
            VITIS_LOOP_171_18: 
/nethome/mjung76/resnet_rpn_fpn/proj/solution1/.autopilot/db/resnet_layer3.pp.0.cpp:35338:13: note: FIX-IT applied suggested code changes
/nethome/mjung76/resnet_rpn_fpn/proj/solution1/.autopilot/db/resnet_layer3.pp.0.cpp:35356:5: warning: Added loop label VITIS_LOOP_189_19:   [xilinx-label-all-loops]
    for(int c = 0; c < 256; c++)
    ^~~
    VITIS_LOOP_189_19: 
/nethome/mjung76/resnet_rpn_fpn/proj/solution1/.autopilot/db/resnet_layer3.pp.0.cpp:35356:5: note: FIX-IT applied suggested code changes
/nethome/mjung76/resnet_rpn_fpn/proj/solution1/.autopilot/db/resnet_layer3.pp.0.cpp:35358:9: warning: Added loop label VITIS_LOOP_191_20:   [xilinx-label-all-loops]
        for(int h = 0; h < 46; h++)
        ^~~
        VITIS_LOOP_191_20: 
/nethome/mjung76/resnet_rpn_fpn/proj/solution1/.autopilot/db/resnet_layer3.pp.0.cpp:35358:9: note: FIX-IT applied suggested code changes
/nethome/mjung76/resnet_rpn_fpn/proj/solution1/.autopilot/db/resnet_layer3.pp.0.cpp:35360:13: warning: Added loop label VITIS_LOOP_193_21:   [xilinx-label-all-loops]
            for(int w = 0; w < 80; w++)
            ^~~
            VITIS_LOOP_193_21: 
/nethome/mjung76/resnet_rpn_fpn/proj/solution1/.autopilot/db/resnet_layer3.pp.0.cpp:35360:13: note: FIX-IT applied suggested code changes
/nethome/mjung76/resnet_rpn_fpn/proj/solution1/.autopilot/db/resnet_layer3.pp.0.cpp:35378:5: warning: Added loop label VITIS_LOOP_211_22:   [xilinx-label-all-loops]
    for(int c = 0; c < 1024; c++)
    ^~~
    VITIS_LOOP_211_22: 
/nethome/mjung76/resnet_rpn_fpn/proj/solution1/.autopilot/db/resnet_layer3.pp.0.cpp:35378:5: note: FIX-IT applied suggested code changes
/nethome/mjung76/resnet_rpn_fpn/proj/solution1/.autopilot/db/resnet_layer3.pp.0.cpp:35380:9: warning: Added loop label VITIS_LOOP_213_23:   [xilinx-label-all-loops]
        for(int h = 0; h < 46; h++)
        ^~~
        VITIS_LOOP_213_23: 
/nethome/mjung76/resnet_rpn_fpn/proj/solution1/.autopilot/db/resnet_layer3.pp.0.cpp:35380:9: note: FIX-IT applied suggested code changes
/nethome/mjung76/resnet_rpn_fpn/proj/solution1/.autopilot/db/resnet_layer3.pp.0.cpp:35382:13: warning: Added loop label VITIS_LOOP_215_24:   [xilinx-label-all-loops]
            for(int w = 0; w < 80; w++)
            ^~~
            VITIS_LOOP_215_24: 
/nethome/mjung76/resnet_rpn_fpn/proj/solution1/.autopilot/db/resnet_layer3.pp.0.cpp:35382:13: note: FIX-IT applied suggested code changes
/nethome/mjung76/resnet_rpn_fpn/proj/solution1/.autopilot/db/resnet_layer3.pp.0.cpp:35401:5: warning: Added loop label VITIS_LOOP_234_25:   [xilinx-label-all-loops]
    for(int c = 0; c < 256; c++)
    ^~~
    VITIS_LOOP_234_25: 
/nethome/mjung76/resnet_rpn_fpn/proj/solution1/.autopilot/db/resnet_layer3.pp.0.cpp:35401:5: note: FIX-IT applied suggested code changes
/nethome/mjung76/resnet_rpn_fpn/proj/solution1/.autopilot/db/resnet_layer3.pp.0.cpp:35403:9: warning: Added loop label VITIS_LOOP_236_26:   [xilinx-label-all-loops]
        for(int h = 0; h < 46; h++)
        ^~~
        VITIS_LOOP_236_26: 
/nethome/mjung76/resnet_rpn_fpn/proj/solution1/.autopilot/db/resnet_layer3.pp.0.cpp:35403:9: note: FIX-IT applied suggested code changes
/nethome/mjung76/resnet_rpn_fpn/proj/solution1/.autopilot/db/resnet_layer3.pp.0.cpp:35405:13: warning: Added loop label VITIS_LOOP_238_27:   [xilinx-label-all-loops]
            for(int w = 0; w < 80; w++)
            ^~~
            VITIS_LOOP_238_27: 
/nethome/mjung76/resnet_rpn_fpn/proj/solution1/.autopilot/db/resnet_layer3.pp.0.cpp:35405:13: note: FIX-IT applied suggested code changes
/nethome/mjung76/resnet_rpn_fpn/proj/solution1/.autopilot/db/resnet_layer3.pp.0.cpp:35423:5: warning: Added loop label VITIS_LOOP_256_28:   [xilinx-label-all-loops]
    for(int c = 0; c < 256; c++)
    ^~~
    VITIS_LOOP_256_28: 
/nethome/mjung76/resnet_rpn_fpn/proj/solution1/.autopilot/db/resnet_layer3.pp.0.cpp:35423:5: note: FIX-IT applied suggested code changes
/nethome/mjung76/resnet_rpn_fpn/proj/solution1/.autopilot/db/resnet_layer3.pp.0.cpp:35425:9: warning: Added loop label VITIS_LOOP_258_29:   [xilinx-label-all-loops]
        for(int h = 0; h < 46; h++)
        ^~~
        VITIS_LOOP_258_29: 
/nethome/mjung76/resnet_rpn_fpn/proj/solution1/.autopilot/db/resnet_layer3.pp.0.cpp:35425:9: note: FIX-IT applied suggested code changes
/nethome/mjung76/resnet_rpn_fpn/proj/solution1/.autopilot/db/resnet_layer3.pp.0.cpp:35427:13: warning: Added loop label VITIS_LOOP_260_30:   [xilinx-label-all-loops]
            for(int w = 0; w < 80; w++)
            ^~~
            VITIS_LOOP_260_30: 
/nethome/mjung76/resnet_rpn_fpn/proj/solution1/.autopilot/db/resnet_layer3.pp.0.cpp:35427:13: note: FIX-IT applied suggested code changes
/nethome/mjung76/resnet_rpn_fpn/proj/solution1/.autopilot/db/resnet_layer3.pp.0.cpp:35445:5: warning: Added loop label VITIS_LOOP_278_31:   [xilinx-label-all-loops]
    for(int c = 0; c < 1024; c++)
    ^~~
    VITIS_LOOP_278_31: 
/nethome/mjung76/resnet_rpn_fpn/proj/solution1/.autopilot/db/resnet_layer3.pp.0.cpp:35445:5: note: FIX-IT applied suggested code changes
/nethome/mjung76/resnet_rpn_fpn/proj/solution1/.autopilot/db/resnet_layer3.pp.0.cpp:35447:9: warning: Added loop label VITIS_LOOP_280_32:   [xilinx-label-all-loops]
        for(int h = 0; h < 46; h++)
        ^~~
        VITIS_LOOP_280_32: 
/nethome/mjung76/resnet_rpn_fpn/proj/solution1/.autopilot/db/resnet_layer3.pp.0.cpp:35447:9: note: FIX-IT applied suggested code changes
/nethome/mjung76/resnet_rpn_fpn/proj/solution1/.autopilot/db/resnet_layer3.pp.0.cpp:35449:13: warning: Added loop label VITIS_LOOP_282_33:   [xilinx-label-all-loops]
            for(int w = 0; w < 80; w++)
            ^~~
            VITIS_LOOP_282_33: 
/nethome/mjung76/resnet_rpn_fpn/proj/solution1/.autopilot/db/resnet_layer3.pp.0.cpp:35449:13: note: FIX-IT applied suggested code changes
/nethome/mjung76/resnet_rpn_fpn/proj/solution1/.autopilot/db/resnet_layer3.pp.0.cpp:35468:5: warning: Added loop label VITIS_LOOP_301_34:   [xilinx-label-all-loops]
    for(int c = 0; c < 256; c++)
    ^~~
    VITIS_LOOP_301_34: 
/nethome/mjung76/resnet_rpn_fpn/proj/solution1/.autopilot/db/resnet_layer3.pp.0.cpp:35468:5: note: FIX-IT applied suggested code changes
/nethome/mjung76/resnet_rpn_fpn/proj/solution1/.autopilot/db/resnet_layer3.pp.0.cpp:35470:9: warning: Added loop label VITIS_LOOP_303_35:   [xilinx-label-all-loops]
        for(int h = 0; h < 46; h++)
        ^~~
        VITIS_LOOP_303_35: 
/nethome/mjung76/resnet_rpn_fpn/proj/solution1/.autopilot/db/resnet_layer3.pp.0.cpp:35470:9: note: FIX-IT applied suggested code changes
/nethome/mjung76/resnet_rpn_fpn/proj/solution1/.autopilot/db/resnet_layer3.pp.0.cpp:35472:13: warning: Added loop label VITIS_LOOP_305_36:   [xilinx-label-all-loops]
            for(int w = 0; w < 80; w++)
            ^~~
            VITIS_LOOP_305_36: 
/nethome/mjung76/resnet_rpn_fpn/proj/solution1/.autopilot/db/resnet_layer3.pp.0.cpp:35472:13: note: FIX-IT applied suggested code changes
/nethome/mjung76/resnet_rpn_fpn/proj/solution1/.autopilot/db/resnet_layer3.pp.0.cpp:35490:5: warning: Added loop label VITIS_LOOP_323_37:   [xilinx-label-all-loops]
    for(int c = 0; c < 256; c++)
    ^~~
    VITIS_LOOP_323_37: 
/nethome/mjung76/resnet_rpn_fpn/proj/solution1/.autopilot/db/resnet_layer3.pp.0.cpp:35490:5: note: FIX-IT applied suggested code changes
/nethome/mjung76/resnet_rpn_fpn/proj/solution1/.autopilot/db/resnet_layer3.pp.0.cpp:35492:9: warning: Added loop label VITIS_LOOP_325_38:   [xilinx-label-all-loops]
        for(int h = 0; h < 46; h++)
        ^~~
        VITIS_LOOP_325_38: 
/nethome/mjung76/resnet_rpn_fpn/proj/solution1/.autopilot/db/resnet_layer3.pp.0.cpp:35492:9: note: FIX-IT applied suggested code changes
/nethome/mjung76/resnet_rpn_fpn/proj/solution1/.autopilot/db/resnet_layer3.pp.0.cpp:35494:13: warning: Added loop label VITIS_LOOP_327_39:   [xilinx-label-all-loops]
            for(int w = 0; w < 80; w++)
            ^~~
            VITIS_LOOP_327_39: 
/nethome/mjung76/resnet_rpn_fpn/proj/solution1/.autopilot/db/resnet_layer3.pp.0.cpp:35494:13: note: FIX-IT applied suggested code changes
/nethome/mjung76/resnet_rpn_fpn/proj/solution1/.autopilot/db/resnet_layer3.pp.0.cpp:35512:5: warning: Added loop label VITIS_LOOP_345_40:   [xilinx-label-all-loops]
    for(int c = 0; c < 1024; c++)
    ^~~
    VITIS_LOOP_345_40: 
/nethome/mjung76/resnet_rpn_fpn/proj/solution1/.autopilot/db/resnet_layer3.pp.0.cpp:35512:5: note: FIX-IT applied suggested code changes
/nethome/mjung76/resnet_rpn_fpn/proj/solution1/.autopilot/db/resnet_layer3.pp.0.cpp:35514:9: warning: Added loop label VITIS_LOOP_347_41:   [xilinx-label-all-loops]
        for(int h = 0; h < 46; h++)
        ^~~
        VITIS_LOOP_347_41: 
/nethome/mjung76/resnet_rpn_fpn/proj/solution1/.autopilot/db/resnet_layer3.pp.0.cpp:35514:9: note: FIX-IT applied suggested code changes
/nethome/mjung76/resnet_rpn_fpn/proj/solution1/.autopilot/db/resnet_layer3.pp.0.cpp:35516:13: warning: Added loop label VITIS_LOOP_349_42:   [xilinx-label-all-loops]
            for(int w = 0; w < 80; w++)
            ^~~
            VITIS_LOOP_349_42: 
/nethome/mjung76/resnet_rpn_fpn/proj/solution1/.autopilot/db/resnet_layer3.pp.0.cpp:35516:13: note: FIX-IT applied suggested code changes
/nethome/mjung76/resnet_rpn_fpn/proj/solution1/.autopilot/db/resnet_layer3.pp.0.cpp:35535:5: warning: Added loop label VITIS_LOOP_368_43:   [xilinx-label-all-loops]
    for(int c = 0; c < 256; c++)
    ^~~
    VITIS_LOOP_368_43: 
/nethome/mjung76/resnet_rpn_fpn/proj/solution1/.autopilot/db/resnet_layer3.pp.0.cpp:35535:5: note: FIX-IT applied suggested code changes
/nethome/mjung76/resnet_rpn_fpn/proj/solution1/.autopilot/db/resnet_layer3.pp.0.cpp:35537:9: warning: Added loop label VITIS_LOOP_370_44:   [xilinx-label-all-loops]
        for(int h = 0; h < 46; h++)
        ^~~
        VITIS_LOOP_370_44: 
/nethome/mjung76/resnet_rpn_fpn/proj/solution1/.autopilot/db/resnet_layer3.pp.0.cpp:35537:9: note: FIX-IT applied suggested code changes
/nethome/mjung76/resnet_rpn_fpn/proj/solution1/.autopilot/db/resnet_layer3.pp.0.cpp:35539:13: warning: Added loop label VITIS_LOOP_372_45:   [xilinx-label-all-loops]
            for(int w = 0; w < 80; w++)
            ^~~
            VITIS_LOOP_372_45: 
/nethome/mjung76/resnet_rpn_fpn/proj/solution1/.autopilot/db/resnet_layer3.pp.0.cpp:35539:13: note: FIX-IT applied suggested code changes
/nethome/mjung76/resnet_rpn_fpn/proj/solution1/.autopilot/db/resnet_layer3.pp.0.cpp:35557:5: warning: Added loop label VITIS_LOOP_390_46:   [xilinx-label-all-loops]
    for(int c = 0; c < 256; c++)
    ^~~
    VITIS_LOOP_390_46: 
/nethome/mjung76/resnet_rpn_fpn/proj/solution1/.autopilot/db/resnet_layer3.pp.0.cpp:35557:5: note: FIX-IT applied suggested code changes
/nethome/mjung76/resnet_rpn_fpn/proj/solution1/.autopilot/db/resnet_layer3.pp.0.cpp:35559:9: warning: Added loop label VITIS_LOOP_392_47:   [xilinx-label-all-loops]
        for(int h = 0; h < 46; h++)
        ^~~
        VITIS_LOOP_392_47: 
/nethome/mjung76/resnet_rpn_fpn/proj/solution1/.autopilot/db/resnet_layer3.pp.0.cpp:35559:9: note: FIX-IT applied suggested code changes
/nethome/mjung76/resnet_rpn_fpn/proj/solution1/.autopilot/db/resnet_layer3.pp.0.cpp:35561:13: warning: Added loop label VITIS_LOOP_394_48:   [xilinx-label-all-loops]
            for(int w = 0; w < 80; w++)
            ^~~
            VITIS_LOOP_394_48: 
/nethome/mjung76/resnet_rpn_fpn/proj/solution1/.autopilot/db/resnet_layer3.pp.0.cpp:35561:13: note: FIX-IT applied suggested code changes
/nethome/mjung76/resnet_rpn_fpn/proj/solution1/.autopilot/db/resnet_layer3.pp.0.cpp:35579:5: warning: Added loop label VITIS_LOOP_412_49:   [xilinx-label-all-loops]
    for(int c = 0; c < 1024; c++)
    ^~~
    VITIS_LOOP_412_49: 
/nethome/mjung76/resnet_rpn_fpn/proj/solution1/.autopilot/db/resnet_layer3.pp.0.cpp:35579:5: note: FIX-IT applied suggested code changes
/nethome/mjung76/resnet_rpn_fpn/proj/solution1/.autopilot/db/resnet_layer3.pp.0.cpp:35581:9: warning: Added loop label VITIS_LOOP_414_50:   [xilinx-label-all-loops]
        for(int h = 0; h < 46; h++)
        ^~~
        VITIS_LOOP_414_50: 
/nethome/mjung76/resnet_rpn_fpn/proj/solution1/.autopilot/db/resnet_layer3.pp.0.cpp:35581:9: note: FIX-IT applied suggested code changes
/nethome/mjung76/resnet_rpn_fpn/proj/solution1/.autopilot/db/resnet_layer3.pp.0.cpp:35583:13: warning: Added loop label VITIS_LOOP_416_51:   [xilinx-label-all-loops]
            for(int w = 0; w < 80; w++)
            ^~~
            VITIS_LOOP_416_51: 
/nethome/mjung76/resnet_rpn_fpn/proj/solution1/.autopilot/db/resnet_layer3.pp.0.cpp:35583:13: note: FIX-IT applied suggested code changes
/nethome/mjung76/resnet_rpn_fpn/proj/solution1/.autopilot/db/resnet_layer3.pp.0.cpp:35602:5: warning: Added loop label VITIS_LOOP_435_52:   [xilinx-label-all-loops]
    for(int c = 0; c < 256; c++)
    ^~~
    VITIS_LOOP_435_52: 
/nethome/mjung76/resnet_rpn_fpn/proj/solution1/.autopilot/db/resnet_layer3.pp.0.cpp:35602:5: note: FIX-IT applied suggested code changes
/nethome/mjung76/resnet_rpn_fpn/proj/solution1/.autopilot/db/resnet_layer3.pp.0.cpp:35604:9: warning: Added loop label VITIS_LOOP_437_53:   [xilinx-label-all-loops]
        for(int h = 0; h < 46; h++)
        ^~~
        VITIS_LOOP_437_53: 
/nethome/mjung76/resnet_rpn_fpn/proj/solution1/.autopilot/db/resnet_layer3.pp.0.cpp:35604:9: note: FIX-IT applied suggested code changes
/nethome/mjung76/resnet_rpn_fpn/proj/solution1/.autopilot/db/resnet_layer3.pp.0.cpp:35606:13: warning: Added loop label VITIS_LOOP_439_54:   [xilinx-label-all-loops]
            for(int w = 0; w < 80; w++)
            ^~~
            VITIS_LOOP_439_54: 
/nethome/mjung76/resnet_rpn_fpn/proj/solution1/.autopilot/db/resnet_layer3.pp.0.cpp:35606:13: note: FIX-IT applied suggested code changes
/nethome/mjung76/resnet_rpn_fpn/proj/solution1/.autopilot/db/resnet_layer3.pp.0.cpp:35624:5: warning: Added loop label VITIS_LOOP_457_55:   [xilinx-label-all-loops]
    for(int c = 0; c < 256; c++)
    ^~~
    VITIS_LOOP_457_55: 
/nethome/mjung76/resnet_rpn_fpn/proj/solution1/.autopilot/db/resnet_layer3.pp.0.cpp:35624:5: note: FIX-IT applied suggested code changes
/nethome/mjung76/resnet_rpn_fpn/proj/solution1/.autopilot/db/resnet_layer3.pp.0.cpp:35626:9: warning: Added loop label VITIS_LOOP_459_56:   [xilinx-label-all-loops]
        for(int h = 0; h < 46; h++)
        ^~~
        VITIS_LOOP_459_56: 
/nethome/mjung76/resnet_rpn_fpn/proj/solution1/.autopilot/db/resnet_layer3.pp.0.cpp:35626:9: note: FIX-IT applied suggested code changes
/nethome/mjung76/resnet_rpn_fpn/proj/solution1/.autopilot/db/resnet_layer3.pp.0.cpp:35628:13: warning: Added loop label VITIS_LOOP_461_57:   [xilinx-label-all-loops]
            for(int w = 0; w < 80; w++)
            ^~~
            VITIS_LOOP_461_57: 
/nethome/mjung76/resnet_rpn_fpn/proj/solution1/.autopilot/db/resnet_layer3.pp.0.cpp:35628:13: note: FIX-IT applied suggested code changes
/nethome/mjung76/resnet_rpn_fpn/proj/solution1/.autopilot/db/resnet_layer3.pp.0.cpp:35647:5: warning: Added loop label VITIS_LOOP_480_58:   [xilinx-label-all-loops]
    for(int c = 0; c < 1024; c++)
    ^~~
    VITIS_LOOP_480_58: 
/nethome/mjung76/resnet_rpn_fpn/proj/solution1/.autopilot/db/resnet_layer3.pp.0.cpp:35647:5: note: FIX-IT applied suggested code changes
/nethome/mjung76/resnet_rpn_fpn/proj/solution1/.autopilot/db/resnet_layer3.pp.0.cpp:35649:9: warning: Added loop label VITIS_LOOP_482_59:   [xilinx-label-all-loops]
        for(int h = 0; h < 46; h++)
        ^~~
        VITIS_LOOP_482_59: 
/nethome/mjung76/resnet_rpn_fpn/proj/solution1/.autopilot/db/resnet_layer3.pp.0.cpp:35649:9: note: FIX-IT applied suggested code changes
/nethome/mjung76/resnet_rpn_fpn/proj/solution1/.autopilot/db/resnet_layer3.pp.0.cpp:35651:13: warning: Added loop label VITIS_LOOP_484_60:   [xilinx-label-all-loops]
            for(int w = 0; w < 80; w++)
            ^~~
            VITIS_LOOP_484_60: 
/nethome/mjung76/resnet_rpn_fpn/proj/solution1/.autopilot/db/resnet_layer3.pp.0.cpp:35651:13: note: FIX-IT applied suggested code changes
