/nethome/mjung76/resnet_rpn_fpn/proj/solution1/.autopilot/db/resnet_layer2.pp.0.cpp:29489:7: warning: Added loop label VITIS_LOOP_1213_1:   [xilinx-label-all-loops]
      for (i = 0; i < __N - 1; ++i) {
      ^~~
      VITIS_LOOP_1213_1: 
/nethome/mjung76/resnet_rpn_fpn/proj/solution1/.autopilot/db/resnet_layer2.pp.0.cpp:29489:7: note: FIX-IT applied suggested code changes
/nethome/mjung76/resnet_rpn_fpn/proj/solution1/.autopilot/db/resnet_layer2.pp.0.cpp:30463:5: warning: Added loop label VITIS_LOOP_676_1:   [xilinx-label-all-loops]
    for (unsigned i = low; i != high; ++i) {
    ^~~
    VITIS_LOOP_676_1: 
/nethome/mjung76/resnet_rpn_fpn/proj/solution1/.autopilot/db/resnet_layer2.pp.0.cpp:30463:5: note: FIX-IT applied suggested code changes
/nethome/mjung76/resnet_rpn_fpn/proj/solution1/.autopilot/db/resnet_layer2.pp.0.cpp:30477:5: warning: Added loop label VITIS_LOOP_690_1:   [xilinx-label-all-loops]
    for (unsigned i = low; i != high; ++i) {
    ^~~
    VITIS_LOOP_690_1: 
/nethome/mjung76/resnet_rpn_fpn/proj/solution1/.autopilot/db/resnet_layer2.pp.0.cpp:30477:5: note: FIX-IT applied suggested code changes
/nethome/mjung76/resnet_rpn_fpn/proj/solution1/.autopilot/db/resnet_layer2.pp.0.cpp:30491:5: warning: Added loop label VITIS_LOOP_704_1:   [xilinx-label-all-loops]
    for (unsigned i = low; i != high; ++i) {
    ^~~
    VITIS_LOOP_704_1: 
/nethome/mjung76/resnet_rpn_fpn/proj/solution1/.autopilot/db/resnet_layer2.pp.0.cpp:30491:5: note: FIX-IT applied suggested code changes
/nethome/mjung76/resnet_rpn_fpn/proj/solution1/.autopilot/db/resnet_layer2.pp.0.cpp:32102:7: warning: Added loop label VITIS_LOOP_1247_1:   [xilinx-label-all-loops]
      for (i = 0; i < __N - 1; ++i) {
      ^~~
      VITIS_LOOP_1247_1: 
/nethome/mjung76/resnet_rpn_fpn/proj/solution1/.autopilot/db/resnet_layer2.pp.0.cpp:32102:7: note: FIX-IT applied suggested code changes
/nethome/mjung76/resnet_rpn_fpn/proj/solution1/.autopilot/db/resnet_layer2.pp.0.cpp:34828:5: warning: Added loop label VITIS_LOOP_49_1:   [xilinx-label-all-loops]
    for(int c = 0; c < 64; c++)
    ^~~
    VITIS_LOOP_49_1: 
/nethome/mjung76/resnet_rpn_fpn/proj/solution1/.autopilot/db/resnet_layer2.pp.0.cpp:34828:5: note: FIX-IT applied suggested code changes
/nethome/mjung76/resnet_rpn_fpn/proj/solution1/.autopilot/db/resnet_layer2.pp.0.cpp:34830:9: warning: Added loop label VITIS_LOOP_51_2:   [xilinx-label-all-loops]
        for(int i = 0; i < 46 + 5; i++)
        ^~~
        VITIS_LOOP_51_2: 
/nethome/mjung76/resnet_rpn_fpn/proj/solution1/.autopilot/db/resnet_layer2.pp.0.cpp:34830:9: note: FIX-IT applied suggested code changes
/nethome/mjung76/resnet_rpn_fpn/proj/solution1/.autopilot/db/resnet_layer2.pp.0.cpp:34832:13: warning: Added loop label VITIS_LOOP_53_3:   [xilinx-label-all-loops]
            for(int j = 0; j < 40 + 5; j++)
            ^~~
            VITIS_LOOP_53_3: 
/nethome/mjung76/resnet_rpn_fpn/proj/solution1/.autopilot/db/resnet_layer2.pp.0.cpp:34832:13: note: FIX-IT applied suggested code changes
/nethome/mjung76/resnet_rpn_fpn/proj/solution1/.autopilot/db/resnet_layer2.pp.0.cpp:34870:5: warning: Added loop label VITIS_LOOP_91_1:   [xilinx-label-all-loops]
    for(int c = 0; c < 64; c++)
    ^~~
    VITIS_LOOP_91_1: 
/nethome/mjung76/resnet_rpn_fpn/proj/solution1/.autopilot/db/resnet_layer2.pp.0.cpp:34870:5: note: FIX-IT applied suggested code changes
/nethome/mjung76/resnet_rpn_fpn/proj/solution1/.autopilot/db/resnet_layer2.pp.0.cpp:34872:9: warning: Added loop label VITIS_LOOP_93_2:   [xilinx-label-all-loops]
        for(int i = 0; i < 46; i++)
        ^~~
        VITIS_LOOP_93_2: 
/nethome/mjung76/resnet_rpn_fpn/proj/solution1/.autopilot/db/resnet_layer2.pp.0.cpp:34872:9: note: FIX-IT applied suggested code changes
/nethome/mjung76/resnet_rpn_fpn/proj/solution1/.autopilot/db/resnet_layer2.pp.0.cpp:34874:13: warning: Added loop label VITIS_LOOP_95_3:   [xilinx-label-all-loops]
            for(int j = 0; j < 40; j++)
            ^~~
            VITIS_LOOP_95_3: 
/nethome/mjung76/resnet_rpn_fpn/proj/solution1/.autopilot/db/resnet_layer2.pp.0.cpp:34874:13: note: FIX-IT applied suggested code changes
/nethome/mjung76/resnet_rpn_fpn/proj/solution1/.autopilot/db/resnet_layer2.pp.0.cpp:34892:5: warning: Added loop label VITIS_LOOP_113_1:   [xilinx-label-all-loops]
    for(int i = 0; i < 64; i++)
    ^~~
    VITIS_LOOP_113_1: 
/nethome/mjung76/resnet_rpn_fpn/proj/solution1/.autopilot/db/resnet_layer2.pp.0.cpp:34892:5: note: FIX-IT applied suggested code changes
/nethome/mjung76/resnet_rpn_fpn/proj/solution1/.autopilot/db/resnet_layer2.pp.0.cpp:34908:5: warning: Added loop label VITIS_LOOP_129_1:   [xilinx-label-all-loops]
    for(int c = 0; c < 64; c++)
    ^~~
    VITIS_LOOP_129_1: 
/nethome/mjung76/resnet_rpn_fpn/proj/solution1/.autopilot/db/resnet_layer2.pp.0.cpp:34908:5: note: FIX-IT applied suggested code changes
/nethome/mjung76/resnet_rpn_fpn/proj/solution1/.autopilot/db/resnet_layer2.pp.0.cpp:34910:9: warning: Added loop label VITIS_LOOP_131_2:   [xilinx-label-all-loops]
        for(int kh = 0; kh < 3; kh++)
        ^~~
        VITIS_LOOP_131_2: 
/nethome/mjung76/resnet_rpn_fpn/proj/solution1/.autopilot/db/resnet_layer2.pp.0.cpp:34910:9: note: FIX-IT applied suggested code changes
/nethome/mjung76/resnet_rpn_fpn/proj/solution1/.autopilot/db/resnet_layer2.pp.0.cpp:34912:10: warning: Added loop label VITIS_LOOP_133_3:   [xilinx-label-all-loops]
         for(int kw = 0; kw < 3; kw++)
         ^~~
         VITIS_LOOP_133_3: 
/nethome/mjung76/resnet_rpn_fpn/proj/solution1/.autopilot/db/resnet_layer2.pp.0.cpp:34912:10: note: FIX-IT applied suggested code changes
/nethome/mjung76/resnet_rpn_fpn/proj/solution1/.autopilot/db/resnet_layer2.pp.0.cpp:34932:5: warning: Added loop label VITIS_LOOP_153_1:   [xilinx-label-all-loops]
    for(int i = 0; i < 4; i++)
    ^~~
    VITIS_LOOP_153_1: 
/nethome/mjung76/resnet_rpn_fpn/proj/solution1/.autopilot/db/resnet_layer2.pp.0.cpp:34932:5: note: FIX-IT applied suggested code changes
/nethome/mjung76/resnet_rpn_fpn/proj/solution1/.autopilot/db/resnet_layer2.pp.0.cpp:34934:9: warning: Added loop label VITIS_LOOP_155_2:   [xilinx-label-all-loops]
        for(int j = 0; j < 64; j++)
        ^~~
        VITIS_LOOP_155_2: 
/nethome/mjung76/resnet_rpn_fpn/proj/solution1/.autopilot/db/resnet_layer2.pp.0.cpp:34934:9: note: FIX-IT applied suggested code changes
/nethome/mjung76/resnet_rpn_fpn/proj/solution1/.autopilot/db/resnet_layer2.pp.0.cpp:34949:5: warning: Added loop label VITIS_LOOP_170_1:   [xilinx-label-all-loops]
    for(int f = 0; f < 64; f++)
    ^~~
    VITIS_LOOP_170_1: 
/nethome/mjung76/resnet_rpn_fpn/proj/solution1/.autopilot/db/resnet_layer2.pp.0.cpp:34949:5: note: FIX-IT applied suggested code changes
/nethome/mjung76/resnet_rpn_fpn/proj/solution1/.autopilot/db/resnet_layer2.pp.0.cpp:34951:9: warning: Added loop label VITIS_LOOP_172_2:   [xilinx-label-all-loops]
        for(int i = 0; i < 46; i++)
        ^~~
        VITIS_LOOP_172_2: 
/nethome/mjung76/resnet_rpn_fpn/proj/solution1/.autopilot/db/resnet_layer2.pp.0.cpp:34951:9: note: FIX-IT applied suggested code changes
/nethome/mjung76/resnet_rpn_fpn/proj/solution1/.autopilot/db/resnet_layer2.pp.0.cpp:34953:13: warning: Added loop label VITIS_LOOP_174_3:   [xilinx-label-all-loops]
            for(int j = 0; j < 40; j++)
            ^~~
            VITIS_LOOP_174_3: 
/nethome/mjung76/resnet_rpn_fpn/proj/solution1/.autopilot/db/resnet_layer2.pp.0.cpp:34953:13: note: FIX-IT applied suggested code changes
/nethome/mjung76/resnet_rpn_fpn/proj/solution1/.autopilot/db/resnet_layer2.pp.0.cpp:34975:5: warning: Added loop label VITIS_LOOP_196_1:   [xilinx-label-all-loops]
    for(int f = 0; f < 64; f++)
    ^~~
    VITIS_LOOP_196_1: 
/nethome/mjung76/resnet_rpn_fpn/proj/solution1/.autopilot/db/resnet_layer2.pp.0.cpp:34975:5: note: FIX-IT applied suggested code changes
/nethome/mjung76/resnet_rpn_fpn/proj/solution1/.autopilot/db/resnet_layer2.pp.0.cpp:34977:9: warning: Added loop label VITIS_LOOP_198_2:   [xilinx-label-all-loops]
        for(int i = 0; i < 46/S; i++)
        ^~~
        VITIS_LOOP_198_2: 
/nethome/mjung76/resnet_rpn_fpn/proj/solution1/.autopilot/db/resnet_layer2.pp.0.cpp:34977:9: note: FIX-IT applied suggested code changes
/nethome/mjung76/resnet_rpn_fpn/proj/solution1/.autopilot/db/resnet_layer2.pp.0.cpp:34979:13: warning: Added loop label VITIS_LOOP_200_3:   [xilinx-label-all-loops]
            for(int j = 0; j < 40/S; j++)
            ^~~
            VITIS_LOOP_200_3: 
/nethome/mjung76/resnet_rpn_fpn/proj/solution1/.autopilot/db/resnet_layer2.pp.0.cpp:34979:13: note: FIX-IT applied suggested code changes
/nethome/mjung76/resnet_rpn_fpn/proj/solution1/.autopilot/db/resnet_layer2.pp.0.cpp:35001:5: warning: Added loop label VITIS_LOOP_222_1:   [xilinx-label-all-loops]
    for(int ti = 0; ti < (RESNET_IN_FM_HEIGHT / 46) + RESNET_LAST_LAYER_EN; ti++)
    ^~~
    VITIS_LOOP_222_1: 
/nethome/mjung76/resnet_rpn_fpn/proj/solution1/.autopilot/db/resnet_layer2.pp.0.cpp:35001:5: note: FIX-IT applied suggested code changes
/nethome/mjung76/resnet_rpn_fpn/proj/solution1/.autopilot/db/resnet_layer2.pp.0.cpp:35003:9: warning: Added loop label VITIS_LOOP_224_2:   [xilinx-label-all-loops]
        for(int tj = 0; tj < (RESNET_IN_FM_WIDTH / 40); tj++)
        ^~~
        VITIS_LOOP_224_2: 
/nethome/mjung76/resnet_rpn_fpn/proj/solution1/.autopilot/db/resnet_layer2.pp.0.cpp:35003:9: note: FIX-IT applied suggested code changes
/nethome/mjung76/resnet_rpn_fpn/proj/solution1/.autopilot/db/resnet_layer2.pp.0.cpp:35008:13: warning: Added loop label VITIS_LOOP_229_3:   [xilinx-label-all-loops]
            for(int b = 0; b < (RESNET_OUT_FM_DEPTH / 64); b++)
            ^~~
            VITIS_LOOP_229_3: 
/nethome/mjung76/resnet_rpn_fpn/proj/solution1/.autopilot/db/resnet_layer2.pp.0.cpp:35008:13: note: FIX-IT applied suggested code changes
/nethome/mjung76/resnet_rpn_fpn/proj/solution1/.autopilot/db/resnet_layer2.pp.0.cpp:35010:17: warning: Added loop label VITIS_LOOP_231_4:   [xilinx-label-all-loops]
                for(int d = 0; d < (RESNET_IN_FM_DEPTH / 64); d++)
                ^~~
                VITIS_LOOP_231_4: 
/nethome/mjung76/resnet_rpn_fpn/proj/solution1/.autopilot/db/resnet_layer2.pp.0.cpp:35010:17: note: FIX-IT applied suggested code changes
/nethome/mjung76/resnet_rpn_fpn/proj/solution1/.autopilot/db/resnet_layer2.pp.0.cpp:35020:18: warning: Added loop label VITIS_LOOP_241_5:   [xilinx-label-all-loops]
                 for(int f = 0; f < 64; f++)
                 ^~~
                 VITIS_LOOP_241_5: 
/nethome/mjung76/resnet_rpn_fpn/proj/solution1/.autopilot/db/resnet_layer2.pp.0.cpp:35020:18: note: FIX-IT applied suggested code changes
/nethome/mjung76/resnet_rpn_fpn/proj/solution1/.autopilot/db/resnet_layer2.pp.0.cpp:35061:5: warning: Added loop label VITIS_LOOP_282_1:   [xilinx-label-all-loops]
    for(int ti = 0; ti < (RESNET_IN_FM_HEIGHT / 46) + RESNET_LAST_LAYER_EN; ti++)
    ^~~
    VITIS_LOOP_282_1: 
/nethome/mjung76/resnet_rpn_fpn/proj/solution1/.autopilot/db/resnet_layer2.pp.0.cpp:35061:5: note: FIX-IT applied suggested code changes
/nethome/mjung76/resnet_rpn_fpn/proj/solution1/.autopilot/db/resnet_layer2.pp.0.cpp:35063:9: warning: Added loop label VITIS_LOOP_284_2:   [xilinx-label-all-loops]
        for(int tj = 0; tj < (RESNET_IN_FM_WIDTH / 40); tj++)
        ^~~
        VITIS_LOOP_284_2: 
/nethome/mjung76/resnet_rpn_fpn/proj/solution1/.autopilot/db/resnet_layer2.pp.0.cpp:35063:9: note: FIX-IT applied suggested code changes
/nethome/mjung76/resnet_rpn_fpn/proj/solution1/.autopilot/db/resnet_layer2.pp.0.cpp:35068:13: warning: Added loop label VITIS_LOOP_289_3:   [xilinx-label-all-loops]
            for(int b = 0; b < (RESNET_OUT_FM_DEPTH / 64); b++)
            ^~~
            VITIS_LOOP_289_3: 
/nethome/mjung76/resnet_rpn_fpn/proj/solution1/.autopilot/db/resnet_layer2.pp.0.cpp:35068:13: note: FIX-IT applied suggested code changes
/nethome/mjung76/resnet_rpn_fpn/proj/solution1/.autopilot/db/resnet_layer2.pp.0.cpp:35070:17: warning: Added loop label VITIS_LOOP_291_4:   [xilinx-label-all-loops]
                for(int d = 0; d < (RESNET_IN_FM_DEPTH / 64); d++)
                ^~~
                VITIS_LOOP_291_4: 
/nethome/mjung76/resnet_rpn_fpn/proj/solution1/.autopilot/db/resnet_layer2.pp.0.cpp:35070:17: note: FIX-IT applied suggested code changes
/nethome/mjung76/resnet_rpn_fpn/proj/solution1/.autopilot/db/resnet_layer2.pp.0.cpp:35080:18: warning: Added loop label VITIS_LOOP_301_5:   [xilinx-label-all-loops]
                 for(int f = 0; f < 64; f++)
                 ^~~
                 VITIS_LOOP_301_5: 
/nethome/mjung76/resnet_rpn_fpn/proj/solution1/.autopilot/db/resnet_layer2.pp.0.cpp:35080:18: note: FIX-IT applied suggested code changes
/nethome/mjung76/resnet_rpn_fpn/proj/solution1/.autopilot/db/resnet_layer2.pp.0.cpp:35121:5: warning: Added loop label VITIS_LOOP_342_1:   [xilinx-label-all-loops]
    for(int ti = 0; ti < (RESNET_IN_FM_HEIGHT / 46) + RESNET_LAST_LAYER_EN; ti++)
    ^~~
    VITIS_LOOP_342_1: 
/nethome/mjung76/resnet_rpn_fpn/proj/solution1/.autopilot/db/resnet_layer2.pp.0.cpp:35121:5: note: FIX-IT applied suggested code changes
/nethome/mjung76/resnet_rpn_fpn/proj/solution1/.autopilot/db/resnet_layer2.pp.0.cpp:35123:9: warning: Added loop label VITIS_LOOP_344_2:   [xilinx-label-all-loops]
        for(int tj = 0; tj < (RESNET_IN_FM_WIDTH / 40); tj++)
        ^~~
        VITIS_LOOP_344_2: 
/nethome/mjung76/resnet_rpn_fpn/proj/solution1/.autopilot/db/resnet_layer2.pp.0.cpp:35123:9: note: FIX-IT applied suggested code changes
/nethome/mjung76/resnet_rpn_fpn/proj/solution1/.autopilot/db/resnet_layer2.pp.0.cpp:35128:13: warning: Added loop label VITIS_LOOP_349_3:   [xilinx-label-all-loops]
            for(int b = 0; b < (RESNET_OUT_FM_DEPTH / 64); b++)
            ^~~
            VITIS_LOOP_349_3: 
/nethome/mjung76/resnet_rpn_fpn/proj/solution1/.autopilot/db/resnet_layer2.pp.0.cpp:35128:13: note: FIX-IT applied suggested code changes
/nethome/mjung76/resnet_rpn_fpn/proj/solution1/.autopilot/db/resnet_layer2.pp.0.cpp:35130:17: warning: Added loop label VITIS_LOOP_351_4:   [xilinx-label-all-loops]
                for(int d = 0; d < (RESNET_IN_FM_DEPTH / 64); d++)
                ^~~
                VITIS_LOOP_351_4: 
/nethome/mjung76/resnet_rpn_fpn/proj/solution1/.autopilot/db/resnet_layer2.pp.0.cpp:35130:17: note: FIX-IT applied suggested code changes
/nethome/mjung76/resnet_rpn_fpn/proj/solution1/.autopilot/db/resnet_layer2.pp.0.cpp:35138:18: warning: Added loop label VITIS_LOOP_359_5:   [xilinx-label-all-loops]
                 for(int f = 0; f < 64; f++)
                 ^~~
                 VITIS_LOOP_359_5: 
/nethome/mjung76/resnet_rpn_fpn/proj/solution1/.autopilot/db/resnet_layer2.pp.0.cpp:35138:18: note: FIX-IT applied suggested code changes
/nethome/mjung76/resnet_rpn_fpn/proj/solution1/.autopilot/db/resnet_layer2.pp.0.cpp:35209:5: warning: Added loop label VITIS_LOOP_42_1:   [xilinx-label-all-loops]
    for(int c = 0; c < 256; c++)
    ^~~
    VITIS_LOOP_42_1: 
/nethome/mjung76/resnet_rpn_fpn/proj/solution1/.autopilot/db/resnet_layer2.pp.0.cpp:35209:5: note: FIX-IT applied suggested code changes
/nethome/mjung76/resnet_rpn_fpn/proj/solution1/.autopilot/db/resnet_layer2.pp.0.cpp:35211:9: warning: Added loop label VITIS_LOOP_44_2:   [xilinx-label-all-loops]
        for(int h = 0; h < 184; h++)
        ^~~
        VITIS_LOOP_44_2: 
/nethome/mjung76/resnet_rpn_fpn/proj/solution1/.autopilot/db/resnet_layer2.pp.0.cpp:35211:9: note: FIX-IT applied suggested code changes
/nethome/mjung76/resnet_rpn_fpn/proj/solution1/.autopilot/db/resnet_layer2.pp.0.cpp:35213:13: warning: Added loop label VITIS_LOOP_46_3:   [xilinx-label-all-loops]
            for(int w = 0; w < 320; w++)
            ^~~
            VITIS_LOOP_46_3: 
/nethome/mjung76/resnet_rpn_fpn/proj/solution1/.autopilot/db/resnet_layer2.pp.0.cpp:35213:13: note: FIX-IT applied suggested code changes
/nethome/mjung76/resnet_rpn_fpn/proj/solution1/.autopilot/db/resnet_layer2.pp.0.cpp:35230:5: warning: Added loop label VITIS_LOOP_63_4:   [xilinx-label-all-loops]
    for(int c = 0; c < 512; c++)
    ^~~
    VITIS_LOOP_63_4: 
/nethome/mjung76/resnet_rpn_fpn/proj/solution1/.autopilot/db/resnet_layer2.pp.0.cpp:35230:5: note: FIX-IT applied suggested code changes
/nethome/mjung76/resnet_rpn_fpn/proj/solution1/.autopilot/db/resnet_layer2.pp.0.cpp:35232:9: warning: Added loop label VITIS_LOOP_65_5:   [xilinx-label-all-loops]
        for(int h = 0; h < 92; h++)
        ^~~
        VITIS_LOOP_65_5: 
/nethome/mjung76/resnet_rpn_fpn/proj/solution1/.autopilot/db/resnet_layer2.pp.0.cpp:35232:9: note: FIX-IT applied suggested code changes
/nethome/mjung76/resnet_rpn_fpn/proj/solution1/.autopilot/db/resnet_layer2.pp.0.cpp:35234:13: warning: Added loop label VITIS_LOOP_67_6:   [xilinx-label-all-loops]
            for(int w = 0; w < 160; w++)
            ^~~
            VITIS_LOOP_67_6: 
/nethome/mjung76/resnet_rpn_fpn/proj/solution1/.autopilot/db/resnet_layer2.pp.0.cpp:35234:13: note: FIX-IT applied suggested code changes
/nethome/mjung76/resnet_rpn_fpn/proj/solution1/.autopilot/db/resnet_layer2.pp.0.cpp:35252:5: warning: Added loop label VITIS_LOOP_85_7:   [xilinx-label-all-loops]
    for(int c = 0; c < 128; c++)
    ^~~
    VITIS_LOOP_85_7: 
/nethome/mjung76/resnet_rpn_fpn/proj/solution1/.autopilot/db/resnet_layer2.pp.0.cpp:35252:5: note: FIX-IT applied suggested code changes
/nethome/mjung76/resnet_rpn_fpn/proj/solution1/.autopilot/db/resnet_layer2.pp.0.cpp:35254:9: warning: Added loop label VITIS_LOOP_87_8:   [xilinx-label-all-loops]
        for(int h = 0; h < 184; h++)
        ^~~
        VITIS_LOOP_87_8: 
/nethome/mjung76/resnet_rpn_fpn/proj/solution1/.autopilot/db/resnet_layer2.pp.0.cpp:35254:9: note: FIX-IT applied suggested code changes
/nethome/mjung76/resnet_rpn_fpn/proj/solution1/.autopilot/db/resnet_layer2.pp.0.cpp:35256:13: warning: Added loop label VITIS_LOOP_89_9:   [xilinx-label-all-loops]
            for(int w = 0; w < 320; w++)
            ^~~
            VITIS_LOOP_89_9: 
/nethome/mjung76/resnet_rpn_fpn/proj/solution1/.autopilot/db/resnet_layer2.pp.0.cpp:35256:13: note: FIX-IT applied suggested code changes
/nethome/mjung76/resnet_rpn_fpn/proj/solution1/.autopilot/db/resnet_layer2.pp.0.cpp:35275:5: warning: Added loop label VITIS_LOOP_108_10:   [xilinx-label-all-loops]
    for(int c = 0; c < 128; c++)
    ^~~
    VITIS_LOOP_108_10: 
/nethome/mjung76/resnet_rpn_fpn/proj/solution1/.autopilot/db/resnet_layer2.pp.0.cpp:35275:5: note: FIX-IT applied suggested code changes
/nethome/mjung76/resnet_rpn_fpn/proj/solution1/.autopilot/db/resnet_layer2.pp.0.cpp:35277:9: warning: Added loop label VITIS_LOOP_110_11:   [xilinx-label-all-loops]
        for(int h = 0; h < 92; h++)
        ^~~
        VITIS_LOOP_110_11: 
/nethome/mjung76/resnet_rpn_fpn/proj/solution1/.autopilot/db/resnet_layer2.pp.0.cpp:35277:9: note: FIX-IT applied suggested code changes
/nethome/mjung76/resnet_rpn_fpn/proj/solution1/.autopilot/db/resnet_layer2.pp.0.cpp:35279:13: warning: Added loop label VITIS_LOOP_112_12:   [xilinx-label-all-loops]
            for(int w = 0; w < 160; w++)
            ^~~
            VITIS_LOOP_112_12: 
/nethome/mjung76/resnet_rpn_fpn/proj/solution1/.autopilot/db/resnet_layer2.pp.0.cpp:35279:13: note: FIX-IT applied suggested code changes
/nethome/mjung76/resnet_rpn_fpn/proj/solution1/.autopilot/db/resnet_layer2.pp.0.cpp:35298:5: warning: Added loop label VITIS_LOOP_131_13:   [xilinx-label-all-loops]
    for(int c = 0; c < 512; c++)
    ^~~
    VITIS_LOOP_131_13: 
/nethome/mjung76/resnet_rpn_fpn/proj/solution1/.autopilot/db/resnet_layer2.pp.0.cpp:35298:5: note: FIX-IT applied suggested code changes
/nethome/mjung76/resnet_rpn_fpn/proj/solution1/.autopilot/db/resnet_layer2.pp.0.cpp:35300:9: warning: Added loop label VITIS_LOOP_133_14:   [xilinx-label-all-loops]
        for(int h = 0; h < 92; h++)
        ^~~
        VITIS_LOOP_133_14: 
/nethome/mjung76/resnet_rpn_fpn/proj/solution1/.autopilot/db/resnet_layer2.pp.0.cpp:35300:9: note: FIX-IT applied suggested code changes
/nethome/mjung76/resnet_rpn_fpn/proj/solution1/.autopilot/db/resnet_layer2.pp.0.cpp:35302:13: warning: Added loop label VITIS_LOOP_135_15:   [xilinx-label-all-loops]
            for(int w = 0; w < 160; w++)
            ^~~
            VITIS_LOOP_135_15: 
/nethome/mjung76/resnet_rpn_fpn/proj/solution1/.autopilot/db/resnet_layer2.pp.0.cpp:35302:13: note: FIX-IT applied suggested code changes
/nethome/mjung76/resnet_rpn_fpn/proj/solution1/.autopilot/db/resnet_layer2.pp.0.cpp:35322:5: warning: Added loop label VITIS_LOOP_155_16:   [xilinx-label-all-loops]
    for(int c = 0; c < 128; c++)
    ^~~
    VITIS_LOOP_155_16: 
/nethome/mjung76/resnet_rpn_fpn/proj/solution1/.autopilot/db/resnet_layer2.pp.0.cpp:35322:5: note: FIX-IT applied suggested code changes
/nethome/mjung76/resnet_rpn_fpn/proj/solution1/.autopilot/db/resnet_layer2.pp.0.cpp:35324:9: warning: Added loop label VITIS_LOOP_157_17:   [xilinx-label-all-loops]
        for(int h = 0; h < 92; h++)
        ^~~
        VITIS_LOOP_157_17: 
/nethome/mjung76/resnet_rpn_fpn/proj/solution1/.autopilot/db/resnet_layer2.pp.0.cpp:35324:9: note: FIX-IT applied suggested code changes
/nethome/mjung76/resnet_rpn_fpn/proj/solution1/.autopilot/db/resnet_layer2.pp.0.cpp:35326:13: warning: Added loop label VITIS_LOOP_159_18:   [xilinx-label-all-loops]
            for(int w = 0; w < 160; w++)
            ^~~
            VITIS_LOOP_159_18: 
/nethome/mjung76/resnet_rpn_fpn/proj/solution1/.autopilot/db/resnet_layer2.pp.0.cpp:35326:13: note: FIX-IT applied suggested code changes
/nethome/mjung76/resnet_rpn_fpn/proj/solution1/.autopilot/db/resnet_layer2.pp.0.cpp:35344:5: warning: Added loop label VITIS_LOOP_177_19:   [xilinx-label-all-loops]
    for(int c = 0; c < 128; c++)
    ^~~
    VITIS_LOOP_177_19: 
/nethome/mjung76/resnet_rpn_fpn/proj/solution1/.autopilot/db/resnet_layer2.pp.0.cpp:35344:5: note: FIX-IT applied suggested code changes
/nethome/mjung76/resnet_rpn_fpn/proj/solution1/.autopilot/db/resnet_layer2.pp.0.cpp:35346:9: warning: Added loop label VITIS_LOOP_179_20:   [xilinx-label-all-loops]
        for(int h = 0; h < 92; h++)
        ^~~
        VITIS_LOOP_179_20: 
/nethome/mjung76/resnet_rpn_fpn/proj/solution1/.autopilot/db/resnet_layer2.pp.0.cpp:35346:9: note: FIX-IT applied suggested code changes
/nethome/mjung76/resnet_rpn_fpn/proj/solution1/.autopilot/db/resnet_layer2.pp.0.cpp:35348:13: warning: Added loop label VITIS_LOOP_181_21:   [xilinx-label-all-loops]
            for(int w = 0; w < 160; w++)
            ^~~
            VITIS_LOOP_181_21: 
/nethome/mjung76/resnet_rpn_fpn/proj/solution1/.autopilot/db/resnet_layer2.pp.0.cpp:35348:13: note: FIX-IT applied suggested code changes
/nethome/mjung76/resnet_rpn_fpn/proj/solution1/.autopilot/db/resnet_layer2.pp.0.cpp:35366:5: warning: Added loop label VITIS_LOOP_199_22:   [xilinx-label-all-loops]
    for(int c = 0; c < 512; c++)
    ^~~
    VITIS_LOOP_199_22: 
/nethome/mjung76/resnet_rpn_fpn/proj/solution1/.autopilot/db/resnet_layer2.pp.0.cpp:35366:5: note: FIX-IT applied suggested code changes
/nethome/mjung76/resnet_rpn_fpn/proj/solution1/.autopilot/db/resnet_layer2.pp.0.cpp:35368:9: warning: Added loop label VITIS_LOOP_201_23:   [xilinx-label-all-loops]
        for(int h = 0; h < 92; h++)
        ^~~
        VITIS_LOOP_201_23: 
/nethome/mjung76/resnet_rpn_fpn/proj/solution1/.autopilot/db/resnet_layer2.pp.0.cpp:35368:9: note: FIX-IT applied suggested code changes
/nethome/mjung76/resnet_rpn_fpn/proj/solution1/.autopilot/db/resnet_layer2.pp.0.cpp:35370:13: warning: Added loop label VITIS_LOOP_203_24:   [xilinx-label-all-loops]
            for(int w = 0; w < 160; w++)
            ^~~
            VITIS_LOOP_203_24: 
/nethome/mjung76/resnet_rpn_fpn/proj/solution1/.autopilot/db/resnet_layer2.pp.0.cpp:35370:13: note: FIX-IT applied suggested code changes
/nethome/mjung76/resnet_rpn_fpn/proj/solution1/.autopilot/db/resnet_layer2.pp.0.cpp:35389:5: warning: Added loop label VITIS_LOOP_222_25:   [xilinx-label-all-loops]
    for(int c = 0; c < 128; c++)
    ^~~
    VITIS_LOOP_222_25: 
/nethome/mjung76/resnet_rpn_fpn/proj/solution1/.autopilot/db/resnet_layer2.pp.0.cpp:35389:5: note: FIX-IT applied suggested code changes
/nethome/mjung76/resnet_rpn_fpn/proj/solution1/.autopilot/db/resnet_layer2.pp.0.cpp:35391:9: warning: Added loop label VITIS_LOOP_224_26:   [xilinx-label-all-loops]
        for(int h = 0; h < 92; h++)
        ^~~
        VITIS_LOOP_224_26: 
/nethome/mjung76/resnet_rpn_fpn/proj/solution1/.autopilot/db/resnet_layer2.pp.0.cpp:35391:9: note: FIX-IT applied suggested code changes
/nethome/mjung76/resnet_rpn_fpn/proj/solution1/.autopilot/db/resnet_layer2.pp.0.cpp:35393:13: warning: Added loop label VITIS_LOOP_226_27:   [xilinx-label-all-loops]
            for(int w = 0; w < 160; w++)
            ^~~
            VITIS_LOOP_226_27: 
/nethome/mjung76/resnet_rpn_fpn/proj/solution1/.autopilot/db/resnet_layer2.pp.0.cpp:35393:13: note: FIX-IT applied suggested code changes
/nethome/mjung76/resnet_rpn_fpn/proj/solution1/.autopilot/db/resnet_layer2.pp.0.cpp:35411:5: warning: Added loop label VITIS_LOOP_244_28:   [xilinx-label-all-loops]
    for(int c = 0; c < 128; c++)
    ^~~
    VITIS_LOOP_244_28: 
/nethome/mjung76/resnet_rpn_fpn/proj/solution1/.autopilot/db/resnet_layer2.pp.0.cpp:35411:5: note: FIX-IT applied suggested code changes
/nethome/mjung76/resnet_rpn_fpn/proj/solution1/.autopilot/db/resnet_layer2.pp.0.cpp:35413:9: warning: Added loop label VITIS_LOOP_246_29:   [xilinx-label-all-loops]
        for(int h = 0; h < 92; h++)
        ^~~
        VITIS_LOOP_246_29: 
/nethome/mjung76/resnet_rpn_fpn/proj/solution1/.autopilot/db/resnet_layer2.pp.0.cpp:35413:9: note: FIX-IT applied suggested code changes
/nethome/mjung76/resnet_rpn_fpn/proj/solution1/.autopilot/db/resnet_layer2.pp.0.cpp:35415:13: warning: Added loop label VITIS_LOOP_248_30:   [xilinx-label-all-loops]
            for(int w = 0; w < 160; w++)
            ^~~
            VITIS_LOOP_248_30: 
/nethome/mjung76/resnet_rpn_fpn/proj/solution1/.autopilot/db/resnet_layer2.pp.0.cpp:35415:13: note: FIX-IT applied suggested code changes
/nethome/mjung76/resnet_rpn_fpn/proj/solution1/.autopilot/db/resnet_layer2.pp.0.cpp:35433:5: warning: Added loop label VITIS_LOOP_266_31:   [xilinx-label-all-loops]
    for(int c = 0; c < 512; c++)
    ^~~
    VITIS_LOOP_266_31: 
/nethome/mjung76/resnet_rpn_fpn/proj/solution1/.autopilot/db/resnet_layer2.pp.0.cpp:35433:5: note: FIX-IT applied suggested code changes
/nethome/mjung76/resnet_rpn_fpn/proj/solution1/.autopilot/db/resnet_layer2.pp.0.cpp:35435:9: warning: Added loop label VITIS_LOOP_268_32:   [xilinx-label-all-loops]
        for(int h = 0; h < 92; h++)
        ^~~
        VITIS_LOOP_268_32: 
/nethome/mjung76/resnet_rpn_fpn/proj/solution1/.autopilot/db/resnet_layer2.pp.0.cpp:35435:9: note: FIX-IT applied suggested code changes
/nethome/mjung76/resnet_rpn_fpn/proj/solution1/.autopilot/db/resnet_layer2.pp.0.cpp:35437:13: warning: Added loop label VITIS_LOOP_270_33:   [xilinx-label-all-loops]
            for(int w = 0; w < 160; w++)
            ^~~
            VITIS_LOOP_270_33: 
/nethome/mjung76/resnet_rpn_fpn/proj/solution1/.autopilot/db/resnet_layer2.pp.0.cpp:35437:13: note: FIX-IT applied suggested code changes
/nethome/mjung76/resnet_rpn_fpn/proj/solution1/.autopilot/db/resnet_layer2.pp.0.cpp:35456:5: warning: Added loop label VITIS_LOOP_289_34:   [xilinx-label-all-loops]
    for(int c = 0; c < 128; c++)
    ^~~
    VITIS_LOOP_289_34: 
/nethome/mjung76/resnet_rpn_fpn/proj/solution1/.autopilot/db/resnet_layer2.pp.0.cpp:35456:5: note: FIX-IT applied suggested code changes
/nethome/mjung76/resnet_rpn_fpn/proj/solution1/.autopilot/db/resnet_layer2.pp.0.cpp:35458:9: warning: Added loop label VITIS_LOOP_291_35:   [xilinx-label-all-loops]
        for(int h = 0; h < 92; h++)
        ^~~
        VITIS_LOOP_291_35: 
/nethome/mjung76/resnet_rpn_fpn/proj/solution1/.autopilot/db/resnet_layer2.pp.0.cpp:35458:9: note: FIX-IT applied suggested code changes
/nethome/mjung76/resnet_rpn_fpn/proj/solution1/.autopilot/db/resnet_layer2.pp.0.cpp:35460:13: warning: Added loop label VITIS_LOOP_293_36:   [xilinx-label-all-loops]
            for(int w = 0; w < 160; w++)
            ^~~
            VITIS_LOOP_293_36: 
/nethome/mjung76/resnet_rpn_fpn/proj/solution1/.autopilot/db/resnet_layer2.pp.0.cpp:35460:13: note: FIX-IT applied suggested code changes
/nethome/mjung76/resnet_rpn_fpn/proj/solution1/.autopilot/db/resnet_layer2.pp.0.cpp:35478:5: warning: Added loop label VITIS_LOOP_311_37:   [xilinx-label-all-loops]
    for(int c = 0; c < 128; c++)
    ^~~
    VITIS_LOOP_311_37: 
/nethome/mjung76/resnet_rpn_fpn/proj/solution1/.autopilot/db/resnet_layer2.pp.0.cpp:35478:5: note: FIX-IT applied suggested code changes
/nethome/mjung76/resnet_rpn_fpn/proj/solution1/.autopilot/db/resnet_layer2.pp.0.cpp:35480:9: warning: Added loop label VITIS_LOOP_313_38:   [xilinx-label-all-loops]
        for(int h = 0; h < 92; h++)
        ^~~
        VITIS_LOOP_313_38: 
/nethome/mjung76/resnet_rpn_fpn/proj/solution1/.autopilot/db/resnet_layer2.pp.0.cpp:35480:9: note: FIX-IT applied suggested code changes
/nethome/mjung76/resnet_rpn_fpn/proj/solution1/.autopilot/db/resnet_layer2.pp.0.cpp:35482:13: warning: Added loop label VITIS_LOOP_315_39:   [xilinx-label-all-loops]
            for(int w = 0; w < 160; w++)
            ^~~
            VITIS_LOOP_315_39: 
/nethome/mjung76/resnet_rpn_fpn/proj/solution1/.autopilot/db/resnet_layer2.pp.0.cpp:35482:13: note: FIX-IT applied suggested code changes
/nethome/mjung76/resnet_rpn_fpn/proj/solution1/.autopilot/db/resnet_layer2.pp.0.cpp:35500:5: warning: Added loop label VITIS_LOOP_333_40:   [xilinx-label-all-loops]
    for(int c = 0; c < 512; c++)
    ^~~
    VITIS_LOOP_333_40: 
/nethome/mjung76/resnet_rpn_fpn/proj/solution1/.autopilot/db/resnet_layer2.pp.0.cpp:35500:5: note: FIX-IT applied suggested code changes
/nethome/mjung76/resnet_rpn_fpn/proj/solution1/.autopilot/db/resnet_layer2.pp.0.cpp:35502:9: warning: Added loop label VITIS_LOOP_335_41:   [xilinx-label-all-loops]
        for(int h = 0; h < 92; h++)
        ^~~
        VITIS_LOOP_335_41: 
/nethome/mjung76/resnet_rpn_fpn/proj/solution1/.autopilot/db/resnet_layer2.pp.0.cpp:35502:9: note: FIX-IT applied suggested code changes
/nethome/mjung76/resnet_rpn_fpn/proj/solution1/.autopilot/db/resnet_layer2.pp.0.cpp:35504:13: warning: Added loop label VITIS_LOOP_337_42:   [xilinx-label-all-loops]
            for(int w = 0; w < 160; w++)
            ^~~
            VITIS_LOOP_337_42: 
/nethome/mjung76/resnet_rpn_fpn/proj/solution1/.autopilot/db/resnet_layer2.pp.0.cpp:35504:13: note: FIX-IT applied suggested code changes
