/nethome/mjung76/resnet_rpn_fpn/proj/solution1/.autopilot/db/rpn_top.pp.0.cpp:29490:7: warning: Added loop label VITIS_LOOP_1213_1:   [xilinx-label-all-loops]
      for (i = 0; i < __N - 1; ++i) {
      ^~~
      VITIS_LOOP_1213_1: 
/nethome/mjung76/resnet_rpn_fpn/proj/solution1/.autopilot/db/rpn_top.pp.0.cpp:29490:7: note: FIX-IT applied suggested code changes
/nethome/mjung76/resnet_rpn_fpn/proj/solution1/.autopilot/db/rpn_top.pp.0.cpp:30464:5: warning: Added loop label VITIS_LOOP_676_1:   [xilinx-label-all-loops]
    for (unsigned i = low; i != high; ++i) {
    ^~~
    VITIS_LOOP_676_1: 
/nethome/mjung76/resnet_rpn_fpn/proj/solution1/.autopilot/db/rpn_top.pp.0.cpp:30464:5: note: FIX-IT applied suggested code changes
/nethome/mjung76/resnet_rpn_fpn/proj/solution1/.autopilot/db/rpn_top.pp.0.cpp:30478:5: warning: Added loop label VITIS_LOOP_690_1:   [xilinx-label-all-loops]
    for (unsigned i = low; i != high; ++i) {
    ^~~
    VITIS_LOOP_690_1: 
/nethome/mjung76/resnet_rpn_fpn/proj/solution1/.autopilot/db/rpn_top.pp.0.cpp:30478:5: note: FIX-IT applied suggested code changes
/nethome/mjung76/resnet_rpn_fpn/proj/solution1/.autopilot/db/rpn_top.pp.0.cpp:30492:5: warning: Added loop label VITIS_LOOP_704_1:   [xilinx-label-all-loops]
    for (unsigned i = low; i != high; ++i) {
    ^~~
    VITIS_LOOP_704_1: 
/nethome/mjung76/resnet_rpn_fpn/proj/solution1/.autopilot/db/rpn_top.pp.0.cpp:30492:5: note: FIX-IT applied suggested code changes
/nethome/mjung76/resnet_rpn_fpn/proj/solution1/.autopilot/db/rpn_top.pp.0.cpp:32103:7: warning: Added loop label VITIS_LOOP_1247_1:   [xilinx-label-all-loops]
      for (i = 0; i < __N - 1; ++i) {
      ^~~
      VITIS_LOOP_1247_1: 
/nethome/mjung76/resnet_rpn_fpn/proj/solution1/.autopilot/db/rpn_top.pp.0.cpp:32103:7: note: FIX-IT applied suggested code changes
/nethome/mjung76/resnet_rpn_fpn/proj/solution1/.autopilot/db/rpn_top.pp.0.cpp:34861:5: warning: Added loop label VITIS_LOOP_46_1:   [xilinx-label-all-loops]
    for(int j = 0; j < 64; j++)
    ^~~
    VITIS_LOOP_46_1: 
/nethome/mjung76/resnet_rpn_fpn/proj/solution1/.autopilot/db/rpn_top.pp.0.cpp:34861:5: note: FIX-IT applied suggested code changes
/nethome/mjung76/resnet_rpn_fpn/proj/solution1/.autopilot/db/rpn_top.pp.0.cpp:34873:4: warning: Added loop label VITIS_LOOP_58_1:   [xilinx-label-all-loops]
   for(int k = 0; k < 64; k++)
   ^~~
   VITIS_LOOP_58_1: 
/nethome/mjung76/resnet_rpn_fpn/proj/solution1/.autopilot/db/rpn_top.pp.0.cpp:34873:4: note: FIX-IT applied suggested code changes
/nethome/mjung76/resnet_rpn_fpn/proj/solution1/.autopilot/db/rpn_top.pp.0.cpp:34875:8: warning: Added loop label VITIS_LOOP_60_2:   [xilinx-label-all-loops]
       for(int i = 0; i < 46; i++)
       ^~~
       VITIS_LOOP_60_2: 
/nethome/mjung76/resnet_rpn_fpn/proj/solution1/.autopilot/db/rpn_top.pp.0.cpp:34875:8: note: FIX-IT applied suggested code changes
/nethome/mjung76/resnet_rpn_fpn/proj/solution1/.autopilot/db/rpn_top.pp.0.cpp:34877:12: warning: Added loop label VITIS_LOOP_62_3:   [xilinx-label-all-loops]
           for(int j = 0; j < 40; j++)
           ^~~
           VITIS_LOOP_62_3: 
/nethome/mjung76/resnet_rpn_fpn/proj/solution1/.autopilot/db/rpn_top.pp.0.cpp:34877:12: note: FIX-IT applied suggested code changes
/nethome/mjung76/resnet_rpn_fpn/proj/solution1/.autopilot/db/rpn_top.pp.0.cpp:34901:5: warning: Added loop label VITIS_LOOP_86_1:   [xilinx-label-all-loops]
    for(int c = 0; c < 64; c++)
    ^~~
    VITIS_LOOP_86_1: 
/nethome/mjung76/resnet_rpn_fpn/proj/solution1/.autopilot/db/rpn_top.pp.0.cpp:34901:5: note: FIX-IT applied suggested code changes
/nethome/mjung76/resnet_rpn_fpn/proj/solution1/.autopilot/db/rpn_top.pp.0.cpp:34903:9: warning: Added loop label VITIS_LOOP_88_2:   [xilinx-label-all-loops]
        for(int i = 0; i < 46 + 5; i++)
        ^~~
        VITIS_LOOP_88_2: 
/nethome/mjung76/resnet_rpn_fpn/proj/solution1/.autopilot/db/rpn_top.pp.0.cpp:34903:9: note: FIX-IT applied suggested code changes
/nethome/mjung76/resnet_rpn_fpn/proj/solution1/.autopilot/db/rpn_top.pp.0.cpp:34905:13: warning: Added loop label VITIS_LOOP_90_3:   [xilinx-label-all-loops]
            for(int j = 0; j < 40 + 5; j++)
            ^~~
            VITIS_LOOP_90_3: 
/nethome/mjung76/resnet_rpn_fpn/proj/solution1/.autopilot/db/rpn_top.pp.0.cpp:34905:13: note: FIX-IT applied suggested code changes
/nethome/mjung76/resnet_rpn_fpn/proj/solution1/.autopilot/db/rpn_top.pp.0.cpp:34943:5: warning: Added loop label VITIS_LOOP_128_1:   [xilinx-label-all-loops]
    for(int c = 0; c < 64; c++)
    ^~~
    VITIS_LOOP_128_1: 
/nethome/mjung76/resnet_rpn_fpn/proj/solution1/.autopilot/db/rpn_top.pp.0.cpp:34943:5: note: FIX-IT applied suggested code changes
/nethome/mjung76/resnet_rpn_fpn/proj/solution1/.autopilot/db/rpn_top.pp.0.cpp:34945:9: warning: Added loop label VITIS_LOOP_130_2:   [xilinx-label-all-loops]
        for(int i = 0; i < 46; i++)
        ^~~
        VITIS_LOOP_130_2: 
/nethome/mjung76/resnet_rpn_fpn/proj/solution1/.autopilot/db/rpn_top.pp.0.cpp:34945:9: note: FIX-IT applied suggested code changes
/nethome/mjung76/resnet_rpn_fpn/proj/solution1/.autopilot/db/rpn_top.pp.0.cpp:34947:13: warning: Added loop label VITIS_LOOP_132_3:   [xilinx-label-all-loops]
            for(int j = 0; j < 40; j++)
            ^~~
            VITIS_LOOP_132_3: 
/nethome/mjung76/resnet_rpn_fpn/proj/solution1/.autopilot/db/rpn_top.pp.0.cpp:34947:13: note: FIX-IT applied suggested code changes
/nethome/mjung76/resnet_rpn_fpn/proj/solution1/.autopilot/db/rpn_top.pp.0.cpp:34965:5: warning: Added loop label VITIS_LOOP_150_1:   [xilinx-label-all-loops]
    for(int c = 0; c < 64; c++)
    ^~~
    VITIS_LOOP_150_1: 
/nethome/mjung76/resnet_rpn_fpn/proj/solution1/.autopilot/db/rpn_top.pp.0.cpp:34965:5: note: FIX-IT applied suggested code changes
/nethome/mjung76/resnet_rpn_fpn/proj/solution1/.autopilot/db/rpn_top.pp.0.cpp:34967:9: warning: Added loop label VITIS_LOOP_152_2:   [xilinx-label-all-loops]
        for(int kh = 0; kh < 3; kh++)
        ^~~
        VITIS_LOOP_152_2: 
/nethome/mjung76/resnet_rpn_fpn/proj/solution1/.autopilot/db/rpn_top.pp.0.cpp:34967:9: note: FIX-IT applied suggested code changes
/nethome/mjung76/resnet_rpn_fpn/proj/solution1/.autopilot/db/rpn_top.pp.0.cpp:34969:10: warning: Added loop label VITIS_LOOP_154_3:   [xilinx-label-all-loops]
         for(int kw = 0; kw < 3; kw++)
         ^~~
         VITIS_LOOP_154_3: 
/nethome/mjung76/resnet_rpn_fpn/proj/solution1/.autopilot/db/rpn_top.pp.0.cpp:34969:10: note: FIX-IT applied suggested code changes
/nethome/mjung76/resnet_rpn_fpn/proj/solution1/.autopilot/db/rpn_top.pp.0.cpp:34986:5: warning: Added loop label VITIS_LOOP_171_1:   [xilinx-label-all-loops]
    for(int i = 0; i < 64; i++)
    ^~~
    VITIS_LOOP_171_1: 
/nethome/mjung76/resnet_rpn_fpn/proj/solution1/.autopilot/db/rpn_top.pp.0.cpp:34986:5: note: FIX-IT applied suggested code changes
/nethome/mjung76/resnet_rpn_fpn/proj/solution1/.autopilot/db/rpn_top.pp.0.cpp:34999:5: warning: Added loop label VITIS_LOOP_184_1:   [xilinx-label-all-loops]
    for(int f = 0; f < 64; f++)
    ^~~
    VITIS_LOOP_184_1: 
/nethome/mjung76/resnet_rpn_fpn/proj/solution1/.autopilot/db/rpn_top.pp.0.cpp:34999:5: note: FIX-IT applied suggested code changes
/nethome/mjung76/resnet_rpn_fpn/proj/solution1/.autopilot/db/rpn_top.pp.0.cpp:35001:9: warning: Added loop label VITIS_LOOP_186_2:   [xilinx-label-all-loops]
        for(int i = 0; i < 46; i++)
        ^~~
        VITIS_LOOP_186_2: 
/nethome/mjung76/resnet_rpn_fpn/proj/solution1/.autopilot/db/rpn_top.pp.0.cpp:35001:9: note: FIX-IT applied suggested code changes
/nethome/mjung76/resnet_rpn_fpn/proj/solution1/.autopilot/db/rpn_top.pp.0.cpp:35003:13: warning: Added loop label VITIS_LOOP_188_3:   [xilinx-label-all-loops]
            for(int j = 0; j < 40; j++)
            ^~~
            VITIS_LOOP_188_3: 
/nethome/mjung76/resnet_rpn_fpn/proj/solution1/.autopilot/db/rpn_top.pp.0.cpp:35003:13: note: FIX-IT applied suggested code changes
/nethome/mjung76/resnet_rpn_fpn/proj/solution1/.autopilot/db/rpn_top.pp.0.cpp:35025:5: warning: Added loop label VITIS_LOOP_210_1:   [xilinx-label-all-loops]
    for(int f = 0; f < 64; f++)
    ^~~
    VITIS_LOOP_210_1: 
/nethome/mjung76/resnet_rpn_fpn/proj/solution1/.autopilot/db/rpn_top.pp.0.cpp:35025:5: note: FIX-IT applied suggested code changes
/nethome/mjung76/resnet_rpn_fpn/proj/solution1/.autopilot/db/rpn_top.pp.0.cpp:35027:9: warning: Added loop label VITIS_LOOP_212_2:   [xilinx-label-all-loops]
        for(int i = 0; i < 46/S; i++)
        ^~~
        VITIS_LOOP_212_2: 
/nethome/mjung76/resnet_rpn_fpn/proj/solution1/.autopilot/db/rpn_top.pp.0.cpp:35027:9: note: FIX-IT applied suggested code changes
/nethome/mjung76/resnet_rpn_fpn/proj/solution1/.autopilot/db/rpn_top.pp.0.cpp:35029:13: warning: Added loop label VITIS_LOOP_214_3:   [xilinx-label-all-loops]
            for(int j = 0; j < 40/S; j++)
            ^~~
            VITIS_LOOP_214_3: 
/nethome/mjung76/resnet_rpn_fpn/proj/solution1/.autopilot/db/rpn_top.pp.0.cpp:35029:13: note: FIX-IT applied suggested code changes
/nethome/mjung76/resnet_rpn_fpn/proj/solution1/.autopilot/db/rpn_top.pp.0.cpp:35055:5: warning: Added loop label VITIS_LOOP_240_1:   [xilinx-label-all-loops]
    for(int ti = 0; ti < (N_IN_FM_HEIGHT / 46) + row_mod; ti++)
    ^~~
    VITIS_LOOP_240_1: 
/nethome/mjung76/resnet_rpn_fpn/proj/solution1/.autopilot/db/rpn_top.pp.0.cpp:35055:5: note: FIX-IT applied suggested code changes
/nethome/mjung76/resnet_rpn_fpn/proj/solution1/.autopilot/db/rpn_top.pp.0.cpp:35057:9: warning: Added loop label VITIS_LOOP_242_2:   [xilinx-label-all-loops]
        for(int tj = 0; tj < (N_IN_FM_WIDTH / 40) +col_mod; tj++)
        ^~~
        VITIS_LOOP_242_2: 
/nethome/mjung76/resnet_rpn_fpn/proj/solution1/.autopilot/db/rpn_top.pp.0.cpp:35057:9: note: FIX-IT applied suggested code changes
/nethome/mjung76/resnet_rpn_fpn/proj/solution1/.autopilot/db/rpn_top.pp.0.cpp:35062:13: warning: Added loop label VITIS_LOOP_247_3:   [xilinx-label-all-loops]
            for(int b = 0; b < (N_OUT_FM_DEPTH / 64)+o_depth_mod; b++)
            ^~~
            VITIS_LOOP_247_3: 
/nethome/mjung76/resnet_rpn_fpn/proj/solution1/.autopilot/db/rpn_top.pp.0.cpp:35062:13: note: FIX-IT applied suggested code changes
/nethome/mjung76/resnet_rpn_fpn/proj/solution1/.autopilot/db/rpn_top.pp.0.cpp:35064:17: warning: Added loop label VITIS_LOOP_249_4:   [xilinx-label-all-loops]
                for(int d = 0; d < (N_IN_FM_DEPTH / 64)+i_depth_mod; d++)
                ^~~
                VITIS_LOOP_249_4: 
/nethome/mjung76/resnet_rpn_fpn/proj/solution1/.autopilot/db/rpn_top.pp.0.cpp:35064:17: note: FIX-IT applied suggested code changes
/nethome/mjung76/resnet_rpn_fpn/proj/solution1/.autopilot/db/rpn_top.pp.0.cpp:35074:18: warning: Added loop label VITIS_LOOP_259_5:   [xilinx-label-all-loops]
                 for(int f = 0; f < 64; f++)
                 ^~~
                 VITIS_LOOP_259_5: 
/nethome/mjung76/resnet_rpn_fpn/proj/solution1/.autopilot/db/rpn_top.pp.0.cpp:35074:18: note: FIX-IT applied suggested code changes
/nethome/mjung76/resnet_rpn_fpn/proj/solution1/.autopilot/db/rpn_top.pp.0.cpp:35114:9: warning: Added loop label VITIS_LOOP_299_1:   [xilinx-label-all-loops]
        for(int tj = 0; tj < (N_IN_FM_WIDTH / 40) +ROW_MOD; tj++)
        ^~~
        VITIS_LOOP_299_1: 
/nethome/mjung76/resnet_rpn_fpn/proj/solution1/.autopilot/db/rpn_top.pp.0.cpp:35114:9: note: FIX-IT applied suggested code changes
/nethome/mjung76/resnet_rpn_fpn/proj/solution1/.autopilot/db/rpn_top.pp.0.cpp:35119:13: warning: Added loop label VITIS_LOOP_304_2:   [xilinx-label-all-loops]
            for(int b = 0; b < (N_OUT_FM_DEPTH / 64); b++)
            ^~~
            VITIS_LOOP_304_2: 
/nethome/mjung76/resnet_rpn_fpn/proj/solution1/.autopilot/db/rpn_top.pp.0.cpp:35119:13: note: FIX-IT applied suggested code changes
/nethome/mjung76/resnet_rpn_fpn/proj/solution1/.autopilot/db/rpn_top.pp.0.cpp:35121:17: warning: Added loop label VITIS_LOOP_306_3:   [xilinx-label-all-loops]
                for(int d = 0; d < (N_IN_FM_DEPTH / 64); d++)
                ^~~
                VITIS_LOOP_306_3: 
/nethome/mjung76/resnet_rpn_fpn/proj/solution1/.autopilot/db/rpn_top.pp.0.cpp:35121:17: note: FIX-IT applied suggested code changes
/nethome/mjung76/resnet_rpn_fpn/proj/solution1/.autopilot/db/rpn_top.pp.0.cpp:35131:18: warning: Added loop label VITIS_LOOP_316_4:   [xilinx-label-all-loops]
                 for(int f = 0; f < 64; f++)
                 ^~~
                 VITIS_LOOP_316_4: 
/nethome/mjung76/resnet_rpn_fpn/proj/solution1/.autopilot/db/rpn_top.pp.0.cpp:35131:18: note: FIX-IT applied suggested code changes
/nethome/mjung76/resnet_rpn_fpn/proj/solution1/.autopilot/db/rpn_top.pp.0.cpp:39355:5: warning: Added loop label VITIS_LOOP_101_1:   [xilinx-label-all-loops]
    for(int c = 0; c < 256; c++)
    ^~~
    VITIS_LOOP_101_1: 
/nethome/mjung76/resnet_rpn_fpn/proj/solution1/.autopilot/db/rpn_top.pp.0.cpp:39355:5: note: FIX-IT applied suggested code changes
/nethome/mjung76/resnet_rpn_fpn/proj/solution1/.autopilot/db/rpn_top.pp.0.cpp:39357:9: warning: Added loop label VITIS_LOOP_103_2:   [xilinx-label-all-loops]
        for(int h = 0; h < 184; h++)
        ^~~
        VITIS_LOOP_103_2: 
/nethome/mjung76/resnet_rpn_fpn/proj/solution1/.autopilot/db/rpn_top.pp.0.cpp:39357:9: note: FIX-IT applied suggested code changes
/nethome/mjung76/resnet_rpn_fpn/proj/solution1/.autopilot/db/rpn_top.pp.0.cpp:39359:13: warning: Added loop label VITIS_LOOP_105_3:   [xilinx-label-all-loops]
            for(int w = 0; w < 320; w++)
            ^~~
            VITIS_LOOP_105_3: 
/nethome/mjung76/resnet_rpn_fpn/proj/solution1/.autopilot/db/rpn_top.pp.0.cpp:39359:13: note: FIX-IT applied suggested code changes
/nethome/mjung76/resnet_rpn_fpn/proj/solution1/.autopilot/db/rpn_top.pp.0.cpp:39375:5: warning: Added loop label VITIS_LOOP_121_4:   [xilinx-label-all-loops]
    for(int c = 0; c < 256; c++)
    ^~~
    VITIS_LOOP_121_4: 
/nethome/mjung76/resnet_rpn_fpn/proj/solution1/.autopilot/db/rpn_top.pp.0.cpp:39375:5: note: FIX-IT applied suggested code changes
/nethome/mjung76/resnet_rpn_fpn/proj/solution1/.autopilot/db/rpn_top.pp.0.cpp:39377:9: warning: Added loop label VITIS_LOOP_123_5:   [xilinx-label-all-loops]
        for(int h = 0; h < 184; h++)
        ^~~
        VITIS_LOOP_123_5: 
/nethome/mjung76/resnet_rpn_fpn/proj/solution1/.autopilot/db/rpn_top.pp.0.cpp:39377:9: note: FIX-IT applied suggested code changes
/nethome/mjung76/resnet_rpn_fpn/proj/solution1/.autopilot/db/rpn_top.pp.0.cpp:39379:13: warning: Added loop label VITIS_LOOP_125_6:   [xilinx-label-all-loops]
            for(int w = 0; w < 320; w++)
            ^~~
            VITIS_LOOP_125_6: 
/nethome/mjung76/resnet_rpn_fpn/proj/solution1/.autopilot/db/rpn_top.pp.0.cpp:39379:13: note: FIX-IT applied suggested code changes
/nethome/mjung76/resnet_rpn_fpn/proj/solution1/.autopilot/db/rpn_top.pp.0.cpp:39391:5: warning: Added loop label VITIS_LOOP_137_7:   [xilinx-label-all-loops]
    for(int c = 0; c < 256; c++)
    ^~~
    VITIS_LOOP_137_7: 
/nethome/mjung76/resnet_rpn_fpn/proj/solution1/.autopilot/db/rpn_top.pp.0.cpp:39391:5: note: FIX-IT applied suggested code changes
/nethome/mjung76/resnet_rpn_fpn/proj/solution1/.autopilot/db/rpn_top.pp.0.cpp:39393:9: warning: Added loop label VITIS_LOOP_139_8:   [xilinx-label-all-loops]
        for(int h = 0; h < 92; h++)
        ^~~
        VITIS_LOOP_139_8: 
/nethome/mjung76/resnet_rpn_fpn/proj/solution1/.autopilot/db/rpn_top.pp.0.cpp:39393:9: note: FIX-IT applied suggested code changes
/nethome/mjung76/resnet_rpn_fpn/proj/solution1/.autopilot/db/rpn_top.pp.0.cpp:39395:13: warning: Added loop label VITIS_LOOP_141_9:   [xilinx-label-all-loops]
            for(int w = 0; w < 160; w++)
            ^~~
            VITIS_LOOP_141_9: 
/nethome/mjung76/resnet_rpn_fpn/proj/solution1/.autopilot/db/rpn_top.pp.0.cpp:39395:13: note: FIX-IT applied suggested code changes
/nethome/mjung76/resnet_rpn_fpn/proj/solution1/.autopilot/db/rpn_top.pp.0.cpp:39409:5: warning: Added loop label VITIS_LOOP_155_10:   [xilinx-label-all-loops]
    for(int c = 0; c < 256; c++)
    ^~~
    VITIS_LOOP_155_10: 
/nethome/mjung76/resnet_rpn_fpn/proj/solution1/.autopilot/db/rpn_top.pp.0.cpp:39409:5: note: FIX-IT applied suggested code changes
/nethome/mjung76/resnet_rpn_fpn/proj/solution1/.autopilot/db/rpn_top.pp.0.cpp:39411:9: warning: Added loop label VITIS_LOOP_157_11:   [xilinx-label-all-loops]
        for(int h = 0; h < 92; h++)
        ^~~
        VITIS_LOOP_157_11: 
/nethome/mjung76/resnet_rpn_fpn/proj/solution1/.autopilot/db/rpn_top.pp.0.cpp:39411:9: note: FIX-IT applied suggested code changes
/nethome/mjung76/resnet_rpn_fpn/proj/solution1/.autopilot/db/rpn_top.pp.0.cpp:39413:13: warning: Added loop label VITIS_LOOP_159_12:   [xilinx-label-all-loops]
            for(int w = 0; w < 160; w++)
            ^~~
            VITIS_LOOP_159_12: 
/nethome/mjung76/resnet_rpn_fpn/proj/solution1/.autopilot/db/rpn_top.pp.0.cpp:39413:13: note: FIX-IT applied suggested code changes
/nethome/mjung76/resnet_rpn_fpn/proj/solution1/.autopilot/db/rpn_top.pp.0.cpp:39427:5: warning: Added loop label VITIS_LOOP_173_13:   [xilinx-label-all-loops]
    for(int c = 0; c < 256; c++)
    ^~~
    VITIS_LOOP_173_13: 
/nethome/mjung76/resnet_rpn_fpn/proj/solution1/.autopilot/db/rpn_top.pp.0.cpp:39427:5: note: FIX-IT applied suggested code changes
/nethome/mjung76/resnet_rpn_fpn/proj/solution1/.autopilot/db/rpn_top.pp.0.cpp:39429:9: warning: Added loop label VITIS_LOOP_175_14:   [xilinx-label-all-loops]
        for(int h = 0; h < 46; h++)
        ^~~
        VITIS_LOOP_175_14: 
/nethome/mjung76/resnet_rpn_fpn/proj/solution1/.autopilot/db/rpn_top.pp.0.cpp:39429:9: note: FIX-IT applied suggested code changes
/nethome/mjung76/resnet_rpn_fpn/proj/solution1/.autopilot/db/rpn_top.pp.0.cpp:39431:13: warning: Added loop label VITIS_LOOP_177_15:   [xilinx-label-all-loops]
            for(int w = 0; w < 80; w++)
            ^~~
            VITIS_LOOP_177_15: 
/nethome/mjung76/resnet_rpn_fpn/proj/solution1/.autopilot/db/rpn_top.pp.0.cpp:39431:13: note: FIX-IT applied suggested code changes
/nethome/mjung76/resnet_rpn_fpn/proj/solution1/.autopilot/db/rpn_top.pp.0.cpp:39445:5: warning: Added loop label VITIS_LOOP_191_16:   [xilinx-label-all-loops]
    for(int c = 0; c < 256; c++)
    ^~~
    VITIS_LOOP_191_16: 
/nethome/mjung76/resnet_rpn_fpn/proj/solution1/.autopilot/db/rpn_top.pp.0.cpp:39445:5: note: FIX-IT applied suggested code changes
/nethome/mjung76/resnet_rpn_fpn/proj/solution1/.autopilot/db/rpn_top.pp.0.cpp:39447:9: warning: Added loop label VITIS_LOOP_193_17:   [xilinx-label-all-loops]
        for(int h = 0; h < 46; h++)
        ^~~
        VITIS_LOOP_193_17: 
/nethome/mjung76/resnet_rpn_fpn/proj/solution1/.autopilot/db/rpn_top.pp.0.cpp:39447:9: note: FIX-IT applied suggested code changes
/nethome/mjung76/resnet_rpn_fpn/proj/solution1/.autopilot/db/rpn_top.pp.0.cpp:39449:13: warning: Added loop label VITIS_LOOP_195_18:   [xilinx-label-all-loops]
            for(int w = 0; w < 80; w++)
            ^~~
            VITIS_LOOP_195_18: 
/nethome/mjung76/resnet_rpn_fpn/proj/solution1/.autopilot/db/rpn_top.pp.0.cpp:39449:13: note: FIX-IT applied suggested code changes
/nethome/mjung76/resnet_rpn_fpn/proj/solution1/.autopilot/db/rpn_top.pp.0.cpp:39462:5: warning: Added loop label VITIS_LOOP_287_19:   [xilinx-label-all-loops]
    for(int c = 0; c < 256; c++)
    ^~~
    VITIS_LOOP_287_19: 
/nethome/mjung76/resnet_rpn_fpn/proj/solution1/.autopilot/db/rpn_top.pp.0.cpp:39462:5: note: FIX-IT applied suggested code changes
/nethome/mjung76/resnet_rpn_fpn/proj/solution1/.autopilot/db/rpn_top.pp.0.cpp:39464:9: warning: Added loop label VITIS_LOOP_289_20:   [xilinx-label-all-loops]
        for(int h = 0; h < 184; h++)
        ^~~
        VITIS_LOOP_289_20: 
/nethome/mjung76/resnet_rpn_fpn/proj/solution1/.autopilot/db/rpn_top.pp.0.cpp:39464:9: note: FIX-IT applied suggested code changes
/nethome/mjung76/resnet_rpn_fpn/proj/solution1/.autopilot/db/rpn_top.pp.0.cpp:39466:13: warning: Added loop label VITIS_LOOP_291_21:   [xilinx-label-all-loops]
            for(int w = 0; w < 320; w++)
            ^~~
            VITIS_LOOP_291_21: 
/nethome/mjung76/resnet_rpn_fpn/proj/solution1/.autopilot/db/rpn_top.pp.0.cpp:39466:13: note: FIX-IT applied suggested code changes
/nethome/mjung76/resnet_rpn_fpn/proj/solution1/.autopilot/db/rpn_top.pp.0.cpp:39482:5: warning: Added loop label VITIS_LOOP_307_22:   [xilinx-label-all-loops]
    for(int h = 0; h < 184; h++)
    ^~~
    VITIS_LOOP_307_22: 
/nethome/mjung76/resnet_rpn_fpn/proj/solution1/.autopilot/db/rpn_top.pp.0.cpp:39482:5: note: FIX-IT applied suggested code changes
/nethome/mjung76/resnet_rpn_fpn/proj/solution1/.autopilot/db/rpn_top.pp.0.cpp:39484:9: warning: Added loop label VITIS_LOOP_309_23:   [xilinx-label-all-loops]
        for(int w = 0; w < 320; w++)
        ^~~
        VITIS_LOOP_309_23: 
/nethome/mjung76/resnet_rpn_fpn/proj/solution1/.autopilot/db/rpn_top.pp.0.cpp:39484:9: note: FIX-IT applied suggested code changes
/nethome/mjung76/resnet_rpn_fpn/proj/solution1/.autopilot/db/rpn_top.pp.0.cpp:39486:13: warning: Added loop label VITIS_LOOP_311_24:   [xilinx-label-all-loops]
            for(int c = 0; c < 3; c++)
            ^~~
            VITIS_LOOP_311_24: 
/nethome/mjung76/resnet_rpn_fpn/proj/solution1/.autopilot/db/rpn_top.pp.0.cpp:39486:13: note: FIX-IT applied suggested code changes
/nethome/mjung76/resnet_rpn_fpn/proj/solution1/.autopilot/db/rpn_top.pp.0.cpp:39502:5: warning: Added loop label VITIS_LOOP_327_25:   [xilinx-label-all-loops]
    for(int c = 0; c < 256; c++)
    ^~~
    VITIS_LOOP_327_25: 
/nethome/mjung76/resnet_rpn_fpn/proj/solution1/.autopilot/db/rpn_top.pp.0.cpp:39502:5: note: FIX-IT applied suggested code changes
/nethome/mjung76/resnet_rpn_fpn/proj/solution1/.autopilot/db/rpn_top.pp.0.cpp:39504:9: warning: Added loop label VITIS_LOOP_329_26:   [xilinx-label-all-loops]
        for(int h = 0; h < 92; h++)
        ^~~
        VITIS_LOOP_329_26: 
/nethome/mjung76/resnet_rpn_fpn/proj/solution1/.autopilot/db/rpn_top.pp.0.cpp:39504:9: note: FIX-IT applied suggested code changes
/nethome/mjung76/resnet_rpn_fpn/proj/solution1/.autopilot/db/rpn_top.pp.0.cpp:39506:13: warning: Added loop label VITIS_LOOP_331_27:   [xilinx-label-all-loops]
            for(int w = 0; w < 160; w++)
            ^~~
            VITIS_LOOP_331_27: 
/nethome/mjung76/resnet_rpn_fpn/proj/solution1/.autopilot/db/rpn_top.pp.0.cpp:39506:13: note: FIX-IT applied suggested code changes
/nethome/mjung76/resnet_rpn_fpn/proj/solution1/.autopilot/db/rpn_top.pp.0.cpp:39519:5: warning: Added loop label VITIS_LOOP_344_28:   [xilinx-label-all-loops]
    for(int h = 0; h < 92; h++)
    ^~~
    VITIS_LOOP_344_28: 
/nethome/mjung76/resnet_rpn_fpn/proj/solution1/.autopilot/db/rpn_top.pp.0.cpp:39519:5: note: FIX-IT applied suggested code changes
/nethome/mjung76/resnet_rpn_fpn/proj/solution1/.autopilot/db/rpn_top.pp.0.cpp:39521:9: warning: Added loop label VITIS_LOOP_346_29:   [xilinx-label-all-loops]
        for(int w = 0; w < 160; w++)
        ^~~
        VITIS_LOOP_346_29: 
/nethome/mjung76/resnet_rpn_fpn/proj/solution1/.autopilot/db/rpn_top.pp.0.cpp:39521:9: note: FIX-IT applied suggested code changes
/nethome/mjung76/resnet_rpn_fpn/proj/solution1/.autopilot/db/rpn_top.pp.0.cpp:39523:13: warning: Added loop label VITIS_LOOP_348_30:   [xilinx-label-all-loops]
            for(int c = 0; c < 3; c++)
            ^~~
            VITIS_LOOP_348_30: 
/nethome/mjung76/resnet_rpn_fpn/proj/solution1/.autopilot/db/rpn_top.pp.0.cpp:39523:13: note: FIX-IT applied suggested code changes
/nethome/mjung76/resnet_rpn_fpn/proj/solution1/.autopilot/db/rpn_top.pp.0.cpp:39535:5: warning: Added loop label VITIS_LOOP_360_31:   [xilinx-label-all-loops]
    for(int c = 0; c < 256; c++)
    ^~~
    VITIS_LOOP_360_31: 
/nethome/mjung76/resnet_rpn_fpn/proj/solution1/.autopilot/db/rpn_top.pp.0.cpp:39535:5: note: FIX-IT applied suggested code changes
/nethome/mjung76/resnet_rpn_fpn/proj/solution1/.autopilot/db/rpn_top.pp.0.cpp:39537:9: warning: Added loop label VITIS_LOOP_362_32:   [xilinx-label-all-loops]
        for(int h = 0; h < 46; h++)
        ^~~
        VITIS_LOOP_362_32: 
/nethome/mjung76/resnet_rpn_fpn/proj/solution1/.autopilot/db/rpn_top.pp.0.cpp:39537:9: note: FIX-IT applied suggested code changes
/nethome/mjung76/resnet_rpn_fpn/proj/solution1/.autopilot/db/rpn_top.pp.0.cpp:39539:13: warning: Added loop label VITIS_LOOP_364_33:   [xilinx-label-all-loops]
            for(int w = 0; w < 80; w++)
            ^~~
            VITIS_LOOP_364_33: 
/nethome/mjung76/resnet_rpn_fpn/proj/solution1/.autopilot/db/rpn_top.pp.0.cpp:39539:13: note: FIX-IT applied suggested code changes
/nethome/mjung76/resnet_rpn_fpn/proj/solution1/.autopilot/db/rpn_top.pp.0.cpp:39552:5: warning: Added loop label VITIS_LOOP_377_34:   [xilinx-label-all-loops]
    for(int h = 0; h < 46; h++)
    ^~~
    VITIS_LOOP_377_34: 
/nethome/mjung76/resnet_rpn_fpn/proj/solution1/.autopilot/db/rpn_top.pp.0.cpp:39552:5: note: FIX-IT applied suggested code changes
/nethome/mjung76/resnet_rpn_fpn/proj/solution1/.autopilot/db/rpn_top.pp.0.cpp:39554:9: warning: Added loop label VITIS_LOOP_379_35:   [xilinx-label-all-loops]
        for(int w = 0; w < 80; w++)
        ^~~
        VITIS_LOOP_379_35: 
/nethome/mjung76/resnet_rpn_fpn/proj/solution1/.autopilot/db/rpn_top.pp.0.cpp:39554:9: note: FIX-IT applied suggested code changes
/nethome/mjung76/resnet_rpn_fpn/proj/solution1/.autopilot/db/rpn_top.pp.0.cpp:39556:13: warning: Added loop label VITIS_LOOP_381_36:   [xilinx-label-all-loops]
            for(int c = 0; c < 3; c++)
            ^~~
            VITIS_LOOP_381_36: 
/nethome/mjung76/resnet_rpn_fpn/proj/solution1/.autopilot/db/rpn_top.pp.0.cpp:39556:13: note: FIX-IT applied suggested code changes
/nethome/mjung76/resnet_rpn_fpn/proj/solution1/.autopilot/db/rpn_top.pp.0.cpp:39570:5: warning: Added loop label VITIS_LOOP_478_37:   [xilinx-label-all-loops]
    for(int c = 0; c < 256; c++)
    ^~~
    VITIS_LOOP_478_37: 
/nethome/mjung76/resnet_rpn_fpn/proj/solution1/.autopilot/db/rpn_top.pp.0.cpp:39570:5: note: FIX-IT applied suggested code changes
/nethome/mjung76/resnet_rpn_fpn/proj/solution1/.autopilot/db/rpn_top.pp.0.cpp:39572:9: warning: Added loop label VITIS_LOOP_480_38:   [xilinx-label-all-loops]
        for(int h = 0; h < 184; h++)
        ^~~
        VITIS_LOOP_480_38: 
/nethome/mjung76/resnet_rpn_fpn/proj/solution1/.autopilot/db/rpn_top.pp.0.cpp:39572:9: note: FIX-IT applied suggested code changes
/nethome/mjung76/resnet_rpn_fpn/proj/solution1/.autopilot/db/rpn_top.pp.0.cpp:39574:13: warning: Added loop label VITIS_LOOP_482_39:   [xilinx-label-all-loops]
            for(int w = 0; w < 320; w++)
            ^~~
            VITIS_LOOP_482_39: 
/nethome/mjung76/resnet_rpn_fpn/proj/solution1/.autopilot/db/rpn_top.pp.0.cpp:39574:13: note: FIX-IT applied suggested code changes
/nethome/mjung76/resnet_rpn_fpn/proj/solution1/.autopilot/db/rpn_top.pp.0.cpp:39588:5: warning: Added loop label VITIS_LOOP_496_40:   [xilinx-label-all-loops]
    for(int h = 0; h < 184; h++)
    ^~~
    VITIS_LOOP_496_40: 
/nethome/mjung76/resnet_rpn_fpn/proj/solution1/.autopilot/db/rpn_top.pp.0.cpp:39588:5: note: FIX-IT applied suggested code changes
/nethome/mjung76/resnet_rpn_fpn/proj/solution1/.autopilot/db/rpn_top.pp.0.cpp:39590:9: warning: Added loop label VITIS_LOOP_498_41:   [xilinx-label-all-loops]
        for(int w = 0; w < 320; w++)
        ^~~
        VITIS_LOOP_498_41: 
/nethome/mjung76/resnet_rpn_fpn/proj/solution1/.autopilot/db/rpn_top.pp.0.cpp:39590:9: note: FIX-IT applied suggested code changes
/nethome/mjung76/resnet_rpn_fpn/proj/solution1/.autopilot/db/rpn_top.pp.0.cpp:39592:13: warning: Added loop label VITIS_LOOP_500_42:   [xilinx-label-all-loops]
            for(int c = 0; c < 12; c++)
            ^~~
            VITIS_LOOP_500_42: 
/nethome/mjung76/resnet_rpn_fpn/proj/solution1/.autopilot/db/rpn_top.pp.0.cpp:39592:13: note: FIX-IT applied suggested code changes
/nethome/mjung76/resnet_rpn_fpn/proj/solution1/.autopilot/db/rpn_top.pp.0.cpp:39607:5: warning: Added loop label VITIS_LOOP_515_43:   [xilinx-label-all-loops]
    for(int c = 0; c < 256; c++)
    ^~~
    VITIS_LOOP_515_43: 
/nethome/mjung76/resnet_rpn_fpn/proj/solution1/.autopilot/db/rpn_top.pp.0.cpp:39607:5: note: FIX-IT applied suggested code changes
/nethome/mjung76/resnet_rpn_fpn/proj/solution1/.autopilot/db/rpn_top.pp.0.cpp:39609:9: warning: Added loop label VITIS_LOOP_517_44:   [xilinx-label-all-loops]
        for(int h = 0; h < 92; h++)
        ^~~
        VITIS_LOOP_517_44: 
/nethome/mjung76/resnet_rpn_fpn/proj/solution1/.autopilot/db/rpn_top.pp.0.cpp:39609:9: note: FIX-IT applied suggested code changes
/nethome/mjung76/resnet_rpn_fpn/proj/solution1/.autopilot/db/rpn_top.pp.0.cpp:39611:13: warning: Added loop label VITIS_LOOP_519_45:   [xilinx-label-all-loops]
            for(int w = 0; w < 160; w++)
            ^~~
            VITIS_LOOP_519_45: 
/nethome/mjung76/resnet_rpn_fpn/proj/solution1/.autopilot/db/rpn_top.pp.0.cpp:39611:13: note: FIX-IT applied suggested code changes
/nethome/mjung76/resnet_rpn_fpn/proj/solution1/.autopilot/db/rpn_top.pp.0.cpp:39625:5: warning: Added loop label VITIS_LOOP_533_46:   [xilinx-label-all-loops]
    for(int h = 0; h < 92; h++)
    ^~~
    VITIS_LOOP_533_46: 
/nethome/mjung76/resnet_rpn_fpn/proj/solution1/.autopilot/db/rpn_top.pp.0.cpp:39625:5: note: FIX-IT applied suggested code changes
/nethome/mjung76/resnet_rpn_fpn/proj/solution1/.autopilot/db/rpn_top.pp.0.cpp:39627:9: warning: Added loop label VITIS_LOOP_535_47:   [xilinx-label-all-loops]
        for(int w = 0; w < 160; w++)
        ^~~
        VITIS_LOOP_535_47: 
/nethome/mjung76/resnet_rpn_fpn/proj/solution1/.autopilot/db/rpn_top.pp.0.cpp:39627:9: note: FIX-IT applied suggested code changes
/nethome/mjung76/resnet_rpn_fpn/proj/solution1/.autopilot/db/rpn_top.pp.0.cpp:39629:13: warning: Added loop label VITIS_LOOP_537_48:   [xilinx-label-all-loops]
            for(int c = 0; c < 12; c++)
            ^~~
            VITIS_LOOP_537_48: 
/nethome/mjung76/resnet_rpn_fpn/proj/solution1/.autopilot/db/rpn_top.pp.0.cpp:39629:13: note: FIX-IT applied suggested code changes
/nethome/mjung76/resnet_rpn_fpn/proj/solution1/.autopilot/db/rpn_top.pp.0.cpp:39644:5: warning: Added loop label VITIS_LOOP_552_49:   [xilinx-label-all-loops]
    for(int c = 0; c < 256; c++)
    ^~~
    VITIS_LOOP_552_49: 
/nethome/mjung76/resnet_rpn_fpn/proj/solution1/.autopilot/db/rpn_top.pp.0.cpp:39644:5: note: FIX-IT applied suggested code changes
/nethome/mjung76/resnet_rpn_fpn/proj/solution1/.autopilot/db/rpn_top.pp.0.cpp:39646:9: warning: Added loop label VITIS_LOOP_554_50:   [xilinx-label-all-loops]
        for(int h = 0; h < 46; h++)
        ^~~
        VITIS_LOOP_554_50: 
/nethome/mjung76/resnet_rpn_fpn/proj/solution1/.autopilot/db/rpn_top.pp.0.cpp:39646:9: note: FIX-IT applied suggested code changes
/nethome/mjung76/resnet_rpn_fpn/proj/solution1/.autopilot/db/rpn_top.pp.0.cpp:39648:13: warning: Added loop label VITIS_LOOP_556_51:   [xilinx-label-all-loops]
            for(int w = 0; w < 80; w++)
            ^~~
            VITIS_LOOP_556_51: 
/nethome/mjung76/resnet_rpn_fpn/proj/solution1/.autopilot/db/rpn_top.pp.0.cpp:39648:13: note: FIX-IT applied suggested code changes
/nethome/mjung76/resnet_rpn_fpn/proj/solution1/.autopilot/db/rpn_top.pp.0.cpp:39662:5: warning: Added loop label VITIS_LOOP_570_52:   [xilinx-label-all-loops]
    for(int h = 0; h < 46; h++)
    ^~~
    VITIS_LOOP_570_52: 
/nethome/mjung76/resnet_rpn_fpn/proj/solution1/.autopilot/db/rpn_top.pp.0.cpp:39662:5: note: FIX-IT applied suggested code changes
/nethome/mjung76/resnet_rpn_fpn/proj/solution1/.autopilot/db/rpn_top.pp.0.cpp:39664:9: warning: Added loop label VITIS_LOOP_572_53:   [xilinx-label-all-loops]
        for(int w = 0; w < 80; w++)
        ^~~
        VITIS_LOOP_572_53: 
/nethome/mjung76/resnet_rpn_fpn/proj/solution1/.autopilot/db/rpn_top.pp.0.cpp:39664:9: note: FIX-IT applied suggested code changes
/nethome/mjung76/resnet_rpn_fpn/proj/solution1/.autopilot/db/rpn_top.pp.0.cpp:39666:13: warning: Added loop label VITIS_LOOP_574_54:   [xilinx-label-all-loops]
            for(int c = 0; c < 12; c++)
            ^~~
            VITIS_LOOP_574_54: 
/nethome/mjung76/resnet_rpn_fpn/proj/solution1/.autopilot/db/rpn_top.pp.0.cpp:39666:13: note: FIX-IT applied suggested code changes
/nethome/mjung76/resnet_rpn_fpn/proj/solution1/.autopilot/db/rpn_top.pp.0.cpp:39680:5: warning: Added loop label VITIS_LOOP_685_55:   [xilinx-label-all-loops]
    for(int i = 0; i<1000; i++)
    ^~~
    VITIS_LOOP_685_55: 
/nethome/mjung76/resnet_rpn_fpn/proj/solution1/.autopilot/db/rpn_top.pp.0.cpp:39680:5: note: FIX-IT applied suggested code changes
/nethome/mjung76/resnet_rpn_fpn/proj/solution1/.autopilot/db/rpn_top.pp.0.cpp:39684:9: warning: Added loop label VITIS_LOOP_689_56:   [xilinx-label-all-loops]
        for(int j = 0; j<3*184*320; j++)
        ^~~
        VITIS_LOOP_689_56: 
/nethome/mjung76/resnet_rpn_fpn/proj/solution1/.autopilot/db/rpn_top.pp.0.cpp:39684:9: note: FIX-IT applied suggested code changes
/nethome/mjung76/resnet_rpn_fpn/proj/solution1/.autopilot/db/rpn_top.pp.0.cpp:39703:5: warning: Added loop label VITIS_LOOP_708_57:   [xilinx-label-all-loops]
    for(int i = 0; i<1000; i++)
    ^~~
    VITIS_LOOP_708_57: 
/nethome/mjung76/resnet_rpn_fpn/proj/solution1/.autopilot/db/rpn_top.pp.0.cpp:39703:5: note: FIX-IT applied suggested code changes
/nethome/mjung76/resnet_rpn_fpn/proj/solution1/.autopilot/db/rpn_top.pp.0.cpp:39707:9: warning: Added loop label VITIS_LOOP_712_58:   [xilinx-label-all-loops]
        for(int j = 0; j<3*92*160; j++)
        ^~~
        VITIS_LOOP_712_58: 
/nethome/mjung76/resnet_rpn_fpn/proj/solution1/.autopilot/db/rpn_top.pp.0.cpp:39707:9: note: FIX-IT applied suggested code changes
/nethome/mjung76/resnet_rpn_fpn/proj/solution1/.autopilot/db/rpn_top.pp.0.cpp:39726:5: warning: Added loop label VITIS_LOOP_731_59:   [xilinx-label-all-loops]
    for(int i = 0; i<1000; i++)
    ^~~
    VITIS_LOOP_731_59: 
/nethome/mjung76/resnet_rpn_fpn/proj/solution1/.autopilot/db/rpn_top.pp.0.cpp:39726:5: note: FIX-IT applied suggested code changes
/nethome/mjung76/resnet_rpn_fpn/proj/solution1/.autopilot/db/rpn_top.pp.0.cpp:39730:9: warning: Added loop label VITIS_LOOP_735_60:   [xilinx-label-all-loops]
        for(int j = 0; j<3*46*80; j++)
        ^~~
        VITIS_LOOP_735_60: 
/nethome/mjung76/resnet_rpn_fpn/proj/solution1/.autopilot/db/rpn_top.pp.0.cpp:39730:9: note: FIX-IT applied suggested code changes
