
****** Vitis HLS - High-Level Synthesis from C, C++ and OpenCL v2023.1.1 (64-bit)
  **** SW Build 3869133 on Jun 15 2023
  **** IP Build 3900379 on Sat Jun 17 05:28:05 MDT 2023
  **** SharedData Build 3899622 on Fri Jun 16 03:34:24 MDT 2023
    ** Copyright 1986-2022 Xilinx, Inc. All Rights Reserved.
    ** Copyright 2022-2023 Advanced Micro Devices, Inc. All Rights Reserved.

source /tools/software/xilinx/Vitis_HLS/2023.1/scripts/vitis_hls/hls.tcl -notrace
INFO: [HLS 200-10] Running '/tools/software/xilinx/Vitis_HLS/2023.1/bin/unwrapped/lnx64.o/vitis_hls'
INFO: [HLS 200-10] For user 'mjung76' on host 'ece-linlabsrv01.ece.gatech.edu' (Linux_x86_64 version 4.18.0-477.15.1.el8_8.x86_64) on Sat Sep 16 21:10:25 EDT 2023
INFO: [HLS 200-10] On os "Red Hat Enterprise Linux release 8.8 (Ootpa)"
INFO: [HLS 200-10] In directory '/nethome/mjung76/resnet_rpn_fpn'
Sourcing Tcl script 'script.tcl'
INFO: [HLS 200-1510] Running: source script.tcl
INFO: [HLS 200-1510] Running: open_project proj 
INFO: [HLS 200-10] Opening project '/nethome/mjung76/resnet_rpn_fpn/proj'.
INFO: [HLS 200-1510] Running: set_top fpn_top 
INFO: [HLS 200-1510] Running: add_files ./fpn_conv_1x1.cpp 
INFO: [HLS 200-10] Adding design file './fpn_conv_1x1.cpp' to the project
INFO: [HLS 200-1510] Running: add_files ./fpn_conv_3x3.cpp 
INFO: [HLS 200-10] Adding design file './fpn_conv_3x3.cpp' to the project
INFO: [HLS 200-1510] Running: add_files ./fpn_tiled_conv_fpn_0.cpp 
INFO: [HLS 200-10] Adding design file './fpn_tiled_conv_fpn_0.cpp' to the project
INFO: [HLS 200-1510] Running: add_files ./fpn_tiled_conv_fpn_1.cpp 
INFO: [HLS 200-10] Adding design file './fpn_tiled_conv_fpn_1.cpp' to the project
INFO: [HLS 200-1510] Running: add_files ./fpn_tiled_conv_fpn_2.cpp 
INFO: [HLS 200-10] Adding design file './fpn_tiled_conv_fpn_2.cpp' to the project
INFO: [HLS 200-1510] Running: add_files ./fpn_tiled_conv_fpn_3.cpp 
INFO: [HLS 200-10] Adding design file './fpn_tiled_conv_fpn_3.cpp' to the project
INFO: [HLS 200-1510] Running: add_files ./fpn_tiled_conv_lateral_0.cpp 
INFO: [HLS 200-10] Adding design file './fpn_tiled_conv_lateral_0.cpp' to the project
INFO: [HLS 200-1510] Running: add_files ./fpn_tiled_conv_lateral_1.cpp 
INFO: [HLS 200-10] Adding design file './fpn_tiled_conv_lateral_1.cpp' to the project
INFO: [HLS 200-1510] Running: add_files ./fpn_tiled_conv_lateral_2.cpp 
INFO: [HLS 200-10] Adding design file './fpn_tiled_conv_lateral_2.cpp' to the project
INFO: [HLS 200-1510] Running: add_files ./fpn_tiled_conv_lateral_3.cpp 
INFO: [HLS 200-10] Adding design file './fpn_tiled_conv_lateral_3.cpp' to the project
INFO: [HLS 200-1510] Running: add_files ./fpn_top.cpp 
INFO: [HLS 200-10] Adding design file './fpn_top.cpp' to the project
INFO: [HLS 200-1510] Running: add_files ./fpn_utils.cpp 
INFO: [HLS 200-10] Adding design file './fpn_utils.cpp' to the project
INFO: [HLS 200-1510] Running: set_top resnet_top 
INFO: [HLS 200-1510] Running: add_files ./resnet_batchnorm.cpp 
INFO: [HLS 200-10] Adding design file './resnet_batchnorm.cpp' to the project
INFO: [HLS 200-1510] Running: add_files ./resnet_conv_1x1.cpp 
INFO: [HLS 200-10] Adding design file './resnet_conv_1x1.cpp' to the project
INFO: [HLS 200-1510] Running: add_files ./resnet_conv_3x3.cpp 
INFO: [HLS 200-10] Adding design file './resnet_conv_3x3.cpp' to the project
INFO: [HLS 200-1510] Running: add_files ./resnet_conv_7x7.cpp 
INFO: [HLS 200-10] Adding design file './resnet_conv_7x7.cpp' to the project
INFO: [HLS 200-1510] Running: add_files ./resnet_top.cpp 
INFO: [HLS 200-10] Adding design file './resnet_top.cpp' to the project
INFO: [HLS 200-1510] Running: set_top rpn_top 
INFO: [HLS 200-1510] Running: add_files ./rpn_conv_1x1.cpp 
INFO: [HLS 200-10] Adding design file './rpn_conv_1x1.cpp' to the project
INFO: [HLS 200-1510] Running: add_files ./rpn_conv_3x3.cpp 
INFO: [HLS 200-10] Adding design file './rpn_conv_3x3.cpp' to the project
INFO: [HLS 200-1510] Running: add_files ./rpn_top.cpp 
INFO: [HLS 200-10] Adding design file './rpn_top.cpp' to the project
INFO: [HLS 200-1510] Running: add_files -tb ./tb_test_top.cpp 
INFO: [HLS 200-10] Adding test bench file './tb_test_top.cpp' to the project
INFO: [HLS 200-1510] Running: add_files -tb ./test_top.cpp 
INFO: [HLS 200-10] Adding test bench file './test_top.cpp' to the project
INFO: [HLS 200-1510] Running: open_solution solution1 -flow_target vivado 
INFO: [HLS 200-10] Opening solution '/nethome/mjung76/resnet_rpn_fpn/proj/solution1'.
INFO: [SYN 201-201] Setting up clock 'default' with a period of 10ns.
INFO: [HLS 200-1611] Setting target device to 'xczu9eg-ffvb1156-2-e'
INFO: [HLS 200-1505] Using flow_target 'vivado'
Resolution: For help on HLS 200-1505 see www.xilinx.com/cgi-bin/docs/rdoc?v=2023.1;t=hls+guidance;d=200-1505.html
INFO: [HLS 200-1510] Running: set_part xczu9eg-ffvb1156-2-e 
INFO: [HLS 200-1510] Running: create_clock -period 10 -name default 
INFO: [HLS 200-1510] Running: csynth_design 
WARNING: [HLS 200-1998] cannot find relative file path '../../bin' in directory(s): /nethome/mjung76/resnet_rpn_fpn/proj/solution /nethome/mjung76/resnet_rpn_fpn
WARNING: [HLS 200-40] Cannot find source file ./resent_layer1.cpp; skipping it.
INFO: [HLS 200-111] Finished File checks and directory preparation: CPU user time: 0.09 seconds. CPU system time: 0.02 seconds. Elapsed time: 0.15 seconds; current allocated memory: 1.486 GB.
INFO: [HLS 200-10] Analyzing design file './resnet_layer1.cpp' ... 
ERROR: [HLS 207-3777] use of undeclared identifier 'resnet_layer_in_fm'; did you mean 'resnet_layer1_input_fm'? (./resnet_layer1.cpp:37:17)
INFO: [HLS 207-4436] 'resnet_layer1_input_fm' declared here (./resnet_layer1.cpp:6:14)
ERROR: [HLS 207-3776] use of undeclared identifier 'ds_fm' (./resnet_layer1.cpp:58:17)
ERROR: [HLS 207-3776] use of undeclared identifier 'resnet_layer_out_fm' (./resnet_layer1.cpp:58:34)
ERROR: [HLS 207-3777] use of undeclared identifier 'resnet_layer_in_fm'; did you mean 'resnet_layer1_input_fm'? (./resnet_layer1.cpp:80:17)
ERROR: [HLS 207-3776] use of undeclared identifier 'resnet_layer_out_fm' (./resnet_layer1.cpp:80:47)
ERROR: [HLS 207-3777] use of undeclared identifier 'resnet_layer_in_fm'; did you mean 'resnet_layer1_input_fm'? (./resnet_layer1.cpp:103:17)
ERROR: [HLS 207-3776] use of undeclared identifier 'resnet_layer_out_fm' (./resnet_layer1.cpp:103:47)
ERROR: [HLS 207-2982] no template named 'resnet_bottleneck_conv3_bn3_add_relu'; did you mean 'resnet_bottleneck_conv3_bn3_relu'? (./resnet_layer1.cpp:114:5)
INFO: [HLS 207-4436] 'resnet_bottleneck_conv3_bn3_relu' declared here (./qdtrack.h:495:6)
ERROR: [HLS 207-3777] use of undeclared identifier 'resnet_layer_in_fm'; did you mean 'resnet_layer1_input_fm'? (./resnet_layer1.cpp:126:17)
ERROR: [HLS 207-3776] use of undeclared identifier 'resnet_layer_out_fm' (./resnet_layer1.cpp:126:47)
ERROR: [HLS 207-3776] use of undeclared identifier 'ds_fm' (./resnet_layer1.cpp:127:17)
ERROR: [HLS 207-3776] use of undeclared identifier 'resnet_layer_out_fm' (./resnet_layer1.cpp:127:34)
ERROR: [HLS 207-3777] use of undeclared identifier 'resnet_layer_in_fm'; did you mean 'resnet_layer1_input_fm'? (./resnet_layer1.cpp:150:17)
ERROR: [HLS 207-3776] use of undeclared identifier 'resnet_layer_out_fm' (./resnet_layer1.cpp:150:47)
ERROR: [HLS 207-3777] use of undeclared identifier 'resnet_layer_in_fm'; did you mean 'resnet_layer1_input_fm'? (./resnet_layer1.cpp:172:17)
ERROR: [HLS 207-3776] use of undeclared identifier 'resnet_layer_out_fm' (./resnet_layer1.cpp:172:47)
ERROR: [HLS 207-2982] no template named 'resnet_bottleneck_conv3_bn3_add_relu'; did you mean 'resnet_bottleneck_conv3_bn3_relu'? (./resnet_layer1.cpp:183:5)
ERROR: [HLS 207-3777] use of undeclared identifier 'resnet_layer_in_fm'; did you mean 'resnet_layer1_input_fm'? (./resnet_layer1.cpp:194:17)
ERROR: [HLS 207-3776] use of undeclared identifier 'resnet_layer_out_fm' (./resnet_layer1.cpp:194:47)
ERROR: [HLS 207-59] too many errors emitted, stopping now
INFO: [HLS 200-111] Finished Command csynth_design CPU user time: 1.2 seconds. CPU system time: 0.51 seconds. Elapsed time: 3.45 seconds; current allocated memory: 0.000 MB.
 
    while executing
"source script.tcl"
    invoked from within
"hls::main script.tcl"
    ("uplevel" body line 1)
    invoked from within
"uplevel 1 hls::main {*}$newargs"
    (procedure "hls_proc" line 16)
    invoked from within
"hls_proc [info nameofexecutable] $argv"
INFO: [HLS 200-112] Total CPU user time: 6.87 seconds. Total CPU system time: 2.52 seconds. Total elapsed time: 17.38 seconds; peak allocated memory: 1.486 GB.
INFO: [Common 17-206] Exiting vitis_hls at Sat Sep 16 21:10:38 2023...
